;  LST file generated by mikroListExporter - v.2.0 
; Date/Time: 11/22/2013 7:04:59 PM
;----------------------------------------------

;Address Opcode 	ASM
0x0000	0x2B95      	GOTO       917
_interrupt:
0x0004	0x0870      	MOVF       R0, 0
0x0005	0x0020      	MOVLB      0
0x0006	0x00A2      	MOVWF      34
0x0007	0x0871      	MOVF       R1, 0
0x0008	0x00A1      	MOVWF      33
0x0009	0x018A      	CLRF       PCLATH
0x000A	0x0183      	CLRF       STATUS
;MyProject.c,40 :: 		void interrupt(void){
;MyProject.c,42 :: 		PIR2.CCP2IF = 0;
0x000B	0x1012      	BCF        PIR2, 0
;MyProject.c,43 :: 		last = curr;
0x000C	0x0829      	MOVF       _curr, 0
0x000D	0x00A3      	MOVWF      _last
0x000E	0x082A      	MOVF       _curr+1, 0
0x000F	0x00A4      	MOVWF      _last+1
0x0010	0x082B      	MOVF       _curr+2, 0
0x0011	0x00A5      	MOVWF      _last+2
0x0012	0x082C      	MOVF       _curr+3, 0
0x0013	0x00A6      	MOVWF      _last+3
;MyProject.c,44 :: 		curr = convert(adc_read(4));
0x0014	0x3004      	MOVLW      4
0x0015	0x00DA      	MOVWF      FARG_ADC_Read_channel
0x0016	0x234B      	CALL       _ADC_Read
0x0017	0x0870      	MOVF       R0, 0
0x0018	0x0020      	MOVLB      0
0x0019	0x00DA      	MOVWF      FARG_convert_rawdat
0x001A	0x0871      	MOVF       R1, 0
0x001B	0x00DB      	MOVWF      FARG_convert_rawdat+1
0x001C	0x21E9      	CALL       _convert
0x001D	0x0870      	MOVF       R0, 0
0x001E	0x00A9      	MOVWF      _curr
0x001F	0x0871      	MOVF       R1, 0
0x0020	0x00AA      	MOVWF      _curr+1
0x0021	0x0872      	MOVF       R2, 0
0x0022	0x00AB      	MOVWF      _curr+2
0x0023	0x0873      	MOVF       R3, 0
0x0024	0x00AC      	MOVWF      _curr+3
;MyProject.c,45 :: 		for(k=(SAMPLES-1);k>0;k--)
0x0025	0x3004      	MOVLW      4
0x0026	0x00D6      	MOVWF      interrupt_k_L0
0x0027	0x3000      	MOVLW      0
0x0028	0x00D7      	MOVWF      interrupt_k_L0+1
L_interrupt2:
0x0029	0x3080      	MOVLW      128
0x002A	0x00F0      	MOVWF      R0
0x002B	0x3080      	MOVLW      128
0x002C	0x0657      	XORWF      interrupt_k_L0+1, 0
0x002D	0x0270      	SUBWF      R0, 0
0x002E	0x1D03      	BTFSS      STATUS, 2
0x002F	0x2832      	GOTO       L__interrupt12
0x0030	0x0856      	MOVF       interrupt_k_L0, 0
0x0031	0x3C00      	SUBLW      0
L__interrupt12:
0x0032	0x1803      	BTFSC      STATUS, 0
0x0033	0x287E      	GOTO       L_interrupt3
;MyProject.c,46 :: 		y[k]=(1-ALPHA)*y[k-1];
0x0034	0x0856      	MOVF       interrupt_k_L0, 0
0x0035	0x00F0      	MOVWF      R0
0x0036	0x0857      	MOVF       interrupt_k_L0+1, 0
0x0037	0x00F1      	MOVWF      R1
0x0038	0x35F0      	LSLF       R0, 1
0x0039	0x0DF1      	RLF        R1, 1
0x003A	0x35F0      	LSLF       R0, 1
0x003B	0x0DF1      	RLF        R1, 1
0x003C	0x3041      	MOVLW      _y
0x003D	0x0770      	ADDWF      R0, 0
0x003E	0x00D8      	MOVWF      FLOC__interrupt
0x003F	0x3000      	MOVLW      hi_addr(_y)
0x0040	0x3D71      	ADDWFC     R1, 0
0x0041	0x00D9      	MOVWF      FLOC__interrupt+1
0x0042	0x3001      	MOVLW      1
0x0043	0x0256      	SUBWF      interrupt_k_L0, 0
0x0044	0x00F3      	MOVWF      R3
0x0045	0x3000      	MOVLW      0
0x0046	0x3B57      	SUBWFB     interrupt_k_L0+1, 0
0x0047	0x00F4      	MOVWF      R4
0x0048	0x0873      	MOVF       R3, 0
0x0049	0x00F0      	MOVWF      R0
0x004A	0x0874      	MOVF       R4, 0
0x004B	0x00F1      	MOVWF      R1
0x004C	0x35F0      	LSLF       R0, 1
0x004D	0x0DF1      	RLF        R1, 1
0x004E	0x35F0      	LSLF       R0, 1
0x004F	0x0DF1      	RLF        R1, 1
0x0050	0x3041      	MOVLW      _y
0x0051	0x0770      	ADDWF      R0, 0
0x0052	0x0084      	MOVWF      FSR0
0x0053	0x3000      	MOVLW      hi_addr(_y)
0x0054	0x3D71      	ADDWFC     R1, 0
0x0055	0x0085      	MOVWF      FSR0H
0x0056	0x0800      	MOVF       INDF0, 0
0x0057	0x00F0      	MOVWF      R0
0x0058	0x3101      	ADDFSR     0, 1
0x0059	0x0800      	MOVF       INDF0, 0
0x005A	0x00F1      	MOVWF      R1
0x005B	0x3101      	ADDFSR     0, 1
0x005C	0x0800      	MOVF       INDF0, 0
0x005D	0x00F2      	MOVWF      R2
0x005E	0x3101      	ADDFSR     0, 1
0x005F	0x0800      	MOVF       INDF0, 0
0x0060	0x00F3      	MOVWF      R3
0x0061	0x30C6      	MOVLW      198
0x0062	0x00F4      	MOVWF      R4
0x0063	0x30C4      	MOVLW      196
0x0064	0x00F5      	MOVWF      R5
0x0065	0x3066      	MOVLW      102
0x0066	0x00F6      	MOVWF      R6
0x0067	0x307D      	MOVLW      125
0x0068	0x00F7      	MOVWF      R7
0x0069	0x21F0      	CALL       _Mul_32x32_FP
0x006A	0x0858      	MOVF       FLOC__interrupt, 0
0x006B	0x0086      	MOVWF      FSR1
0x006C	0x0859      	MOVF       FLOC__interrupt+1, 0
0x006D	0x0087      	MOVWF      FSR1H
0x006E	0x0870      	MOVF       R0, 0
0x006F	0x0081      	MOVWF      INDF1
0x0070	0x0871      	MOVF       R1, 0
0x0071	0x3141      	ADDFSR     1, 1
0x0072	0x0081      	MOVWF      INDF1
0x0073	0x0872      	MOVF       R2, 0
0x0074	0x3141      	ADDFSR     1, 1
0x0075	0x0081      	MOVWF      INDF1
0x0076	0x0873      	MOVF       R3, 0
0x0077	0x3141      	ADDFSR     1, 1
0x0078	0x0081      	MOVWF      INDF1
;MyProject.c,45 :: 		for(k=(SAMPLES-1);k>0;k--)
0x0079	0x3001      	MOVLW      1
0x007A	0x02D6      	SUBWF      interrupt_k_L0, 1
0x007B	0x3000      	MOVLW      0
0x007C	0x3BD7      	SUBWFB     interrupt_k_L0+1, 1
;MyProject.c,46 :: 		y[k]=(1-ALPHA)*y[k-1];
0x007D	0x2829      	GOTO       L_interrupt2
L_interrupt3:
;MyProject.c,47 :: 		y[0] = (0.005*(last+curr))*ALPHA;
0x007E	0x0823      	MOVF       _last, 0
0x007F	0x00F0      	MOVWF      R0
0x0080	0x0824      	MOVF       _last+1, 0
0x0081	0x00F1      	MOVWF      R1
0x0082	0x0825      	MOVF       _last+2, 0
0x0083	0x00F2      	MOVWF      R2
0x0084	0x0826      	MOVF       _last+3, 0
0x0085	0x00F3      	MOVWF      R3
0x0086	0x0829      	MOVF       _curr, 0
0x0087	0x00F4      	MOVWF      R4
0x0088	0x082A      	MOVF       _curr+1, 0
0x0089	0x00F5      	MOVWF      R5
0x008A	0x082B      	MOVF       _curr+2, 0
0x008B	0x00F6      	MOVWF      R6
0x008C	0x082C      	MOVF       _curr+3, 0
0x008D	0x00F7      	MOVWF      R7
0x008E	0x22AC      	CALL       _Add_32x32_FP
0x008F	0x300A      	MOVLW      10
0x0090	0x00F4      	MOVWF      R4
0x0091	0x30D7      	MOVLW      215
0x0092	0x00F5      	MOVWF      R5
0x0093	0x3023      	MOVLW      35
0x0094	0x00F6      	MOVWF      R6
0x0095	0x3077      	MOVLW      119
0x0096	0x00F7      	MOVWF      R7
0x0097	0x21F0      	CALL       _Mul_32x32_FP
0x0098	0x309D      	MOVLW      157
0x0099	0x00F4      	MOVWF      R4
0x009A	0x309D      	MOVLW      157
0x009B	0x00F5      	MOVWF      R5
0x009C	0x300C      	MOVLW      12
0x009D	0x00F6      	MOVWF      R6
0x009E	0x307E      	MOVLW      126
0x009F	0x00F7      	MOVWF      R7
0x00A0	0x21F0      	CALL       _Mul_32x32_FP
0x00A1	0x0870      	MOVF       R0, 0
0x00A2	0x00C1      	MOVWF      _y
0x00A3	0x0871      	MOVF       R1, 0
0x00A4	0x00C2      	MOVWF      _y+1
0x00A5	0x0872      	MOVF       R2, 0
0x00A6	0x00C3      	MOVWF      _y+2
0x00A7	0x0873      	MOVF       R3, 0
0x00A8	0x00C4      	MOVWF      _y+3
;MyProject.c,48 :: 		for(k=0;k<SAMPLES;k++)
0x00A9	0x01D6      	CLRF       interrupt_k_L0
0x00AA	0x01D7      	CLRF       interrupt_k_L0+1
L_interrupt5:
0x00AB	0x3080      	MOVLW      128
0x00AC	0x0657      	XORWF      interrupt_k_L0+1, 0
0x00AD	0x00F0      	MOVWF      R0
0x00AE	0x3080      	MOVLW      128
0x00AF	0x0270      	SUBWF      R0, 0
0x00B0	0x1D03      	BTFSS      STATUS, 2
0x00B1	0x28B4      	GOTO       L__interrupt13
0x00B2	0x3005      	MOVLW      5
0x00B3	0x0256      	SUBWF      interrupt_k_L0, 0
L__interrupt13:
0x00B4	0x1803      	BTFSC      STATUS, 0
0x00B5	0x28E2      	GOTO       L_interrupt6
;MyProject.c,49 :: 		outangle += y[k];
0x00B6	0x0856      	MOVF       interrupt_k_L0, 0
0x00B7	0x00F0      	MOVWF      R0
0x00B8	0x0857      	MOVF       interrupt_k_L0+1, 0
0x00B9	0x00F1      	MOVWF      R1
0x00BA	0x35F0      	LSLF       R0, 1
0x00BB	0x0DF1      	RLF        R1, 1
0x00BC	0x35F0      	LSLF       R0, 1
0x00BD	0x0DF1      	RLF        R1, 1
0x00BE	0x3041      	MOVLW      _y
0x00BF	0x0770      	ADDWF      R0, 0
0x00C0	0x00D8      	MOVWF      FLOC__interrupt
0x00C1	0x3000      	MOVLW      hi_addr(_y)
0x00C2	0x3D71      	ADDWFC     R1, 0
0x00C3	0x00D9      	MOVWF      FLOC__interrupt+1
0x00C4	0x0827      	MOVF       _outangle, 0
0x00C5	0x00F0      	MOVWF      R0
0x00C6	0x0828      	MOVF       _outangle+1, 0
0x00C7	0x00F1      	MOVWF      R1
0x00C8	0x214B      	CALL       _Int2Double
0x00C9	0x0858      	MOVF       FLOC__interrupt, 0
0x00CA	0x0084      	MOVWF      FSR0
0x00CB	0x0859      	MOVF       FLOC__interrupt+1, 0
0x00CC	0x0085      	MOVWF      FSR0H
0x00CD	0x0800      	MOVF       INDF0, 0
0x00CE	0x00F4      	MOVWF      R4
0x00CF	0x3101      	ADDFSR     0, 1
0x00D0	0x0800      	MOVF       INDF0, 0
0x00D1	0x00F5      	MOVWF      R5
0x00D2	0x3101      	ADDFSR     0, 1
0x00D3	0x0800      	MOVF       INDF0, 0
0x00D4	0x00F6      	MOVWF      R6
0x00D5	0x3101      	ADDFSR     0, 1
0x00D6	0x0800      	MOVF       INDF0, 0
0x00D7	0x00F7      	MOVWF      R7
0x00D8	0x22AC      	CALL       _Add_32x32_FP
0x00D9	0x2250      	CALL       _Double2Int
0x00DA	0x0870      	MOVF       R0, 0
0x00DB	0x00A7      	MOVWF      _outangle
0x00DC	0x0871      	MOVF       R1, 0
0x00DD	0x00A8      	MOVWF      _outangle+1
;MyProject.c,48 :: 		for(k=0;k<SAMPLES;k++)
0x00DE	0x0AD6      	INCF       interrupt_k_L0, 1
0x00DF	0x1903      	BTFSC      STATUS, 2
0x00E0	0x0AD7      	INCF       interrupt_k_L0+1, 1
;MyProject.c,49 :: 		outangle += y[k];
0x00E1	0x28AB      	GOTO       L_interrupt5
L_interrupt6:
;MyProject.c,50 :: 		}
L_end_interrupt:
L__interrupt11:
0x00E2	0x0822      	MOVF       34, 0
0x00E3	0x00F0      	MOVWF      R0
0x00E4	0x0821      	MOVF       33, 0
0x00E5	0x00F1      	MOVWF      R1
0x00E6	0x0009      	RETFIE     %s
; end of _interrupt
_RES032:
;__Lib_MathDouble.c,123 :: 		
;__Lib_MathDouble.c,128 :: 		
0x00E7	0x01F2      	CLRF       R2
;__Lib_MathDouble.c,129 :: 		
0x00E8	0x01F1      	CLRF       R1
;__Lib_MathDouble.c,130 :: 		
0x00E9	0x01F0      	CLRF       R0
;__Lib_MathDouble.c,131 :: 		
0x00EA	0x01F8      	CLRF       R8
;__Lib_MathDouble.c,132 :: 		
0x00EB	0x01F3      	CLRF       R3
;__Lib_MathDouble.c,133 :: 		
0x00EC	0x3000      	MOVLW      0
;__Lib_MathDouble.c,135 :: 		
L_end_RES032:
0x00ED	0x0008      	RETURN
; end of _RES032
_SETFUN32:
;__Lib_MathDouble.c,138 :: 		
;__Lib_MathDouble.c,145 :: 		
0x00EE	0x157B      	BSF        R11, 2
;__Lib_MathDouble.c,146 :: 		
0x00EF	0x1FFB      	BTFSS      R11, 7
;__Lib_MathDouble.c,147 :: 		
0x00F0	0x28F8      	GOTO       SETFUN32EEE
;__Lib_MathDouble.c,148 :: 		
0x00F1	0x3001      	MOVLW      1
;__Lib_MathDouble.c,149 :: 		
0x00F2	0x00F3      	MOVWF      R3
;__Lib_MathDouble.c,150 :: 		
0x00F3	0x01F2      	CLRF       R2
;__Lib_MathDouble.c,151 :: 		
0x00F4	0x01F1      	CLRF       R1
;__Lib_MathDouble.c,152 :: 		
0x00F5	0x01F0      	CLRF       R0
;__Lib_MathDouble.c,153 :: 		
0x00F6	0x0DFA      	RLF        R10, 1
;__Lib_MathDouble.c,154 :: 		
0x00F7	0x0CF2      	RRF        R2, 1
;__Lib_MathDouble.c,155 :: 		
SETFUN32EEE:
;__Lib_MathDouble.c,156 :: 		
0x00F8	0x30FF      	MOVLW      255
;__Lib_MathDouble.c,158 :: 		
L_end_SETFUN32:
0x00F9	0x0008      	RETURN
; end of _SETFUN32
_FIXSIGN32:
;__Lib_MathDouble.c,112 :: 		
;__Lib_MathDouble.c,116 :: 		
0x00FA	0x1FFA      	BTFSS      R10, 7
;__Lib_MathDouble.c,117 :: 		
0x00FB	0x13F2      	BCF        R2, 7
;__Lib_MathDouble.c,118 :: 		
0x00FC	0x3000      	MOVLW      0
;__Lib_MathDouble.c,120 :: 		
L_end_FIXSIGN32:
0x00FD	0x0008      	RETURN
; end of _FIXSIGN32
_Delay_22us:
;__Lib_Delays.c,15 :: 		void Delay_22us() {
;__Lib_Delays.c,16 :: 		Delay_us(22);
0x00FE	0x301D      	MOVLW      29
0x00FF	0x00FD      	MOVWF      R13
L_Delay_22us1:
0x0100	0x0BFD      	DECFSZ     R13, 1
0x0101	0x2900      	GOTO       L_Delay_22us1
;__Lib_Delays.c,17 :: 		}
L_end_Delay_22us:
0x0102	0x0008      	RETURN
; end of _Delay_22us
_NRM3232:
;__Lib_MathDouble.c,167 :: 		
;__Lib_MathDouble.c,173 :: 		
;__Lib_MathDouble.c,175 :: 		
0x0103	0x01A0      	CLRF       __math_tempbD
;__Lib_MathDouble.c,176 :: 		
0x0104	0x0872      	MOVF       R2, 0
;__Lib_MathDouble.c,177 :: 		
0x0105	0x1D03      	BTFSS      STATUS, 2
;__Lib_MathDouble.c,178 :: 		
0x0106	0x2918      	GOTO       NORM3232
;__Lib_MathDouble.c,179 :: 		
0x0107	0x0871      	MOVF       R1, 0
;__Lib_MathDouble.c,180 :: 		
0x0108	0x00F2      	MOVWF      R2
;__Lib_MathDouble.c,181 :: 		
0x0109	0x0870      	MOVF       R0, 0
;__Lib_MathDouble.c,182 :: 		
0x010A	0x00F1      	MOVWF      R1
;__Lib_MathDouble.c,183 :: 		
0x010B	0x01F0      	CLRF       R0
;__Lib_MathDouble.c,184 :: 		
0x010C	0x15A0      	BSF        __math_tempbD, 3
;__Lib_MathDouble.c,186 :: 		
0x010D	0x0872      	MOVF       R2, 0
;__Lib_MathDouble.c,187 :: 		
0x010E	0x1D03      	BTFSS      STATUS, 2
;__Lib_MathDouble.c,188 :: 		
0x010F	0x2918      	GOTO       NORM3232
;__Lib_MathDouble.c,189 :: 		
0x0110	0x0871      	MOVF       R1, 0
;__Lib_MathDouble.c,190 :: 		
0x0111	0x00F2      	MOVWF      R2
;__Lib_MathDouble.c,191 :: 		
0x0112	0x01F1      	CLRF       R1
;__Lib_MathDouble.c,192 :: 		
0x0113	0x11A0      	BCF        __math_tempbD, 3
;__Lib_MathDouble.c,193 :: 		
0x0114	0x1620      	BSF        __math_tempbD, 4
;__Lib_MathDouble.c,195 :: 		
0x0115	0x0872      	MOVF       R2, 0
;__Lib_MathDouble.c,196 :: 		
0x0116	0x1903      	BTFSC      STATUS, 2
;__Lib_MathDouble.c,197 :: 		
0x0117	0x2926      	GOTO       JPNRES032
;__Lib_MathDouble.c,198 :: 		
NORM3232:
;__Lib_MathDouble.c,199 :: 		
0x0118	0x0820      	MOVF       __math_tempbD, 0
;__Lib_MathDouble.c,200 :: 		
0x0119	0x02F3      	SUBWF      R3, 1
;__Lib_MathDouble.c,201 :: 		
0x011A	0x1D03      	BTFSS      STATUS, 2
;__Lib_MathDouble.c,202 :: 		
0x011B	0x1C03      	BTFSS      STATUS, 0
;__Lib_MathDouble.c,203 :: 		
0x011C	0x292A      	GOTO       JPNSETFUN32
;__Lib_MathDouble.c,204 :: 		
0x011D	0x1003      	BCF        STATUS, 0
;__Lib_MathDouble.c,205 :: 		
NORM3232A:
;__Lib_MathDouble.c,206 :: 		
0x011E	0x1BF2      	BTFSC      R2, 7
;__Lib_MathDouble.c,207 :: 		
0x011F	0x292E      	GOTO       JMPNFIXSIGN32
;__Lib_MathDouble.c,208 :: 		
0x0120	0x0DF0      	RLF        R0, 1
;__Lib_MathDouble.c,209 :: 		
0x0121	0x0DF1      	RLF        R1, 1
;__Lib_MathDouble.c,210 :: 		
0x0122	0x0DF2      	RLF        R2, 1
;__Lib_MathDouble.c,211 :: 		
0x0123	0x0BF3      	DECFSZ     R3, 1
;__Lib_MathDouble.c,212 :: 		
0x0124	0x291E      	GOTO       NORM3232A
;__Lib_MathDouble.c,213 :: 		
0x0125	0x292A      	GOTO       JPNSETFUN32
;__Lib_MathDouble.c,214 :: 		
JPNRES032:
;__Lib_MathDouble.c,215 :: 		
0x0126	0x3001      	MOVLW      1
;__Lib_MathDouble.c,216 :: 		
0x0127	0x00FC      	MOVWF      R12
;__Lib_MathDouble.c,218 :: 		
0x0128	0x20E7      	CALL       _RES032
;__Lib_MathDouble.c,220 :: 		
0x0129	0x2931      	GOTO       NORM32EEE
;__Lib_MathDouble.c,221 :: 		
JPNSETFUN32:
;__Lib_MathDouble.c,222 :: 		
0x012A	0x3002      	MOVLW      2
;__Lib_MathDouble.c,223 :: 		
0x012B	0x00FC      	MOVWF      R12
;__Lib_MathDouble.c,225 :: 		
0x012C	0x20EE      	CALL       _SETFUN32
;__Lib_MathDouble.c,227 :: 		
0x012D	0x2931      	GOTO       NORM32EEE
;__Lib_MathDouble.c,228 :: 		
JMPNFIXSIGN32:
;__Lib_MathDouble.c,229 :: 		
0x012E	0x3004      	MOVLW      4
;__Lib_MathDouble.c,230 :: 		
0x012F	0x00FC      	MOVWF      R12
;__Lib_MathDouble.c,232 :: 		
0x0130	0x20FA      	CALL       _FIXSIGN32
;__Lib_MathDouble.c,234 :: 		
NORM32EEE:
;__Lib_MathDouble.c,236 :: 		
L_end_NRM3232:
0x0131	0x0008      	RETURN
; end of _NRM3232
_SETFOV32:
;__Lib_MathDouble.c,79 :: 		
;__Lib_MathDouble.c,86 :: 		
0x0132	0x14FB      	BSF        R11, 1
;__Lib_MathDouble.c,87 :: 		
0x0133	0x1FFB      	BTFSS      R11, 7
;__Lib_MathDouble.c,88 :: 		
0x0134	0x293C      	GOTO       SETFOV32EEE
;__Lib_MathDouble.c,89 :: 		
0x0135	0x30FF      	MOVLW      255
;__Lib_MathDouble.c,90 :: 		
0x0136	0x00F3      	MOVWF      R3
;__Lib_MathDouble.c,91 :: 		
0x0137	0x00F2      	MOVWF      R2
;__Lib_MathDouble.c,92 :: 		
0x0138	0x00F1      	MOVWF      R1
;__Lib_MathDouble.c,93 :: 		
0x0139	0x00F0      	MOVWF      R0
;__Lib_MathDouble.c,94 :: 		
0x013A	0x0DFA      	RLF        R10, 1
;__Lib_MathDouble.c,95 :: 		
0x013B	0x0CF2      	RRF        R2, 1
;__Lib_MathDouble.c,96 :: 		
SETFOV32EEE:
;__Lib_MathDouble.c,97 :: 		
0x013C	0x30FF      	MOVLW      255
;__Lib_MathDouble.c,99 :: 		
L_end_SETFOV32:
0x013D	0x0008      	RETURN
; end of _SETFOV32
_SETIOV3224:
;__Lib_MathDouble.c,996 :: 		
;__Lib_MathDouble.c,1002 :: 		
0x013E	0x147B      	BSF        R11, 0
;__Lib_MathDouble.c,1003 :: 		
0x013F	0x1FFB      	BTFSS      R11, 7
;__Lib_MathDouble.c,1004 :: 		
0x0140	0x2949      	GOTO       SETIOV3224EEE
;__Lib_MathDouble.c,1006 :: 		
0x0141	0x01F2      	CLRF       R2
;__Lib_MathDouble.c,1007 :: 		
0x0142	0x1FFA      	BTFSS      R10, 7
;__Lib_MathDouble.c,1008 :: 		
0x0143	0x30FF      	MOVLW      255
;__Lib_MathDouble.c,1009 :: 		
0x0144	0x00F2      	MOVWF      R2
;__Lib_MathDouble.c,1010 :: 		
0x0145	0x00F1      	MOVWF      R1
;__Lib_MathDouble.c,1011 :: 		
0x0146	0x00F0      	MOVWF      R0
;__Lib_MathDouble.c,1012 :: 		
0x0147	0x0DFA      	RLF        R10, 1
;__Lib_MathDouble.c,1013 :: 		
0x0148	0x0CF2      	RRF        R2, 1
;__Lib_MathDouble.c,1014 :: 		
SETIOV3224EEE:
;__Lib_MathDouble.c,1015 :: 		
0x0149	0x30FF      	MOVLW      255
;__Lib_MathDouble.c,1017 :: 		
L_end_SETIOV3224:
0x014A	0x0008      	RETURN
; end of _SETIOV3224
_Int2Double:
;__Lib_MathDouble.c,1802 :: 		
;__Lib_MathDouble.c,1808 :: 		
0x014B	0x0020      	MOVLB      0
;__Lib_MathDouble.c,1809 :: 		
0x014C	0x0870      	MOVF       R0, 0
;__Lib_MathDouble.c,1810 :: 		
0x014D	0x00F8      	MOVWF      R8
;__Lib_MathDouble.c,1811 :: 		
0x014E	0x0871      	MOVF       R1, 0
;__Lib_MathDouble.c,1812 :: 		
0x014F	0x00F0      	MOVWF      R0
;__Lib_MathDouble.c,1813 :: 		
0x0150	0x01F1      	CLRF       R1
;__Lib_MathDouble.c,1814 :: 		
0x0151	0x01F2      	CLRF       R2
;__Lib_MathDouble.c,1815 :: 		
0x0152	0x01F3      	CLRF       R3
;__Lib_MathDouble.c,1818 :: 		
0x0153	0x01FB      	CLRF       R11
;__Lib_MathDouble.c,1819 :: 		
0x0154	0x01FC      	CLRF       R12
;__Lib_MathDouble.c,1821 :: 		
0x0155	0x3096      	MOVLW      150
;__Lib_MathDouble.c,1822 :: 		
0x0156	0x00F3      	MOVWF      R3
;__Lib_MathDouble.c,1823 :: 		
0x0157	0x01FA      	CLRF       R10
;__Lib_MathDouble.c,1824 :: 		
0x0158	0x1FF0      	BTFSS      R0, 7
;__Lib_MathDouble.c,1825 :: 		
0x0159	0x2960      	GOTO       FLO1632EEE
;__Lib_MathDouble.c,1827 :: 		
0x015A	0x09F8      	COMF       R8, 1
;__Lib_MathDouble.c,1828 :: 		
0x015B	0x09F0      	COMF       R0, 1
;__Lib_MathDouble.c,1830 :: 		
0x015C	0x0AF8      	INCF       R8, 1
;__Lib_MathDouble.c,1831 :: 		
0x015D	0x1903      	BTFSC      STATUS, 2
;__Lib_MathDouble.c,1832 :: 		
0x015E	0x0AF0      	INCF       R0, 1
;__Lib_MathDouble.c,1834 :: 		
0x015F	0x17FA      	BSF        R10, 7
;__Lib_MathDouble.c,1835 :: 		
FLO1632EEE:
;__Lib_MathDouble.c,1836 :: 		
0x0160	0x0870      	MOVF       R0, 0
;__Lib_MathDouble.c,1837 :: 		
0x0161	0x00F1      	MOVWF      R1
;__Lib_MathDouble.c,1838 :: 		
0x0162	0x0878      	MOVF       R8, 0
;__Lib_MathDouble.c,1839 :: 		
0x0163	0x00F0      	MOVWF      R0
;__Lib_MathDouble.c,1840 :: 		
0x0164	0x01F8      	CLRF       R8
;__Lib_MathDouble.c,1841 :: 		
0x0165	0x01F2      	CLRF       R2
;__Lib_MathDouble.c,1843 :: 		
0x0166	0x2103      	CALL       _NRM3232
;__Lib_MathDouble.c,1844 :: 		
L_end_Int2Double:
0x0167	0x0008      	RETURN
; end of _Int2Double
_NRM4032:
;__Lib_MathDouble.c,245 :: 		
;__Lib_MathDouble.c,252 :: 		
;__Lib_MathDouble.c,254 :: 		
0x0168	0x187C      	BTFSC      R12, 0
;__Lib_MathDouble.c,255 :: 		
0x0169	0x299E      	GOTO       NRMRND4032
;__Lib_MathDouble.c,256 :: 		
0x016A	0x18FC      	BTFSC      R12, 1
;__Lib_MathDouble.c,257 :: 		
0x016B	0x296F      	GOTO       NRM4032
;__Lib_MathDouble.c,258 :: 		
0x016C	0x197C      	BTFSC      R12, 2
;__Lib_MathDouble.c,259 :: 		
0x016D	0x29BD      	GOTO       JMPSETFOV32
;__Lib_MathDouble.c,260 :: 		
0x016E	0x2968      	GOTO       $-6
;__Lib_MathDouble.c,261 :: 		
NRM4032:
;__Lib_MathDouble.c,262 :: 		
0x016F	0x01A0      	CLRF       __math_tempbD
;__Lib_MathDouble.c,263 :: 		
0x0170	0x0872      	MOVF       R2, 0
;__Lib_MathDouble.c,264 :: 		
0x0171	0x1D03      	BTFSS      STATUS, 2
;__Lib_MathDouble.c,265 :: 		
0x0172	0x298F      	GOTO       NORM4032
;__Lib_MathDouble.c,266 :: 		
0x0173	0x0871      	MOVF       R1, 0
;__Lib_MathDouble.c,267 :: 		
0x0174	0x00F2      	MOVWF      R2
;__Lib_MathDouble.c,268 :: 		
0x0175	0x0870      	MOVF       R0, 0
;__Lib_MathDouble.c,269 :: 		
0x0176	0x00F1      	MOVWF      R1
;__Lib_MathDouble.c,270 :: 		
0x0177	0x0878      	MOVF       R8, 0
;__Lib_MathDouble.c,271 :: 		
0x0178	0x00F0      	MOVWF      R0
;__Lib_MathDouble.c,272 :: 		
0x0179	0x01F8      	CLRF       R8
;__Lib_MathDouble.c,273 :: 		
0x017A	0x15A0      	BSF        __math_tempbD, 3
;__Lib_MathDouble.c,275 :: 		
0x017B	0x0872      	MOVF       R2, 0
;__Lib_MathDouble.c,276 :: 		
0x017C	0x1D03      	BTFSS      STATUS, 2
;__Lib_MathDouble.c,277 :: 		
0x017D	0x298F      	GOTO       NORM4032
;__Lib_MathDouble.c,278 :: 		
0x017E	0x0871      	MOVF       R1, 0
;__Lib_MathDouble.c,279 :: 		
0x017F	0x00F2      	MOVWF      R2
;__Lib_MathDouble.c,280 :: 		
0x0180	0x0870      	MOVF       R0, 0
;__Lib_MathDouble.c,281 :: 		
0x0181	0x00F1      	MOVWF      R1
;__Lib_MathDouble.c,282 :: 		
0x0182	0x01F0      	CLRF       R0
;__Lib_MathDouble.c,283 :: 		
0x0183	0x11A0      	BCF        __math_tempbD, 3
;__Lib_MathDouble.c,284 :: 		
0x0184	0x1620      	BSF        __math_tempbD, 4
;__Lib_MathDouble.c,286 :: 		
0x0185	0x0872      	MOVF       R2, 0
;__Lib_MathDouble.c,287 :: 		
0x0186	0x1D03      	BTFSS      STATUS, 2
;__Lib_MathDouble.c,288 :: 		
0x0187	0x298F      	GOTO       NORM4032
;__Lib_MathDouble.c,289 :: 		
0x0188	0x0871      	MOVF       R1, 0
;__Lib_MathDouble.c,290 :: 		
0x0189	0x00F2      	MOVWF      R2
;__Lib_MathDouble.c,291 :: 		
0x018A	0x01F1      	CLRF       R1
;__Lib_MathDouble.c,292 :: 		
0x018B	0x15A0      	BSF        __math_tempbD, 3
;__Lib_MathDouble.c,294 :: 		
0x018C	0x0872      	MOVF       R2, 0
;__Lib_MathDouble.c,295 :: 		
0x018D	0x1903      	BTFSC      STATUS, 2
;__Lib_MathDouble.c,296 :: 		
0x018E	0x29B1      	GOTO       JMPRES032
;__Lib_MathDouble.c,297 :: 		
NORM4032:
;__Lib_MathDouble.c,298 :: 		
0x018F	0x0820      	MOVF       __math_tempbD, 0
;__Lib_MathDouble.c,299 :: 		
0x0190	0x02F3      	SUBWF      R3, 1
;__Lib_MathDouble.c,300 :: 		
0x0191	0x1D03      	BTFSS      STATUS, 2
;__Lib_MathDouble.c,301 :: 		
0x0192	0x1C03      	BTFSS      STATUS, 0
;__Lib_MathDouble.c,302 :: 		
0x0193	0x29B5      	GOTO       JMPSETFUN32
;__Lib_MathDouble.c,303 :: 		
0x0194	0x1003      	BCF        STATUS, 0
;__Lib_MathDouble.c,304 :: 		
NORM4032A:
;__Lib_MathDouble.c,305 :: 		
0x0195	0x1BF2      	BTFSC      R2, 7
;__Lib_MathDouble.c,306 :: 		
0x0196	0x299E      	GOTO       NRMRND4032
;__Lib_MathDouble.c,307 :: 		
0x0197	0x0DF8      	RLF        R8, 1
;__Lib_MathDouble.c,308 :: 		
0x0198	0x0DF0      	RLF        R0, 1
;__Lib_MathDouble.c,309 :: 		
0x0199	0x0DF1      	RLF        R1, 1
;__Lib_MathDouble.c,310 :: 		
0x019A	0x0DF2      	RLF        R2, 1
;__Lib_MathDouble.c,311 :: 		
0x019B	0x0BF3      	DECFSZ     R3, 1
;__Lib_MathDouble.c,312 :: 		
0x019C	0x2995      	GOTO       NORM4032A
;__Lib_MathDouble.c,313 :: 		
0x019D	0x29B5      	GOTO       JMPSETFUN32
;__Lib_MathDouble.c,314 :: 		
NRMRND4032:
;__Lib_MathDouble.c,315 :: 		
0x019E	0x1B7B      	BTFSC      R11, 6
;__Lib_MathDouble.c,316 :: 		
0x019F	0x1C70      	BTFSS      R0, 0
;__Lib_MathDouble.c,317 :: 		
0x01A0	0x29B9      	GOTO       JMPFIXSIGN32
;__Lib_MathDouble.c,318 :: 		
0x01A1	0x1FF8      	BTFSS      R8, 7
;__Lib_MathDouble.c,319 :: 		
0x01A2	0x29B9      	GOTO       JMPFIXSIGN32
;__Lib_MathDouble.c,320 :: 		
0x01A3	0x0AF0      	INCF       R0, 1
;__Lib_MathDouble.c,321 :: 		
0x01A4	0x1903      	BTFSC      STATUS, 2
;__Lib_MathDouble.c,322 :: 		
0x01A5	0x0AF1      	INCF       R1, 1
;__Lib_MathDouble.c,323 :: 		
0x01A6	0x1903      	BTFSC      STATUS, 2
;__Lib_MathDouble.c,324 :: 		
0x01A7	0x0AF2      	INCF       R2, 1
;__Lib_MathDouble.c,325 :: 		
0x01A8	0x1D03      	BTFSS      STATUS, 2
;__Lib_MathDouble.c,326 :: 		
0x01A9	0x29B9      	GOTO       JMPFIXSIGN32
;__Lib_MathDouble.c,327 :: 		
0x01AA	0x0CF2      	RRF        R2, 1
;__Lib_MathDouble.c,328 :: 		
0x01AB	0x0CF1      	RRF        R1, 1
;__Lib_MathDouble.c,329 :: 		
0x01AC	0x0CF0      	RRF        R0, 1
;__Lib_MathDouble.c,330 :: 		
0x01AD	0x0AF3      	INCF       R3, 1
;__Lib_MathDouble.c,331 :: 		
0x01AE	0x1903      	BTFSC      STATUS, 2
;__Lib_MathDouble.c,332 :: 		
0x01AF	0x29BD      	GOTO       JMPSETFOV32
;__Lib_MathDouble.c,333 :: 		
0x01B0	0x29B9      	GOTO       JMPFIXSIGN32
;__Lib_MathDouble.c,334 :: 		
JMPRES032:
;__Lib_MathDouble.c,335 :: 		
0x01B1	0x3001      	MOVLW      1
;__Lib_MathDouble.c,336 :: 		
0x01B2	0x00FC      	MOVWF      R12
;__Lib_MathDouble.c,338 :: 		
0x01B3	0x20E7      	CALL       _RES032
;__Lib_MathDouble.c,340 :: 		
0x01B4	0x29C0      	GOTO       NRM4032EEE
;__Lib_MathDouble.c,341 :: 		
JMPSETFUN32:
;__Lib_MathDouble.c,342 :: 		
0x01B5	0x3002      	MOVLW      2
;__Lib_MathDouble.c,343 :: 		
0x01B6	0x00FC      	MOVWF      R12
;__Lib_MathDouble.c,345 :: 		
0x01B7	0x20EE      	CALL       _SETFUN32
;__Lib_MathDouble.c,347 :: 		
0x01B8	0x29C0      	GOTO       NRM4032EEE
;__Lib_MathDouble.c,348 :: 		
JMPFIXSIGN32:
;__Lib_MathDouble.c,349 :: 		
0x01B9	0x3004      	MOVLW      4
;__Lib_MathDouble.c,350 :: 		
0x01BA	0x00FC      	MOVWF      R12
;__Lib_MathDouble.c,352 :: 		
0x01BB	0x20FA      	CALL       _FIXSIGN32
;__Lib_MathDouble.c,354 :: 		
0x01BC	0x29C0      	GOTO       NRM4032EEE
;__Lib_MathDouble.c,355 :: 		
JMPSETFOV32:
;__Lib_MathDouble.c,356 :: 		
0x01BD	0x3008      	MOVLW      8
;__Lib_MathDouble.c,357 :: 		
0x01BE	0x00FC      	MOVWF      R12
;__Lib_MathDouble.c,359 :: 		
0x01BF	0x2132      	CALL       _SETFOV32
;__Lib_MathDouble.c,361 :: 		
NRM4032EEE:
;__Lib_MathDouble.c,362 :: 		
0x01C0	0x0000      	NOP
;__Lib_MathDouble.c,370 :: 		
L_end_NRM4032:
0x01C1	0x0008      	RETURN
; end of _NRM4032
_ADC_Get_Sample:
;__Lib_ADC.c,27 :: 		
;__Lib_ADC.c,28 :: 		
0x01C2	0x3083      	MOVLW      131
0x01C3	0x0021      	MOVLB      1
0x01C4	0x059D      	ANDWF      ADCON0, 1
;__Lib_ADC.c,29 :: 		
0x01C5	0x0020      	MOVLB      0
0x01C6	0x085C      	MOVF       FARG_ADC_Get_Sample_channel, 0
0x01C7	0x00F0      	MOVWF      R0
0x01C8	0x35F0      	LSLF       R0, 1
0x01C9	0x35F0      	LSLF       R0, 1
0x01CA	0x0870      	MOVF       R0, 0
0x01CB	0x0021      	MOVLB      1
0x01CC	0x049D      	IORWF       ADCON0, 1
;__Lib_ADC.c,32 :: 		
0x01CD	0x20FE      	CALL       _Delay_22us
;__Lib_ADC.c,35 :: 		
0x01CE	0x149D      	BSF        GO_NOT_DONE_bit, 1
;__Lib_ADC.c,38 :: 		
L_ADC_Get_Sample0:
0x01CF	0x1C9D      	BTFSS      GO_NOT_DONE_bit, 1
0x01D0	0x29D2      	GOTO       L_ADC_Get_Sample1
;__Lib_ADC.c,39 :: 		
0x01D1	0x29CF      	GOTO       L_ADC_Get_Sample0
L_ADC_Get_Sample1:
;__Lib_ADC.c,41 :: 		
0x01D2	0x081C      	MOVF       ADRESH, 0
0x01D3	0x00F1      	MOVWF      R1
0x01D4	0x01F0      	CLRF       R0
0x01D5	0x081B      	MOVF       ADRESL, 0
0x01D6	0x04F0      	IORWF       R0, 1
0x01D7	0x3000      	MOVLW      0
0x01D8	0x04F1      	IORWF       R1, 1
;__Lib_ADC.c,42 :: 		
L_end_ADC_Get_Sample:
0x01D9	0x0008      	RETURN
; end of _ADC_Get_Sample
_ADC_Init:
;__Lib_ADC.c,19 :: 		
;__Lib_ADC.c,20 :: 		
0x01DA	0x30C2      	MOVLW      _ADC_Get_Sample
0x01DB	0x0020      	MOVLB      0
0x01DC	0x00AD      	MOVWF      _ADC_Get_Sample_Ptr
0x01DD	0x3001      	MOVLW      hi_addr(_ADC_Get_Sample)
0x01DE	0x00AE      	MOVWF      _ADC_Get_Sample_Ptr+1
0x01DF	0x305C      	MOVLW      FARG_ADC_Get_Sample_channel
0x01E0	0x00AF      	MOVWF      _ADC_Get_Sample_Ptr+2
0x01E1	0x3000      	MOVLW      hi_addr(FARG_ADC_Get_Sample_channel)
0x01E2	0x00B0      	MOVWF      _ADC_Get_Sample_Ptr+3
;__Lib_ADC.c,21 :: 		
0x01E3	0x30F0      	MOVLW      240
0x01E4	0x0021      	MOVLB      1
0x01E5	0x009E      	MOVWF      ADCON1
;__Lib_ADC.c,22 :: 		
0x01E6	0x019D      	CLRF       ADCON0
;__Lib_ADC.c,23 :: 		
0x01E7	0x141D      	BSF        ADON_bit, 0
;__Lib_ADC.c,24 :: 		
L_end_ADC_Init:
0x01E8	0x0008      	RETURN
; end of _ADC_Init
_convert:
;MyProject.c,33 :: 		float convert(int rawdat) {
;MyProject.c,36 :: 		retdat = (float)rawdat;
0x01E9	0x0020      	MOVLB      0
0x01EA	0x085A      	MOVF       FARG_convert_rawdat, 0
0x01EB	0x00F0      	MOVWF      R0
0x01EC	0x085B      	MOVF       FARG_convert_rawdat+1, 0
0x01ED	0x00F1      	MOVWF      R1
0x01EE	0x214B      	CALL       _Int2Double
;MyProject.c,37 :: 		return retdat;
;MyProject.c,38 :: 		}
L_end_convert:
0x01EF	0x0008      	RETURN
; end of _convert
_Mul_32x32_FP:
;__Lib_MathDouble.c,608 :: 		
;__Lib_MathDouble.c,620 :: 		
;__Lib_MathDouble.c,622 :: 		
0x01F0	0x0020      	MOVLB      0
;__Lib_MathDouble.c,624 :: 		
0x01F1	0x01FB      	CLRF       R11
;__Lib_MathDouble.c,625 :: 		
0x01F2	0x0873      	MOVF       R3, 0
;__Lib_MathDouble.c,626 :: 		
0x01F3	0x1D03      	BTFSS      STATUS, 2
;__Lib_MathDouble.c,627 :: 		
0x01F4	0x0877      	MOVF       R7, 0
;__Lib_MathDouble.c,628 :: 		
0x01F5	0x1903      	BTFSC      STATUS, 2
;__Lib_MathDouble.c,629 :: 		
0x01F6	0x2A46      	GOTO       JPMRES032
;__Lib_MathDouble.c,631 :: 		
0x01F7	0x0872      	MOVF       R2, 0
;__Lib_MathDouble.c,632 :: 		
0x01F8	0x0676      	XORWF      R6, 0
;__Lib_MathDouble.c,633 :: 		
0x01F9	0x00FA      	MOVWF      R10
;__Lib_MathDouble.c,634 :: 		
0x01FA	0x0877      	MOVF       R7, 0
;__Lib_MathDouble.c,635 :: 		
0x01FB	0x07F3      	ADDWF      R3, 1
;__Lib_MathDouble.c,636 :: 		
0x01FC	0x307E      	MOVLW      126
;__Lib_MathDouble.c,637 :: 		
0x01FD	0x1C03      	BTFSS      STATUS, 0
;__Lib_MathDouble.c,638 :: 		
0x01FE	0x2A03      	GOTO       MTUN32
;__Lib_MathDouble.c,639 :: 		
0x01FF	0x02F3      	SUBWF      R3, 1
;__Lib_MathDouble.c,640 :: 		
0x0200	0x1803      	BTFSC      STATUS, 0
;__Lib_MathDouble.c,641 :: 		
0x0201	0x2A49      	GOTO       JPMSETFOV32
;__Lib_MathDouble.c,642 :: 		
0x0202	0x2A06      	GOTO       MOK32
;__Lib_MathDouble.c,643 :: 		
MTUN32:
;__Lib_MathDouble.c,644 :: 		
0x0203	0x02F3      	SUBWF      R3, 1
;__Lib_MathDouble.c,645 :: 		
0x0204	0x1C03      	BTFSS      STATUS, 0
;__Lib_MathDouble.c,646 :: 		
0x0205	0x2A4C      	GOTO       JPMSETFUN32
;__Lib_MathDouble.c,647 :: 		
MOK32:
;__Lib_MathDouble.c,648 :: 		
0x0206	0x0872      	MOVF       R2, 0
;__Lib_MathDouble.c,649 :: 		
0x0207	0x00F8      	MOVWF      R8
;__Lib_MathDouble.c,650 :: 		
0x0208	0x0871      	MOVF       R1, 0
;__Lib_MathDouble.c,651 :: 		
0x0209	0x00FC      	MOVWF      R12
;__Lib_MathDouble.c,652 :: 		
0x020A	0x0870      	MOVF       R0, 0
;__Lib_MathDouble.c,653 :: 		
0x020B	0x00FD      	MOVWF      R13
;__Lib_MathDouble.c,654 :: 		
0x020C	0x17F8      	BSF        R8, 7
;__Lib_MathDouble.c,655 :: 		
0x020D	0x17F6      	BSF        R6, 7
;__Lib_MathDouble.c,656 :: 		
0x020E	0x1003      	BCF        STATUS, 0
;__Lib_MathDouble.c,657 :: 		
0x020F	0x01F2      	CLRF       R2
;__Lib_MathDouble.c,658 :: 		
0x0210	0x01F1      	CLRF       R1
;__Lib_MathDouble.c,659 :: 		
0x0211	0x01F0      	CLRF       R0
;__Lib_MathDouble.c,660 :: 		
0x0212	0x3018      	MOVLW      24
;__Lib_MathDouble.c,661 :: 		
0x0213	0x00A0      	MOVWF      __math_tempbD
;__Lib_MathDouble.c,662 :: 		
MLOOP32:
;__Lib_MathDouble.c,663 :: 		
0x0214	0x1C7D      	BTFSS      R13, 0
;__Lib_MathDouble.c,664 :: 		
0x0215	0x2A20      	GOTO       MNOADD32
;__Lib_MathDouble.c,666 :: 		
0x0216	0x0874      	MOVF       R4, 0
;__Lib_MathDouble.c,667 :: 		
0x0217	0x07F0      	ADDWF      R0, 1
;__Lib_MathDouble.c,668 :: 		
0x0218	0x0875      	MOVF       R5, 0
;__Lib_MathDouble.c,669 :: 		
0x0219	0x1803      	BTFSC      STATUS, 0
;__Lib_MathDouble.c,670 :: 		
0x021A	0x0F75      	INCFSZ     R5, 0
;__Lib_MathDouble.c,671 :: 		
0x021B	0x07F1      	ADDWF      R1, 1
;__Lib_MathDouble.c,672 :: 		
0x021C	0x0876      	MOVF       R6, 0
;__Lib_MathDouble.c,673 :: 		
0x021D	0x1803      	BTFSC      STATUS, 0
;__Lib_MathDouble.c,674 :: 		
0x021E	0x0F76      	INCFSZ     R6, 0
;__Lib_MathDouble.c,675 :: 		
0x021F	0x07F2      	ADDWF      R2, 1
;__Lib_MathDouble.c,676 :: 		
MNOADD32:
;__Lib_MathDouble.c,677 :: 		
0x0220	0x0CF2      	RRF        R2, 1
;__Lib_MathDouble.c,678 :: 		
0x0221	0x0CF1      	RRF        R1, 1
;__Lib_MathDouble.c,679 :: 		
0x0222	0x0CF0      	RRF        R0, 1
;__Lib_MathDouble.c,680 :: 		
0x0223	0x0CF8      	RRF        R8, 1
;__Lib_MathDouble.c,681 :: 		
0x0224	0x0CFC      	RRF        R12, 1
;__Lib_MathDouble.c,682 :: 		
0x0225	0x0CFD      	RRF        R13, 1
;__Lib_MathDouble.c,683 :: 		
0x0226	0x1003      	BCF        STATUS, 0
;__Lib_MathDouble.c,684 :: 		
0x0227	0x0BA0      	DECFSZ     __math_tempbD, 1
;__Lib_MathDouble.c,685 :: 		
0x0228	0x2A14      	GOTO       MLOOP32
;__Lib_MathDouble.c,686 :: 		
0x0229	0x1BF2      	BTFSC      R2, 7
;__Lib_MathDouble.c,687 :: 		
0x022A	0x2A30      	GOTO       MROUND32
;__Lib_MathDouble.c,688 :: 		
0x022B	0x0DF8      	RLF        R8, 1
;__Lib_MathDouble.c,689 :: 		
0x022C	0x0DF0      	RLF        R0, 1
;__Lib_MathDouble.c,690 :: 		
0x022D	0x0DF1      	RLF        R1, 1
;__Lib_MathDouble.c,691 :: 		
0x022E	0x0DF2      	RLF        R2, 1
;__Lib_MathDouble.c,692 :: 		
0x022F	0x03F3      	DECF       R3, 1
;__Lib_MathDouble.c,693 :: 		
MROUND32:
;__Lib_MathDouble.c,694 :: 		
0x0230	0x1B7B      	BTFSC      R11, 6
;__Lib_MathDouble.c,695 :: 		
0x0231	0x1C70      	BTFSS      R0, 0
;__Lib_MathDouble.c,696 :: 		
0x0232	0x2A42      	GOTO       MUL32OK
;__Lib_MathDouble.c,697 :: 		
0x0233	0x1FF8      	BTFSS      R8, 7
;__Lib_MathDouble.c,698 :: 		
0x0234	0x2A42      	GOTO       MUL32OK
;__Lib_MathDouble.c,699 :: 		
0x0235	0x0AF0      	INCF       R0, 1
;__Lib_MathDouble.c,700 :: 		
0x0236	0x1903      	BTFSC      STATUS, 2
;__Lib_MathDouble.c,701 :: 		
0x0237	0x0AF1      	INCF       R1, 1
;__Lib_MathDouble.c,702 :: 		
0x0238	0x1903      	BTFSC      STATUS, 2
;__Lib_MathDouble.c,703 :: 		
0x0239	0x0AF2      	INCF       R2, 1
;__Lib_MathDouble.c,704 :: 		
0x023A	0x1D03      	BTFSS      STATUS, 2
;__Lib_MathDouble.c,705 :: 		
0x023B	0x2A42      	GOTO       MUL32OK
;__Lib_MathDouble.c,706 :: 		
0x023C	0x0CF2      	RRF        R2, 1
;__Lib_MathDouble.c,707 :: 		
0x023D	0x0CF1      	RRF        R1, 1
;__Lib_MathDouble.c,708 :: 		
0x023E	0x0CF0      	RRF        R0, 1
;__Lib_MathDouble.c,709 :: 		
0x023F	0x0AF3      	INCF       R3, 1
;__Lib_MathDouble.c,710 :: 		
0x0240	0x1903      	BTFSC      STATUS, 2
;__Lib_MathDouble.c,711 :: 		
0x0241	0x2A49      	GOTO       JPMSETFOV32
;__Lib_MathDouble.c,712 :: 		
MUL32OK:
;__Lib_MathDouble.c,713 :: 		
0x0242	0x1FFA      	BTFSS      R10, 7
;__Lib_MathDouble.c,714 :: 		
0x0243	0x13F2      	BCF        R2, 7
;__Lib_MathDouble.c,715 :: 		
0x0244	0x3000      	MOVLW      0
;__Lib_MathDouble.c,717 :: 		
0x0245	0x2A4E      	GOTO       MUL32EEE
;__Lib_MathDouble.c,718 :: 		
JPMRES032:
;__Lib_MathDouble.c,719 :: 		
0x0246	0x3001      	MOVLW      1
;__Lib_MathDouble.c,722 :: 		
0x0247	0x20E7      	CALL       _RES032
;__Lib_MathDouble.c,724 :: 		
0x0248	0x2A4E      	GOTO       MUL32EEE
;__Lib_MathDouble.c,725 :: 		
JPMSETFOV32:
;__Lib_MathDouble.c,726 :: 		
0x0249	0x3002      	MOVLW      2
;__Lib_MathDouble.c,729 :: 		
0x024A	0x2132      	CALL       _SETFOV32
;__Lib_MathDouble.c,731 :: 		
0x024B	0x2A4E      	GOTO       MUL32EEE
;__Lib_MathDouble.c,732 :: 		
JPMSETFUN32:
;__Lib_MathDouble.c,733 :: 		
0x024C	0x3004      	MOVLW      4
;__Lib_MathDouble.c,736 :: 		
0x024D	0x20EE      	CALL       _SETFUN32
;__Lib_MathDouble.c,738 :: 		
MUL32EEE:
;__Lib_MathDouble.c,739 :: 		
0x024E	0x0000      	NOP
;__Lib_MathDouble.c,746 :: 		
L_end_Mul_32x32_FP:
0x024F	0x0008      	RETURN
; end of _Mul_32x32_FP
_Double2Int:
;__Lib_MathDouble.c,1385 :: 		
;__Lib_MathDouble.c,1393 :: 		
0x0250	0x0020      	MOVLB      0
;__Lib_MathDouble.c,1395 :: 		
0x0251	0x01FB      	CLRF       R11
;__Lib_MathDouble.c,1396 :: 		
0x0252	0x0873      	MOVF       R3, 0
;__Lib_MathDouble.c,1397 :: 		
0x0253	0x1903      	BTFSC      STATUS, 2
;__Lib_MathDouble.c,1398 :: 		
0x0254	0x2A8C      	GOTO       IRES016
;__Lib_MathDouble.c,1400 :: 		
0x0255	0x0872      	MOVF       R2, 0
;__Lib_MathDouble.c,1401 :: 		
0x0256	0x00FA      	MOVWF      R10
;__Lib_MathDouble.c,1402 :: 		
0x0257	0x17F2      	BSF        R2, 7
;__Lib_MathDouble.c,1404 :: 		
0x0258	0x308E      	MOVLW      142
;__Lib_MathDouble.c,1405 :: 		
0x0259	0x02F3      	SUBWF      R3, 1
;__Lib_MathDouble.c,1406 :: 		
0x025A	0x1FF3      	BTFSS      R3, 7
;__Lib_MathDouble.c,1407 :: 		
0x025B	0x2A8F      	GOTO       SETIOV16
;__Lib_MathDouble.c,1408 :: 		
0x025C	0x09F3      	COMF       R3, 1
;__Lib_MathDouble.c,1409 :: 		
0x025D	0x0AF3      	INCF       R3, 1
;__Lib_MathDouble.c,1411 :: 		
0x025E	0x3008      	MOVLW      8
;__Lib_MathDouble.c,1412 :: 		
0x025F	0x0273      	SUBWF      R3, 0
;__Lib_MathDouble.c,1413 :: 		
0x0260	0x1C03      	BTFSS      STATUS, 0
;__Lib_MathDouble.c,1414 :: 		
0x0261	0x2A72      	GOTO       TSHIFT3216
;__Lib_MathDouble.c,1415 :: 		
0x0262	0x00F3      	MOVWF      R3
;__Lib_MathDouble.c,1416 :: 		
0x0263	0x0DF1      	RLF        R1, 1
;__Lib_MathDouble.c,1417 :: 		
0x0264	0x0872      	MOVF       R2, 0
;__Lib_MathDouble.c,1418 :: 		
0x0265	0x00F1      	MOVWF      R1
;__Lib_MathDouble.c,1419 :: 		
0x0266	0x01F2      	CLRF       R2
;__Lib_MathDouble.c,1421 :: 		
0x0267	0x3008      	MOVLW      8
;__Lib_MathDouble.c,1422 :: 		
0x0268	0x0273      	SUBWF      R3, 0
;__Lib_MathDouble.c,1423 :: 		
0x0269	0x1C03      	BTFSS      STATUS, 0
;__Lib_MathDouble.c,1424 :: 		
0x026A	0x2A72      	GOTO       TSHIFT3216
;__Lib_MathDouble.c,1425 :: 		
0x026B	0x00F3      	MOVWF      R3
;__Lib_MathDouble.c,1426 :: 		
0x026C	0x0DF1      	RLF        R1, 1
;__Lib_MathDouble.c,1427 :: 		
0x026D	0x01F1      	CLRF       R1
;__Lib_MathDouble.c,1429 :: 		
0x026E	0x0873      	MOVF       R3, 0
;__Lib_MathDouble.c,1430 :: 		
0x026F	0x1D03      	BTFSS      STATUS, 2
;__Lib_MathDouble.c,1431 :: 		
0x0270	0x1003      	BCF        STATUS, 0
;__Lib_MathDouble.c,1432 :: 		
0x0271	0x2A7A      	GOTO       SHIFT3216OK
;__Lib_MathDouble.c,1433 :: 		
TSHIFT3216:
;__Lib_MathDouble.c,1434 :: 		
0x0272	0x0873      	MOVF       R3, 0
;__Lib_MathDouble.c,1435 :: 		
0x0273	0x1903      	BTFSC      STATUS, 2
;__Lib_MathDouble.c,1436 :: 		
0x0274	0x2A7A      	GOTO       SHIFT3216OK
;__Lib_MathDouble.c,1437 :: 		
SHIFT3216:
;__Lib_MathDouble.c,1438 :: 		
0x0275	0x1003      	BCF        STATUS, 0
;__Lib_MathDouble.c,1439 :: 		
0x0276	0x0CF2      	RRF        R2, 1
;__Lib_MathDouble.c,1440 :: 		
0x0277	0x0CF1      	RRF        R1, 1
;__Lib_MathDouble.c,1441 :: 		
0x0278	0x0BF3      	DECFSZ     R3, 1
;__Lib_MathDouble.c,1442 :: 		
0x0279	0x2A75      	GOTO       SHIFT3216
;__Lib_MathDouble.c,1443 :: 		
SHIFT3216OK:
;__Lib_MathDouble.c,1444 :: 		
0x027A	0x1B7B      	BTFSC      R11, 6
;__Lib_MathDouble.c,1445 :: 		
0x027B	0x1C71      	BTFSS      R1, 0
;__Lib_MathDouble.c,1446 :: 		
0x027C	0x2A84      	GOTO       INT3216OK
;__Lib_MathDouble.c,1447 :: 		
0x027D	0x1C03      	BTFSS      STATUS, 0
;__Lib_MathDouble.c,1448 :: 		
0x027E	0x2A84      	GOTO       INT3216OK
;__Lib_MathDouble.c,1449 :: 		
0x027F	0x0AF1      	INCF       R1, 1
;__Lib_MathDouble.c,1450 :: 		
0x0280	0x1903      	BTFSC      STATUS, 2
;__Lib_MathDouble.c,1451 :: 		
0x0281	0x0AF2      	INCF       R2, 1
;__Lib_MathDouble.c,1452 :: 		
0x0282	0x1BF2      	BTFSC      R2, 7
;__Lib_MathDouble.c,1453 :: 		
0x0283	0x2A9B      	GOTO       JPJSETIOV3224
;__Lib_MathDouble.c,1454 :: 		
INT3216OK:
;__Lib_MathDouble.c,1455 :: 		
0x0284	0x1FFA      	BTFSS      R10, 7
;__Lib_MathDouble.c,1456 :: 		
0x0285	0x2A9E      	GOTO       INT3216EOK
;__Lib_MathDouble.c,1458 :: 		
0x0286	0x09F2      	COMF       R2, 1
;__Lib_MathDouble.c,1459 :: 		
0x0287	0x09F1      	COMF       R1, 1
;__Lib_MathDouble.c,1460 :: 		
0x0288	0x0AF1      	INCF       R1, 1
;__Lib_MathDouble.c,1461 :: 		
0x0289	0x1903      	BTFSC      STATUS, 2
;__Lib_MathDouble.c,1462 :: 		
0x028A	0x0AF2      	INCF       R2, 1
;__Lib_MathDouble.c,1463 :: 		
0x028B	0x2A9E      	GOTO       INT3216EOK
;__Lib_MathDouble.c,1465 :: 		
IRES016:
;__Lib_MathDouble.c,1466 :: 		
0x028C	0x01F2      	CLRF       R2
;__Lib_MathDouble.c,1467 :: 		
0x028D	0x01F1      	CLRF       R1
;__Lib_MathDouble.c,1468 :: 		
0x028E	0x2A9E      	GOTO       INT3216EOK
;__Lib_MathDouble.c,1469 :: 		
SETIOV16:
;__Lib_MathDouble.c,1470 :: 		
0x028F	0x147B      	BSF        R11, 0
;__Lib_MathDouble.c,1471 :: 		
0x0290	0x1FFB      	BTFSS      R11, 7
;__Lib_MathDouble.c,1472 :: 		
0x0291	0x2AA1      	GOTO       INT3216EER
;__Lib_MathDouble.c,1474 :: 		
0x0292	0x01F2      	CLRF       R2
;__Lib_MathDouble.c,1475 :: 		
0x0293	0x1FFA      	BTFSS      R10, 7
;__Lib_MathDouble.c,1476 :: 		
0x0294	0x2AA1      	GOTO       INT3216EER
;__Lib_MathDouble.c,1477 :: 		
0x0295	0x30FF      	MOVLW      255
;__Lib_MathDouble.c,1478 :: 		
0x0296	0x00F2      	MOVWF      R2
;__Lib_MathDouble.c,1479 :: 		
0x0297	0x00F1      	MOVWF      R1
;__Lib_MathDouble.c,1480 :: 		
0x0298	0x0DFA      	RLF        R10, 1
;__Lib_MathDouble.c,1481 :: 		
0x0299	0x0CF2      	RRF        R2, 1
;__Lib_MathDouble.c,1482 :: 		
0x029A	0x2AA1      	GOTO       INT3216EER
;__Lib_MathDouble.c,1484 :: 		
JPJSETIOV3224:
;__Lib_MathDouble.c,1485 :: 		
0x029B	0x3001      	MOVLW      1
;__Lib_MathDouble.c,1486 :: 		
0x029C	0x00FC      	MOVWF      R12
;__Lib_MathDouble.c,1487 :: 		
0x029D	0x2AA3      	GOTO       INT3216EEE
;__Lib_MathDouble.c,1488 :: 		
INT3216EOK:
;__Lib_MathDouble.c,1489 :: 		
0x029E	0x3000      	MOVLW      0
;__Lib_MathDouble.c,1490 :: 		
0x029F	0x00FC      	MOVWF      R12
;__Lib_MathDouble.c,1491 :: 		
0x02A0	0x2AA3      	GOTO       INT3216EEE
;__Lib_MathDouble.c,1492 :: 		
INT3216EER:
;__Lib_MathDouble.c,1493 :: 		
0x02A1	0x30FF      	MOVLW      255
;__Lib_MathDouble.c,1494 :: 		
0x02A2	0x00FC      	MOVWF      R12
;__Lib_MathDouble.c,1495 :: 		
INT3216EEE:
;__Lib_MathDouble.c,1498 :: 		
0x02A3	0x08FC      	MOVF       R12, 1
;__Lib_MathDouble.c,1500 :: 		
0x02A4	0x1903      	BTFSC      STATUS, 2
;__Lib_MathDouble.c,1501 :: 		
0x02A5	0x2AA7      	GOTO       L_Double2Int_0
;__Lib_MathDouble.c,1503 :: 		
0x02A6	0x213E      	CALL       _SETIOV3224
;__Lib_MathDouble.c,1505 :: 		
L_Double2Int_0:
;__Lib_MathDouble.c,1506 :: 		
0x02A7	0x0871      	MOVF       R1, 0
;__Lib_MathDouble.c,1507 :: 		
0x02A8	0x00F0      	MOVWF      R0
;__Lib_MathDouble.c,1508 :: 		
0x02A9	0x0872      	MOVF       R2, 0
;__Lib_MathDouble.c,1509 :: 		
0x02AA	0x00F1      	MOVWF      R1
;__Lib_MathDouble.c,1513 :: 		
L_end_Double2Int:
0x02AB	0x0008      	RETURN
; end of _Double2Int
_Add_32x32_FP:
;__Lib_MathDouble.c,379 :: 		
;__Lib_MathDouble.c,390 :: 		
;__Lib_MathDouble.c,392 :: 		
0x02AC	0x0020      	MOVLB      0
;__Lib_MathDouble.c,393 :: 		
0x02AD	0x0872      	MOVF       R2, 0
;__Lib_MathDouble.c,394 :: 		
0x02AE	0x0676      	XORWF      R6, 0
;__Lib_MathDouble.c,395 :: 		
0x02AF	0x00A0      	MOVWF      __math_tempbD
;__Lib_MathDouble.c,397 :: 		
0x02B0	0x01F8      	CLRF       R8
;__Lib_MathDouble.c,398 :: 		
0x02B1	0x01F9      	CLRF       R9
;__Lib_MathDouble.c,400 :: 		
0x02B2	0x0873      	MOVF       R3, 0
;__Lib_MathDouble.c,401 :: 		
0x02B3	0x0277      	SUBWF      R7, 0
;__Lib_MathDouble.c,402 :: 		
0x02B4	0x1C03      	BTFSS      STATUS, 0
;__Lib_MathDouble.c,403 :: 		
0x02B5	0x2ACE      	GOTO       USEA32
;__Lib_MathDouble.c,405 :: 		
0x02B6	0x0877      	MOVF       R7, 0
;__Lib_MathDouble.c,406 :: 		
0x02B7	0x00FD      	MOVWF      R13
;__Lib_MathDouble.c,407 :: 		
0x02B8	0x0873      	MOVF       R3, 0
;__Lib_MathDouble.c,408 :: 		
0x02B9	0x00F7      	MOVWF      R7
;__Lib_MathDouble.c,409 :: 		
0x02BA	0x087D      	MOVF       R13, 0
;__Lib_MathDouble.c,410 :: 		
0x02BB	0x00F3      	MOVWF      R3
;__Lib_MathDouble.c,412 :: 		
0x02BC	0x0876      	MOVF       R6, 0
;__Lib_MathDouble.c,413 :: 		
0x02BD	0x00FD      	MOVWF      R13
;__Lib_MathDouble.c,414 :: 		
0x02BE	0x0872      	MOVF       R2, 0
;__Lib_MathDouble.c,415 :: 		
0x02BF	0x00F6      	MOVWF      R6
;__Lib_MathDouble.c,416 :: 		
0x02C0	0x087D      	MOVF       R13, 0
;__Lib_MathDouble.c,417 :: 		
0x02C1	0x00F2      	MOVWF      R2
;__Lib_MathDouble.c,419 :: 		
0x02C2	0x0875      	MOVF       R5, 0
;__Lib_MathDouble.c,420 :: 		
0x02C3	0x00FD      	MOVWF      R13
;__Lib_MathDouble.c,421 :: 		
0x02C4	0x0871      	MOVF       R1, 0
;__Lib_MathDouble.c,422 :: 		
0x02C5	0x00F5      	MOVWF      R5
;__Lib_MathDouble.c,423 :: 		
0x02C6	0x087D      	MOVF       R13, 0
;__Lib_MathDouble.c,424 :: 		
0x02C7	0x00F1      	MOVWF      R1
;__Lib_MathDouble.c,426 :: 		
0x02C8	0x0874      	MOVF       R4, 0
;__Lib_MathDouble.c,427 :: 		
0x02C9	0x00FD      	MOVWF      R13
;__Lib_MathDouble.c,428 :: 		
0x02CA	0x0870      	MOVF       R0, 0
;__Lib_MathDouble.c,429 :: 		
0x02CB	0x00F4      	MOVWF      R4
;__Lib_MathDouble.c,430 :: 		
0x02CC	0x087D      	MOVF       R13, 0
;__Lib_MathDouble.c,431 :: 		
0x02CD	0x00F0      	MOVWF      R0
;__Lib_MathDouble.c,432 :: 		
USEA32:
;__Lib_MathDouble.c,433 :: 		
0x02CE	0x0877      	MOVF       R7, 0
;__Lib_MathDouble.c,434 :: 		
0x02CF	0x1903      	BTFSC      STATUS, 2
;__Lib_MathDouble.c,435 :: 		
0x02D0	0x2B47      	GOTO       JMPEEE
;__Lib_MathDouble.c,436 :: 		
0x02D1	0x0872      	MOVF       R2, 0
;__Lib_MathDouble.c,437 :: 		
0x02D2	0x00FA      	MOVWF      R10
;__Lib_MathDouble.c,438 :: 		
0x02D3	0x17F2      	BSF        R2, 7
;__Lib_MathDouble.c,439 :: 		
0x02D4	0x17F6      	BSF        R6, 7
;__Lib_MathDouble.c,440 :: 		
0x02D5	0x0877      	MOVF       R7, 0
;__Lib_MathDouble.c,441 :: 		
0x02D6	0x0273      	SUBWF      R3, 0
;__Lib_MathDouble.c,442 :: 		
0x02D7	0x00F7      	MOVWF      R7
;__Lib_MathDouble.c,443 :: 		
0x02D8	0x1903      	BTFSC      STATUS, 2
;__Lib_MathDouble.c,444 :: 		
0x02D9	0x2B01      	GOTO       ALIGNED32
;__Lib_MathDouble.c,445 :: 		
0x02DA	0x3008      	MOVLW      8
;__Lib_MathDouble.c,446 :: 		
0x02DB	0x0277      	SUBWF      R7, 0
;__Lib_MathDouble.c,447 :: 		
0x02DC	0x1C03      	BTFSS      STATUS, 0
;__Lib_MathDouble.c,448 :: 		
0x02DD	0x2AF7      	GOTO       ALIGNB32
;__Lib_MathDouble.c,449 :: 		
0x02DE	0x00F7      	MOVWF      R7
;__Lib_MathDouble.c,450 :: 		
0x02DF	0x0874      	MOVF       R4, 0
;__Lib_MathDouble.c,451 :: 		
0x02E0	0x00F9      	MOVWF      R9
;__Lib_MathDouble.c,452 :: 		
0x02E1	0x0875      	MOVF       R5, 0
;__Lib_MathDouble.c,453 :: 		
0x02E2	0x00F4      	MOVWF      R4
;__Lib_MathDouble.c,454 :: 		
0x02E3	0x0876      	MOVF       R6, 0
;__Lib_MathDouble.c,455 :: 		
0x02E4	0x00F5      	MOVWF      R5
;__Lib_MathDouble.c,456 :: 		
0x02E5	0x01F6      	CLRF       R6
;__Lib_MathDouble.c,457 :: 		
0x02E6	0x3008      	MOVLW      8
;__Lib_MathDouble.c,458 :: 		
0x02E7	0x0277      	SUBWF      R7, 0
;__Lib_MathDouble.c,459 :: 		
0x02E8	0x1C03      	BTFSS      STATUS, 0
;__Lib_MathDouble.c,460 :: 		
0x02E9	0x2AF7      	GOTO       ALIGNB32
;__Lib_MathDouble.c,461 :: 		
0x02EA	0x00F7      	MOVWF      R7
;__Lib_MathDouble.c,462 :: 		
0x02EB	0x0874      	MOVF       R4, 0
;__Lib_MathDouble.c,463 :: 		
0x02EC	0x00F9      	MOVWF      R9
;__Lib_MathDouble.c,464 :: 		
0x02ED	0x0875      	MOVF       R5, 0
;__Lib_MathDouble.c,465 :: 		
0x02EE	0x00F4      	MOVWF      R4
;__Lib_MathDouble.c,466 :: 		
0x02EF	0x01F5      	CLRF       R5
;__Lib_MathDouble.c,467 :: 		
0x02F0	0x3008      	MOVLW      8
;__Lib_MathDouble.c,468 :: 		
0x02F1	0x0277      	SUBWF      R7, 0
;__Lib_MathDouble.c,469 :: 		
0x02F2	0x1C03      	BTFSS      STATUS, 0
;__Lib_MathDouble.c,470 :: 		
0x02F3	0x2AF7      	GOTO       ALIGNB32
;__Lib_MathDouble.c,471 :: 		
0x02F4	0x087A      	MOVF       R10, 0
;__Lib_MathDouble.c,472 :: 		
0x02F5	0x00F2      	MOVWF      R2
;__Lib_MathDouble.c,473 :: 		
0x02F6	0x2B47      	GOTO       JMPEEE
;__Lib_MathDouble.c,474 :: 		
ALIGNB32:
;__Lib_MathDouble.c,475 :: 		
0x02F7	0x0877      	MOVF       R7, 0
;__Lib_MathDouble.c,476 :: 		
0x02F8	0x1903      	BTFSC      STATUS, 2
;__Lib_MathDouble.c,477 :: 		
0x02F9	0x2B01      	GOTO       ALIGNED32
;__Lib_MathDouble.c,478 :: 		
ALOOPB32:
;__Lib_MathDouble.c,479 :: 		
0x02FA	0x1003      	BCF        STATUS, 0
;__Lib_MathDouble.c,480 :: 		
0x02FB	0x0CF6      	RRF        R6, 1
;__Lib_MathDouble.c,481 :: 		
0x02FC	0x0CF5      	RRF        R5, 1
;__Lib_MathDouble.c,482 :: 		
0x02FD	0x0CF4      	RRF        R4, 1
;__Lib_MathDouble.c,483 :: 		
0x02FE	0x0CF9      	RRF        R9, 1
;__Lib_MathDouble.c,484 :: 		
0x02FF	0x0BF7      	DECFSZ     R7, 1
;__Lib_MathDouble.c,485 :: 		
0x0300	0x2AFA      	GOTO       ALOOPB32
;__Lib_MathDouble.c,486 :: 		
ALIGNED32:
;__Lib_MathDouble.c,487 :: 		
0x0301	0x1FA0      	BTFSS      __math_tempbD, 7
;__Lib_MathDouble.c,488 :: 		
0x0302	0x2B0E      	GOTO       AOK32
;__Lib_MathDouble.c,489 :: 		
0x0303	0x09F9      	COMF       R9, 1
;__Lib_MathDouble.c,490 :: 		
0x0304	0x09F4      	COMF       R4, 1
;__Lib_MathDouble.c,491 :: 		
0x0305	0x09F5      	COMF       R5, 1
;__Lib_MathDouble.c,492 :: 		
0x0306	0x09F6      	COMF       R6, 1
;__Lib_MathDouble.c,493 :: 		
0x0307	0x0AF9      	INCF       R9, 1
;__Lib_MathDouble.c,494 :: 		
0x0308	0x1903      	BTFSC      STATUS, 2
;__Lib_MathDouble.c,495 :: 		
0x0309	0x0AF4      	INCF       R4, 1
;__Lib_MathDouble.c,496 :: 		
0x030A	0x1903      	BTFSC      STATUS, 2
;__Lib_MathDouble.c,497 :: 		
0x030B	0x0AF5      	INCF       R5, 1
;__Lib_MathDouble.c,498 :: 		
0x030C	0x1903      	BTFSC      STATUS, 2
;__Lib_MathDouble.c,499 :: 		
0x030D	0x0AF6      	INCF       R6, 1
;__Lib_MathDouble.c,500 :: 		
AOK32:
;__Lib_MathDouble.c,501 :: 		
0x030E	0x0879      	MOVF       R9, 0
;__Lib_MathDouble.c,502 :: 		
0x030F	0x07F8      	ADDWF      R8, 1
;__Lib_MathDouble.c,503 :: 		
0x0310	0x0874      	MOVF       R4, 0
;__Lib_MathDouble.c,504 :: 		
0x0311	0x1803      	BTFSC      STATUS, 0
;__Lib_MathDouble.c,505 :: 		
0x0312	0x0F74      	INCFSZ     R4, 0
;__Lib_MathDouble.c,506 :: 		
0x0313	0x07F0      	ADDWF      R0, 1
;__Lib_MathDouble.c,507 :: 		
0x0314	0x0875      	MOVF       R5, 0
;__Lib_MathDouble.c,508 :: 		
0x0315	0x1803      	BTFSC      STATUS, 0
;__Lib_MathDouble.c,509 :: 		
0x0316	0x0F75      	INCFSZ     R5, 0
;__Lib_MathDouble.c,510 :: 		
0x0317	0x07F1      	ADDWF      R1, 1
;__Lib_MathDouble.c,511 :: 		
0x0318	0x0876      	MOVF       R6, 0
;__Lib_MathDouble.c,512 :: 		
0x0319	0x1803      	BTFSC      STATUS, 0
;__Lib_MathDouble.c,513 :: 		
0x031A	0x0F76      	INCFSZ     R6, 0
;__Lib_MathDouble.c,514 :: 		
0x031B	0x07F2      	ADDWF      R2, 1
;__Lib_MathDouble.c,515 :: 		
0x031C	0x1BA0      	BTFSC      __math_tempbD, 7
;__Lib_MathDouble.c,516 :: 		
0x031D	0x2B27      	GOTO       ACOMP32
;__Lib_MathDouble.c,517 :: 		
0x031E	0x1C03      	BTFSS      STATUS, 0
;__Lib_MathDouble.c,518 :: 		
0x031F	0x2B37      	GOTO       JMPNRMRND4032
;__Lib_MathDouble.c,519 :: 		
0x0320	0x0CF2      	RRF        R2, 1
;__Lib_MathDouble.c,520 :: 		
0x0321	0x0CF1      	RRF        R1, 1
;__Lib_MathDouble.c,521 :: 		
0x0322	0x0CF0      	RRF        R0, 1
;__Lib_MathDouble.c,522 :: 		
0x0323	0x0CF8      	RRF        R8, 1
;__Lib_MathDouble.c,523 :: 		
0x0324	0x0FF3      	INCFSZ     R3, 1
;__Lib_MathDouble.c,524 :: 		
0x0325	0x2B37      	GOTO       JMPNRMRND4032
;__Lib_MathDouble.c,525 :: 		
0x0326	0x2B43      	GOTO       ADD_JMPSETFOV32
;__Lib_MathDouble.c,526 :: 		
ACOMP32:
;__Lib_MathDouble.c,527 :: 		
0x0327	0x1803      	BTFSC      STATUS, 0
;__Lib_MathDouble.c,528 :: 		
0x0328	0x2B3B      	GOTO       JMPNRM4032
;__Lib_MathDouble.c,529 :: 		
0x0329	0x09F8      	COMF       R8, 1
;__Lib_MathDouble.c,530 :: 		
0x032A	0x09F0      	COMF       R0, 1
;__Lib_MathDouble.c,531 :: 		
0x032B	0x09F1      	COMF       R1, 1
;__Lib_MathDouble.c,532 :: 		
0x032C	0x09F2      	COMF       R2, 1
;__Lib_MathDouble.c,533 :: 		
0x032D	0x0AF8      	INCF       R8, 1
;__Lib_MathDouble.c,534 :: 		
0x032E	0x1903      	BTFSC      STATUS, 2
;__Lib_MathDouble.c,535 :: 		
0x032F	0x0AF0      	INCF       R0, 1
;__Lib_MathDouble.c,536 :: 		
0x0330	0x1903      	BTFSC      STATUS, 2
;__Lib_MathDouble.c,537 :: 		
0x0331	0x0AF1      	INCF       R1, 1
;__Lib_MathDouble.c,538 :: 		
0x0332	0x1903      	BTFSC      STATUS, 2
;__Lib_MathDouble.c,539 :: 		
0x0333	0x0AF2      	INCF       R2, 1
;__Lib_MathDouble.c,540 :: 		
0x0334	0x3080      	MOVLW      128
;__Lib_MathDouble.c,541 :: 		
0x0335	0x06FA      	XORWF      R10, 1
;__Lib_MathDouble.c,542 :: 		
0x0336	0x2B3F      	GOTO       JMPNRM32
;__Lib_MathDouble.c,543 :: 		
JMPNRMRND4032:
;__Lib_MathDouble.c,544 :: 		
0x0337	0x3001      	MOVLW      1
;__Lib_MathDouble.c,545 :: 		
0x0338	0x00FC      	MOVWF      R12
;__Lib_MathDouble.c,547 :: 		
0x0339	0x2168      	CALL       _NRM4032
;__Lib_MathDouble.c,549 :: 		
0x033A	0x2B49      	GOTO       ADD32EEE
;__Lib_MathDouble.c,550 :: 		
JMPNRM4032:
;__Lib_MathDouble.c,551 :: 		
0x033B	0x3002      	MOVLW      2
;__Lib_MathDouble.c,552 :: 		
0x033C	0x00FC      	MOVWF      R12
;__Lib_MathDouble.c,554 :: 		
0x033D	0x2168      	CALL       _NRM4032
;__Lib_MathDouble.c,556 :: 		
0x033E	0x2B49      	GOTO       ADD32EEE
;__Lib_MathDouble.c,557 :: 		
JMPNRM32:
;__Lib_MathDouble.c,558 :: 		
0x033F	0x3004      	MOVLW      4
;__Lib_MathDouble.c,559 :: 		
0x0340	0x00FC      	MOVWF      R12
;__Lib_MathDouble.c,561 :: 		
0x0341	0x2103      	CALL       _NRM3232
;__Lib_MathDouble.c,563 :: 		
0x0342	0x2B49      	GOTO       ADD32EEE
;__Lib_MathDouble.c,564 :: 		
ADD_JMPSETFOV32:
;__Lib_MathDouble.c,565 :: 		
0x0343	0x3008      	MOVLW      8
;__Lib_MathDouble.c,566 :: 		
0x0344	0x00FC      	MOVWF      R12
;__Lib_MathDouble.c,568 :: 		
0x0345	0x2132      	CALL       _SETFOV32
;__Lib_MathDouble.c,570 :: 		
0x0346	0x2B49      	GOTO       ADD32EEE
;__Lib_MathDouble.c,571 :: 		
JMPEEE:
;__Lib_MathDouble.c,572 :: 		
0x0347	0x3000      	MOVLW      0
;__Lib_MathDouble.c,573 :: 		
0x0348	0x00FC      	MOVWF      R12
;__Lib_MathDouble.c,574 :: 		
ADD32EEE:
;__Lib_MathDouble.c,575 :: 		
0x0349	0x0000      	NOP
;__Lib_MathDouble.c,583 :: 		
L_end_Add_32x32_FP:
0x034A	0x0008      	RETURN
; end of _Add_32x32_FP
_ADC_Read:
;__Lib_ADC.c,44 :: 		
;__Lib_ADC.c,46 :: 		
0x034B	0x21DA      	CALL       _ADC_Init
;__Lib_ADC.c,47 :: 		
0x034C	0x0020      	MOVLB      0
0x034D	0x085A      	MOVF       FARG_ADC_Read_channel, 0
0x034E	0x00DC      	MOVWF      FARG_ADC_Get_Sample_channel
0x034F	0x21C2      	CALL       _ADC_Get_Sample
;__Lib_ADC.c,48 :: 		
0x0350	0x101D      	BCF        ADON_bit, 0
;__Lib_ADC.c,49 :: 		
;__Lib_ADC.c,50 :: 		
L_end_ADC_Read:
0x0351	0x0008      	RETURN
; end of _ADC_Read
_UART1_Write:
;__Lib_UART_b75.c,53 :: 		
;__Lib_UART_b75.c,54 :: 		
L_UART1_Write3:
0x0352	0x0023      	MOVLB      3
0x0353	0x189E      	BTFSC      TXSTA, 1
0x0354	0x2B57      	GOTO       L_UART1_Write4
;__Lib_UART_b75.c,55 :: 		
0x0355	0x0000      	NOP
0x0356	0x2B52      	GOTO       L_UART1_Write3
L_UART1_Write4:
;__Lib_UART_b75.c,56 :: 		
0x0357	0x0020      	MOVLB      0
0x0358	0x0855      	MOVF       FARG_UART1_Write_data_, 0
0x0359	0x0023      	MOVLB      3
0x035A	0x009A      	MOVWF      TXREG
;__Lib_UART_b75.c,57 :: 		
L_end_UART1_Write:
0x035B	0x0008      	RETURN
; end of _UART1_Write
_UART1_Init:
;__Lib_UART_b75.c,12 :: 		
;__Lib_UART_b75.c,15 :: 		
0x035C	0x3052      	MOVLW      _UART1_Write
0x035D	0x0020      	MOVLB      0
0x035E	0x00B1      	MOVWF      _UART_Wr_Ptr
0x035F	0x3003      	MOVLW      hi_addr(_UART1_Write)
0x0360	0x00B2      	MOVWF      _UART_Wr_Ptr+1
0x0361	0x3055      	MOVLW      FARG_UART1_Write_data_
0x0362	0x00B3      	MOVWF      _UART_Wr_Ptr+2
0x0363	0x3000      	MOVLW      hi_addr(FARG_UART1_Write_data_)
0x0364	0x00B4      	MOVWF      _UART_Wr_Ptr+3
;__Lib_UART_b75.c,16 :: 		
0x0365	0x30FF      	MOVLW      _UART1_Read
0x0366	0x00BD      	MOVWF      _UART_Rd_Ptr
0x0367	0x30FF      	MOVLW      hi_addr(_UART1_Read)
0x0368	0x00BE      	MOVWF      _UART_Rd_Ptr+1
0x0369	0x3000      	MOVLW      0
0x036A	0x00BF      	MOVWF      _UART_Rd_Ptr+2
0x036B	0x3000      	MOVLW      0
0x036C	0x00C0      	MOVWF      _UART_Rd_Ptr+3
;__Lib_UART_b75.c,17 :: 		
0x036D	0x30FF      	MOVLW      _UART1_Data_Ready
0x036E	0x00B9      	MOVWF      _UART_Rdy_Ptr
0x036F	0x30FF      	MOVLW      hi_addr(_UART1_Data_Ready)
0x0370	0x00BA      	MOVWF      _UART_Rdy_Ptr+1
0x0371	0x3000      	MOVLW      0
0x0372	0x00BB      	MOVWF      _UART_Rdy_Ptr+2
0x0373	0x3000      	MOVLW      0
0x0374	0x00BC      	MOVWF      _UART_Rdy_Ptr+3
;__Lib_UART_b75.c,18 :: 		
0x0375	0x30FF      	MOVLW      _UART1_Tx_Idle
0x0376	0x00B5      	MOVWF      _UART_Tx_Idle_Ptr
0x0377	0x30FF      	MOVLW      hi_addr(_UART1_Tx_Idle)
0x0378	0x00B6      	MOVWF      _UART_Tx_Idle_Ptr+1
0x0379	0x3000      	MOVLW      0
0x037A	0x00B7      	MOVWF      _UART_Tx_Idle_Ptr+2
0x037B	0x3000      	MOVLW      0
0x037C	0x00B8      	MOVWF      _UART_Tx_Idle_Ptr+3
;__Lib_UART_b75.c,20 :: 		
0x037D	0x0023      	MOVLB      3
0x037E	0x169E      	BSF        TXSTA, 5
;__Lib_UART_b75.c,21 :: 		
0x037F	0x3090      	MOVLW      144
0x0380	0x009D      	MOVWF      RCSTA
;__Lib_UART_b75.c,22 :: 		
0x0381	0x0021      	MOVLB      1
0x0382	0x168D      	BSF        TRISB5_bit, 5
;__Lib_UART_b75.c,23 :: 		
0x0383	0x138D      	BCF        TRISB7_bit, 7
;__Lib_UART_b75.c,24 :: 		
L_UART1_Init0:
0x0384	0x0020      	MOVLB      0
0x0385	0x1E91      	BTFSS      PIR1, 5
0x0386	0x2B8B      	GOTO       L_UART1_Init1
;__Lib_UART_b75.c,25 :: 		
0x0387	0x0023      	MOVLB      3
0x0388	0x0819      	MOVF       RCREG, 0
0x0389	0x00F0      	MOVWF      R0
0x038A	0x2B84      	GOTO       L_UART1_Init0
L_UART1_Init1:
;__Lib_UART_b75.c,26 :: 		
L_end_UART1_Init:
0x038B	0x0008      	RETURN
; end of _UART1_Init
___CC2DW:
;__Lib_System.c,71 :: 		
;__Lib_System.c,73 :: 		
_CC2DL_Loop1:
;__Lib_System.c,74 :: 		
0x038C	0x0012      	MOVIW      0, 2
;__Lib_System.c,75 :: 		
0x038D	0x001E      	MOVWI      FSR1++ 
;__Lib_System.c,76 :: 		
0x038E	0x03F0      	DECF       R0, 1
;__Lib_System.c,77 :: 		
0x038F	0x1D03      	BTFSS      STATUS, 2
;__Lib_System.c,78 :: 		
0x0390	0x2B8C      	GOTO       _CC2DL_Loop1
;__Lib_System.c,79 :: 		
0x0391	0x03F1      	DECF       R1, 1
;__Lib_System.c,80 :: 		
0x0392	0x1D03      	BTFSS      STATUS, 2
;__Lib_System.c,81 :: 		
0x0393	0x2B8C      	GOTO       _CC2DL_Loop1
;__Lib_System.c,83 :: 		
L_end___CC2DW:
0x0394	0x0008      	RETURN
; end of ___CC2DW
_main:
0x0395	0x0020      	MOVLB      0
0x0396	0x01A3      	CLRF       _last
0x0397	0x01A4      	CLRF       36
0x0398	0x01A5      	CLRF       37
0x0399	0x01A6      	CLRF       38
0x039A	0x01A7      	CLRF       _outangle
0x039B	0x01A8      	CLRF       40
0x039C	0x01A9      	CLRF       _curr
0x039D	0x01AA      	CLRF       42
0x039E	0x01AB      	CLRF       43
0x039F	0x01AC      	CLRF       44
;MyProject.c,8 :: 		void main() {
;MyProject.c,9 :: 		OSCCON = 0x78; //16 MHz clock
0x03A0	0x3078      	MOVLW      120
0x03A1	0x0021      	MOVLB      1
0x03A2	0x0099      	MOVWF      OSCCON
;MyProject.c,10 :: 		INTCON = 0;
0x03A3	0x018B      	CLRF       INTCON
;MyProject.c,11 :: 		TRISA = 0xFF;TRISB=0xFF;
0x03A4	0x30FF      	MOVLW      255
0x03A5	0x008C      	MOVWF      TRISA
0x03A6	0x30FF      	MOVLW      255
0x03A7	0x008D      	MOVWF      TRISB
;MyProject.c,12 :: 		TRISC = 0xFF;//b3  is input
0x03A8	0x30FF      	MOVLW      255
0x03A9	0x008E      	MOVWF      TRISC
;MyProject.c,13 :: 		ANSELA = 0x00;
0x03AA	0x0023      	MOVLB      3
0x03AB	0x018C      	CLRF       ANSELA
;MyProject.c,14 :: 		ANSELB = 0x00;
0x03AC	0x018D      	CLRF       ANSELB
;MyProject.c,15 :: 		ANSELC = 0x00;
0x03AD	0x018E      	CLRF       ANSELC
;MyProject.c,16 :: 		ANSELA.B4 = 1;
0x03AE	0x160C      	BSF        ANSELA, 4
;MyProject.c,17 :: 		C1ON_BIT = 0;
0x03AF	0x0022      	MOVLB      2
0x03B0	0x1391      	BCF        C1ON_bit, 7
;MyProject.c,18 :: 		C2ON_BIT = 0;
0x03B1	0x1393      	BCF        C2ON_bit, 7
;MyProject.c,19 :: 		CCP2CON = 0x0A;
0x03B2	0x300A      	MOVLW      10
0x03B3	0x0025      	MOVLB      5
0x03B4	0x009A      	MOVWF      CCP2CON
;MyProject.c,20 :: 		CCPR2L = 0x40;
0x03B5	0x3040      	MOVLW      64
0x03B6	0x0098      	MOVWF      CCPR2L
;MyProject.c,21 :: 		CCPR2H = 0x9C;//0x9C40 = 40000 = 4,000,000Hz/100Hz
0x03B7	0x309C      	MOVLW      156
0x03B8	0x0099      	MOVWF      CCPR2H
;MyProject.c,22 :: 		T1CON =  0x01;
0x03B9	0x3001      	MOVLW      1
0x03BA	0x0020      	MOVLB      0
0x03BB	0x0098      	MOVWF      T1CON
;MyProject.c,23 :: 		PIE1 = 0x00;
0x03BC	0x0021      	MOVLB      1
0x03BD	0x0191      	CLRF       PIE1
;MyProject.c,24 :: 		PIE2 = 0x01;
0x03BE	0x3001      	MOVLW      1
0x03BF	0x0092      	MOVWF      PIE2
;MyProject.c,25 :: 		PIE3 =0x00;
0x03C0	0x0193      	CLRF       PIE3
;MyProject.c,26 :: 		PIE4 = 0x00;
0x03C1	0x0194      	CLRF       PIE4
;MyProject.c,27 :: 		INTCON = 0xC0;
0x03C2	0x30C0      	MOVLW      192
0x03C3	0x008B      	MOVWF      INTCON
;MyProject.c,28 :: 		uart1_init(9600);
0x03C4	0x0023      	MOVLB      3
0x03C5	0x159F      	BSF        BAUDCON, 3
0x03C6	0x30A0      	MOVLW      160
0x03C7	0x009B      	MOVWF      SPBRG
0x03C8	0x3001      	MOVLW      1
0x03C9	0x009C      	MOVWF      SPBRG+1
0x03CA	0x151E      	BSF        TXSTA, 2
0x03CB	0x235C      	CALL       _UART1_Init
;MyProject.c,29 :: 		while(1) {
L_main0:
;MyProject.c,30 :: 		uart1_write(outangle);
0x03CC	0x0020      	MOVLB      0
0x03CD	0x0827      	MOVF       _outangle, 0
0x03CE	0x00D5      	MOVWF      FARG_UART1_Write_data_
0x03CF	0x2352      	CALL       _UART1_Write
;MyProject.c,31 :: 		}
0x03D0	0x2BCC      	GOTO       L_main0
;MyProject.c,32 :: 		}
L_end_main:
0x03D1	0x2BD1      	GOTO       $+0
; end of _main
Symbol List:
//** Routines locations **
//ADDRESS    SIZE    PROCEDURE
//----------------------------------------------
0x0004     [227]    _interrupt
0x00E7       [7]    _RES032
0x00EE      [12]    _SETFUN32
0x00FA       [4]    _FIXSIGN32
0x00FE       [5]    _Delay_22us
0x0103      [47]    _NRM3232
0x0132      [12]    _SETFOV32
0x013E      [13]    _SETIOV3224
0x014B      [29]    _Int2Double
0x0168      [90]    _NRM4032
0x01C2      [24]    _ADC_Get_Sample
0x01DA      [15]    _ADC_Init
0x01E9       [7]    _convert
0x01F0      [96]    _Mul_32x32_FP
0x0250      [92]    _Double2Int
0x02AC     [159]    _Add_32x32_FP
0x034B       [7]    _ADC_Read
0x0352      [10]    _UART1_Write
0x035C      [48]    _UART1_Init
0x038C       [9]    ___CC2DW
0x0395      [61]    _main
//** Variables locations ** 
//ADDRESS    SIZE    VARIABLE
//----------------------------------------------
0x0000       [1]    INDF0
0x0001       [1]    INDF1
0x0003       [1]    STATUS
0x0004       [1]    FSR0L
0x0005       [1]    FSR0H
0x0006       [1]    FSR1L
0x0007       [1]    FSR1H
0x000A       [1]    PCLATH
0x000B       [1]    INTCON
0x0011       [1]    PIR1
0x0012       [1]    PIR2
0x0018       [1]    T1CON
0x0020       [1]    __math_tempbD
0x0023       [4]    _last
0x0027       [2]    _outangle
0x0029       [4]    _curr
0x002D       [4]    _ADC_Get_Sample_Ptr
0x0031       [4]    _UART_Wr_Ptr
0x0035       [4]    _UART_Tx_Idle_Ptr
0x0039       [4]    _UART_Rdy_Ptr
0x003D       [4]    _UART_Rd_Ptr
0x0041      [20]    _y
0x0055       [1]    FARG_UART1_Write_data_
0x0056       [2]    interrupt_k_L0
0x0058       [2]    FLOC__interrupt
0x005A       [1]    FARG_ADC_Read_channel
0x005A       [2]    FARG_convert_rawdat
0x005C       [1]    FARG_ADC_Get_Sample_channel
0x0070       [1]    R0
0x0071       [1]    R1
0x0072       [1]    R2
0x0073       [1]    R3
0x0074       [1]    R4
0x0075       [1]    R5
0x0076       [1]    R6
0x0077       [1]    R7
0x0078       [1]    R8
0x0079       [1]    R9
0x007A       [1]    R10
0x007B       [1]    R11
0x007C       [1]    R12
0x007D       [1]    R13
0x007E       [1]    R14
0x007F       [1]    R15
0x008C       [1]    TRISA
0x008D       [1]    TRISB
0x008D       [0]    TRISB7_bit
0x008D       [0]    TRISB5_bit
0x008E       [1]    TRISC
0x0091       [1]    PIE1
0x0092       [1]    PIE2
0x0093       [1]    PIE3
0x0094       [1]    PIE4
0x0099       [1]    OSCCON
0x009B       [1]    ADRESL
0x009C       [1]    ADRESH
0x009D       [1]    ADCON0
0x009D       [0]    GO_NOT_DONE_bit
0x009D       [0]    ADON_bit
0x009E       [1]    ADCON1
0x0111       [0]    C1ON_bit
0x0113       [0]    C2ON_bit
0x018C       [1]    ANSELA
0x018D       [1]    ANSELB
0x018E       [1]    ANSELC
0x0199       [1]    RCREG
0x019A       [1]    TXREG
0x019B       [2]    SPBRG
0x019C       [1]    SPBRGH
0x019D       [1]    RCSTA
0x019E       [1]    TXSTA
0x019F       [1]    BAUDCON
0x0298       [1]    CCPR2L
0x0299       [1]    CCPR2H
0x029A       [1]    CCP2CON
//** Label List: ** 
//----------------------------------------------
  L_main0
  L_main1
  L_interrupt2
  L_interrupt3
  L_interrupt4
  L_interrupt5
  L_interrupt6
  L_interrupt7
  L_end_main
  _main
  L_end_convert
  _convert
  L_end_interrupt
  _interrupt
  L__interrupt11
  L__interrupt12
  L__interrupt13
  L_CA2A_Loop
  L_CA2AW_Loop
  L_CS2S_Loop
  L_CS2S_End
  L_FZinS_Loop
  L_FZinS_End
  _CC2D_Loop1
  _CC2DL_Loop1
  L_end_____DoIFC
  _____DoIFC
  L_end___CA2A
  ___CA2A
  L_end___CA2AW
  ___CA2AW
  L_end___CS2S
  ___CS2S
  L_end___FZinS
  ___FZinS
  L_end___CC2D
  ___CC2D
  L_end___CC2DW
  ___CC2DW
  L_end_Swap
  _Swap
  L_UART1_Init0
  L_UART1_Init1
  L_UART1_Read2
  L_UART1_Write3
  L_UART1_Write4
  L_UART1_Write_Text5
  L_UART1_Write_Text6
  L_UART1_Read_Text7
  L_UART1_Read_Text8
  L_UART1_Read_Text9
  L_UART1_Read_Text10
  L_UART1_Read_Text11
  L_UART1_Read_Text12
  L_UART1_Read_Text13
  L_UART1_Read_Text14
  L_UART1_Read_Text15
  L_UART_Write_Text16
  L_UART_Write_Text17
  L_UART_Read_Text18
  L_UART_Read_Text19
  L_UART_Read_Text20
  L_UART_Read_Text21
  L_UART_Read_Text22
  L_UART_Read_Text23
  L_UART_Read_Text24
  L_UART_Read_Text25
  L_UART_Read_Text26
  L_end_UART1_Init
  _UART1_Init
  L_end_UART1_Data_Ready
  _UART1_Data_Ready
  L_end_UART1_Read
  _UART1_Read
  L_end_UART1_Tx_Idle
  _UART1_Tx_Idle
  L_end_UART1_Write
  _UART1_Write
  L_end_UART1_Write_Text
  _UART1_Write_Text
  L_end_UART1_Read_Text
  _UART1_Read_Text
  L_end_UART_Set_Active
  _UART_Set_Active
  L_end_UART_Write
  _UART_Write
  L_end_UART_Write_Text
  _UART_Write_Text
  L_end_UART_Read
  _UART_Read
  L_end_UART_Data_Ready
  _UART_Data_Ready
  L_end_UART_Read_Text
  _UART_Read_Text
  L_end_UART_Tx_Idle
  _UART_Tx_Idle
  L_main0
  L_main1
  L_interrupt2
  L_interrupt3
  L_interrupt4
  L_interrupt5
  L_interrupt6
  L_interrupt7
  L_end_main
  _main
  L_end_convert
  _convert
  L_end_interrupt
  _interrupt
  L__interrupt11
  L__interrupt12
  L__interrupt13
  L_ADC_Get_Sample0
  L_ADC_Get_Sample1
  L_end_ADC_Init
  _ADC_Init
  L_end_ADC_Get_Sample
  _ADC_Get_Sample
  L_end_ADC_Read
  _ADC_Read
  L_Delay_10us0
  L_Delay_22us1
  L_Delay_50us2
  L_Delay_80us3
  L_Delay_500us4
  L_Delay_5500us5
  L_Delay_1ms6
  L_Delay_5ms7
  L_Delay_8ms8
  L_Delay_10ms9
  L_Delay_100ms10
  L_Delay_1sec11
  L_boot16_Delay_5ms12
  L_Delay_Cyc13
  L_Delay_Cyc14
  L_VDelay_ms15
  L_VDelay_ms16
  L_VDelay_ms17
  L_VDelay_Advanced_ms18
  L_VDelay_Advanced_ms19
  L_VDelay_Advanced_ms20
  L_end_Get_Fosc_kHz
  _Get_Fosc_kHz
  L_end_Delay_1us
  _Delay_1us
  L_end_Delay_10us
  _Delay_10us
  L_end_Delay_22us
  _Delay_22us
  L_end_Delay_50us
  _Delay_50us
  L_end_Delay_80us
  _Delay_80us
  L_end_Delay_500us
  _Delay_500us
  L_end_Delay_5500us
  _Delay_5500us
  L_end_Delay_1ms
  _Delay_1ms
  L_end_Delay_5ms
  _Delay_5ms
  L_end_Delay_8ms
  _Delay_8ms
  L_end_Delay_10ms
  _Delay_10ms
  L_end_Delay_100ms
  _Delay_100ms
  L_end_Delay_1sec
  _Delay_1sec
  L_end_boot16_Delay_5ms
  _boot16_Delay_5ms
  L_end_Delay_Cyc
  _Delay_Cyc
  L_end_VDelay_ms
  _VDelay_ms
  L__VDelay_ms38
  L__VDelay_ms39
  L__VDelay_ms40
  L_end_VDelay_Advanced_ms
  _VDelay_Advanced_ms
  L__VDelay_Advanced_ms42
  L__VDelay_Advanced_ms43
  L__VDelay_Advanced_ms44
  SETFOV32EEE
  SETFUN32EEE
  NORM3232
  JPNRES032
  JPNSETFUN32
  NORM3232A
  JMPNFIXSIGN32
  NORM32EEE
  NRMRND4032
  NRM4032
  JMPSETFOV32
  NORM4032
  JMPRES032
  JMPSETFUN32
  NORM4032A
  JMPFIXSIGN32
  NRM4032EEE
  USEA32
  JMPEEE
  ALIGNED32
  ALIGNB32
  ALOOPB32
  AOK32
  ACOMP32
  JMPNRMRND4032
  ADD_JMPSETFOV32
  JMPNRM4032
  JMPNRM32
  ADD32EEE
  FPM32
  JPMRES032
  M32BNE0
  MTUN32
  JPMSETFOV32
  MOK32
  JPMSETFUN32
  MLOOP32
  MNOADD32
  MADD32
  MROUND32
  MUL32OK
  MUL32EEE
  L_Div_32x32_FP7
  L_Div_32x32_FP8
  L_Div_32x32_FP9
  L_Div_32x32_FP10
  FPD32
  JPDSETFDZ32
  JPDRES032
  D32BNE0
  TALIGN32
  TS1ALIGN32
  TS2ALIGN32
  DALIGN32OK
  ALTB32
  AGEB32
  JPDSETFOV32
  DARGOK32
  JPDSETFUN32
  DLOOP32
  DS132
  DS232
  DREST32
  DOK32
  DAREST32
  DROUND32
  DIV32OK
  DIV32EEE
  SETIOV3224EEE
  INT3232U
  INT3232UEOK
  SETEXP32U
  SETIOV32U
  TSHIFT3232U
  SHIFT3232UOK
  SHIFT3232U
  INT3232UOK
  JPLSETIOV3224
  IRES032U
  INT3232UEER
  INT3232UEEE
  L_Double2Longword_0
  INT3232
  INT3232EOK
  SETIOV32
  TSHIFT3232
  SHIFT3232OK
  SHIFT3232
  INT3232OK
  JPISETIOV3224
  IRES032
  INT3232EER
  INT3232EEE
  L_Double2Longint_0
  INT3216
  IRES016
  SETIOV16
  TSHIFT3216
  SHIFT3216OK
  SHIFT3216
  INT3216OK
  JPJSETIOV3224
  INT3216EOK
  INT3216EER
  INT3216EEE
  L_Double2Int_0
  INT3216U
  IRES016U
  SETEXP16U
  SETIOV16U
  TSHIFT3216U
  SHIFT3216UOK
  SHIFT3216U
  INT3216UOK
  JPKSETIOV3224
  INT3216UEOK
  INT3216UEER
  INT3216UEEE
  L_Double2Word_0
  INT32U08
  IRES008
  SETEXP08
  SETIOV08
  TSHIFT3208
  SHIFT3208OK
  SHIFT3208
  INT3208OK
  D2B_JPKSETIOV3224
  INT3208EOK
  INT3208EER
  INT3208EEE
  L_Double2Byte_0
  FLO08U32
  FLO1632
  FLO1632EEE
  FLO16U32
  FLO3232
  FLO3232EEE
  FLO32U32
  EQU_FALSE
  COMPARE_EQU
  COMPARE_NOTZERO
  COMPARE_XNOTZERO
  COMPARE_YNOTZERO
  COMPARE_LT
  COMPARE_GT
  COMPARE_TESTALL
  COMPARE_C1
  GT_FALSE
  GT_TRUE
  COMPARE_C2
  COMPARE_C3
  L_end_SETFOV32
  _SETFOV32
  L_end_SETFDZ32
  _SETFDZ32
  L_end_FIXSIGN32
  _FIXSIGN32
  L_end_RES032
  _RES032
  L_end_SETFUN32
  _SETFUN32
  L_end_NRM3232
  _NRM3232
  L_end_NRM4032
  _NRM4032
  L_end_Add_32x32_FP
  _Add_32x32_FP
  L_end_Sub_32x32_FP
  _Sub_32x32_FP
  L_end_Mul_32x32_FP
  _Mul_32x32_FP
  L_end_Div_32x32_FP
  _Div_32x32_FP
  L_end_SETIOV3224
  _SETIOV3224
  L_end_Double2Longword
  _Double2Longword
  L_end_Double2Longint
  _Double2Longint
  L_end_Double2Int
  _Double2Int
  L_end_Double2Word
  _Double2Word
  L_end_Double2Byte
  _Double2Byte
  L_end_Byte2Double
  _Byte2Double
  L_end_Int2Double
  _Int2Double
  L_end_Word2Double
  _Word2Double
  L_end_Longint2Double
  _Longint2Double
  L_end_Longword2Double
  _Longword2Double
  L_end_Equals_Double
  _Equals_Double
  L_end_Compare_Double
  _Compare_Double
