;  LST file generated by mikroListExporter - v.2.0 
; Date/Time: 10/16/2013 2:00:09 PM
;----------------------------------------------

;Address Opcode 	ASM
0x0000	0x296E      	GOTO       366
_Delay_22us:
;__Lib_Delays.c,15 :: 		void Delay_22us() {
;__Lib_Delays.c,16 :: 		Delay_us(22);
0x0003	0x301D      	MOVLW      29
0x0004	0x00FD      	MOVWF      R13
L_Delay_22us1:
0x0005	0x0BFD      	DECFSZ     R13, 1
0x0006	0x2805      	GOTO       L_Delay_22us1
;__Lib_Delays.c,17 :: 		}
L_end_Delay_22us:
0x0007	0x0008      	RETURN
; end of _Delay_22us
_Div_16x16_U:
;__Lib_Math.c,213 :: 		
;__Lib_Math.c,220 :: 		
0x0008	0x0020      	MOVLB      0
;__Lib_Math.c,221 :: 		
0x0009	0x01F8      	CLRF       R8
;__Lib_Math.c,222 :: 		
0x000A	0x01F9      	CLRF       R9
;__Lib_Math.c,223 :: 		
0x000B	0x3010      	MOVLW      16
;__Lib_Math.c,224 :: 		
0x000C	0x00FC      	MOVWF      R12
;__Lib_Math.c,225 :: 		
0x000D	0x0D71      	RLF        R1, 0
;__Lib_Math.c,226 :: 		
0x000E	0x0DF8      	RLF        R8, 1
;__Lib_Math.c,227 :: 		
0x000F	0x0DF9      	RLF        R9, 1
;__Lib_Math.c,228 :: 		
0x0010	0x0874      	MOVF       R4, 0
;__Lib_Math.c,229 :: 		
0x0011	0x02F8      	SUBWF      R8, 1
;__Lib_Math.c,230 :: 		
0x0012	0x0875      	MOVF       R5, 0
;__Lib_Math.c,231 :: 		
0x0013	0x1C03      	BTFSS      STATUS, 0
;__Lib_Math.c,232 :: 		
0x0014	0x0F75      	INCFSZ     R5, 0
;__Lib_Math.c,233 :: 		
0x0015	0x02F9      	SUBWF      R9, 1
;__Lib_Math.c,234 :: 		
0x0016	0x1803      	BTFSC      STATUS, 0
;__Lib_Math.c,235 :: 		
0x0017	0x281F      	GOTO       $+8
;__Lib_Math.c,236 :: 		
0x0018	0x0874      	MOVF       R4, 0
;__Lib_Math.c,237 :: 		
0x0019	0x07F8      	ADDWF      R8, 1
;__Lib_Math.c,238 :: 		
0x001A	0x0875      	MOVF       R5, 0
;__Lib_Math.c,239 :: 		
0x001B	0x1803      	BTFSC      STATUS, 0
;__Lib_Math.c,240 :: 		
0x001C	0x0F75      	INCFSZ     R5, 0
;__Lib_Math.c,241 :: 		
0x001D	0x07F9      	ADDWF      R9, 1
;__Lib_Math.c,242 :: 		
0x001E	0x1003      	BCF        STATUS, 0
;__Lib_Math.c,243 :: 		
0x001F	0x0DF0      	RLF        R0, 1
;__Lib_Math.c,244 :: 		
0x0020	0x0DF1      	RLF        R1, 1
;__Lib_Math.c,245 :: 		
0x0021	0x0BFC      	DECFSZ     R12, 1
;__Lib_Math.c,246 :: 		
0x0022	0x280D      	GOTO       $-21
;__Lib_Math.c,248 :: 		
L_end_Div_16x16_U:
0x0023	0x0008      	RETURN
; end of _Div_16x16_U
_WordToStr:
;__Lib_Conversions.c,84 :: 		
;__Lib_Conversions.c,89 :: 		
0x0024	0x0020      	MOVLB      0
0x0025	0x01CD      	CLRF       WordToStr_len_L0
L_WordToStr6:
0x0026	0x3005      	MOVLW      5
0x0027	0x024D      	SUBWF      WordToStr_len_L0, 0
0x0028	0x1803      	BTFSC      STATUS, 0
0x0029	0x2834      	GOTO       L_WordToStr7
;__Lib_Conversions.c,90 :: 		
0x002A	0x084D      	MOVF       WordToStr_len_L0, 0
0x002B	0x074B      	ADDWF      FARG_WordToStr_output, 0
0x002C	0x0086      	MOVWF      FSR1
0x002D	0x3000      	MOVLW      0
0x002E	0x3D4C      	ADDWFC     FARG_WordToStr_output+1, 0
0x002F	0x0087      	MOVWF      FSR1H
0x0030	0x3020      	MOVLW      32
0x0031	0x0081      	MOVWF      INDF1
;__Lib_Conversions.c,89 :: 		
0x0032	0x0ACD      	INCF       WordToStr_len_L0, 1
;__Lib_Conversions.c,90 :: 		
0x0033	0x2826      	GOTO       L_WordToStr6
L_WordToStr7:
;__Lib_Conversions.c,91 :: 		
0x0034	0x084D      	MOVF       WordToStr_len_L0, 0
0x0035	0x074B      	ADDWF      FARG_WordToStr_output, 0
0x0036	0x0086      	MOVWF      FSR1
0x0037	0x3000      	MOVLW      0
0x0038	0x3D4C      	ADDWFC     FARG_WordToStr_output+1, 0
0x0039	0x0087      	MOVWF      FSR1H
0x003A	0x0181      	CLRF       INDF1
0x003B	0x03CD      	DECF       WordToStr_len_L0, 1
;__Lib_Conversions.c,93 :: 		
L_WordToStr9:
;__Lib_Conversions.c,94 :: 		
0x003C	0x084D      	MOVF       WordToStr_len_L0, 0
0x003D	0x074B      	ADDWF      FARG_WordToStr_output, 0
0x003E	0x00CE      	MOVWF      FLOC__WordToStr
0x003F	0x3000      	MOVLW      0
0x0040	0x3D4C      	ADDWFC     FARG_WordToStr_output+1, 0
0x0041	0x00CF      	MOVWF      FLOC__WordToStr+1
0x0042	0x300A      	MOVLW      10
0x0043	0x00F4      	MOVWF      R4
0x0044	0x01F5      	CLRF       R5
0x0045	0x0849      	MOVF       FARG_WordToStr_input, 0
0x0046	0x00F0      	MOVWF      R0
0x0047	0x084A      	MOVF       FARG_WordToStr_input+1, 0
0x0048	0x00F1      	MOVWF      R1
0x0049	0x2008      	CALL       _Div_16x16_U
0x004A	0x0878      	MOVF       R8, 0
0x004B	0x00F0      	MOVWF      R0
0x004C	0x0879      	MOVF       R9, 0
0x004D	0x00F1      	MOVWF      R1
0x004E	0x3030      	MOVLW      48
0x004F	0x07F0      	ADDWF      R0, 1
0x0050	0x084E      	MOVF       FLOC__WordToStr, 0
0x0051	0x0086      	MOVWF      FSR1
0x0052	0x084F      	MOVF       FLOC__WordToStr+1, 0
0x0053	0x0087      	MOVWF      FSR1H
0x0054	0x0870      	MOVF       R0, 0
0x0055	0x0081      	MOVWF      INDF1
;__Lib_Conversions.c,95 :: 		
0x0056	0x300A      	MOVLW      10
0x0057	0x00F4      	MOVWF      R4
0x0058	0x01F5      	CLRF       R5
0x0059	0x0849      	MOVF       FARG_WordToStr_input, 0
0x005A	0x00F0      	MOVWF      R0
0x005B	0x084A      	MOVF       FARG_WordToStr_input+1, 0
0x005C	0x00F1      	MOVWF      R1
0x005D	0x2008      	CALL       _Div_16x16_U
0x005E	0x0870      	MOVF       R0, 0
0x005F	0x00C9      	MOVWF      FARG_WordToStr_input
0x0060	0x0871      	MOVF       R1, 0
0x0061	0x00CA      	MOVWF      FARG_WordToStr_input+1
;__Lib_Conversions.c,96 :: 		
0x0062	0x3000      	MOVLW      0
0x0063	0x0671      	XORWF      R1, 0
0x0064	0x1D03      	BTFSS      STATUS, 2
0x0065	0x2868      	GOTO       L__WordToStr109
0x0066	0x3000      	MOVLW      0
0x0067	0x0670      	XORWF      R0, 0
L__WordToStr109:
0x0068	0x1D03      	BTFSS      STATUS, 2
0x0069	0x286B      	GOTO       L_WordToStr11
;__Lib_Conversions.c,97 :: 		
0x006A	0x286D      	GOTO       L_WordToStr10
L_WordToStr11:
;__Lib_Conversions.c,98 :: 		
0x006B	0x03CD      	DECF       WordToStr_len_L0, 1
;__Lib_Conversions.c,99 :: 		
0x006C	0x283C      	GOTO       L_WordToStr9
L_WordToStr10:
;__Lib_Conversions.c,100 :: 		
L_end_WordToStr:
0x006D	0x0008      	RETURN
; end of _WordToStr
_UART1_Write:
;__Lib_UART_b75.c,53 :: 		
;__Lib_UART_b75.c,54 :: 		
L_UART1_Write3:
0x006E	0x0023      	MOVLB      3
0x006F	0x189E      	BTFSC      TXSTA, 1
0x0070	0x2873      	GOTO       L_UART1_Write4
;__Lib_UART_b75.c,55 :: 		
0x0071	0x0000      	NOP
0x0072	0x286E      	GOTO       L_UART1_Write3
L_UART1_Write4:
;__Lib_UART_b75.c,56 :: 		
0x0073	0x0020      	MOVLB      0
0x0074	0x0849      	MOVF       FARG_UART1_Write_data_, 0
0x0075	0x0023      	MOVLB      3
0x0076	0x009A      	MOVWF      TXREG
;__Lib_UART_b75.c,57 :: 		
L_end_UART1_Write:
0x0077	0x0008      	RETURN
; end of _UART1_Write
_ADC_Get_Sample:
;__Lib_ADC.c,27 :: 		
;__Lib_ADC.c,28 :: 		
0x0078	0x3083      	MOVLW      131
0x0079	0x0021      	MOVLB      1
0x007A	0x059D      	ANDWF      ADCON0, 1
;__Lib_ADC.c,29 :: 		
0x007B	0x0020      	MOVLB      0
0x007C	0x0849      	MOVF       FARG_ADC_Get_Sample_channel, 0
0x007D	0x00F0      	MOVWF      R0
0x007E	0x35F0      	LSLF       R0, 1
0x007F	0x35F0      	LSLF       R0, 1
0x0080	0x0870      	MOVF       R0, 0
0x0081	0x0021      	MOVLB      1
0x0082	0x049D      	IORWF       ADCON0, 1
;__Lib_ADC.c,32 :: 		
0x0083	0x2003      	CALL       _Delay_22us
;__Lib_ADC.c,35 :: 		
0x0084	0x149D      	BSF        GO_NOT_DONE_bit, 1
;__Lib_ADC.c,38 :: 		
L_ADC_Get_Sample0:
0x0085	0x1C9D      	BTFSS      GO_NOT_DONE_bit, 1
0x0086	0x2888      	GOTO       L_ADC_Get_Sample1
;__Lib_ADC.c,39 :: 		
0x0087	0x2885      	GOTO       L_ADC_Get_Sample0
L_ADC_Get_Sample1:
;__Lib_ADC.c,41 :: 		
0x0088	0x081C      	MOVF       ADRESH, 0
0x0089	0x00F1      	MOVWF      R1
0x008A	0x01F0      	CLRF       R0
0x008B	0x081B      	MOVF       ADRESL, 0
0x008C	0x04F0      	IORWF       R0, 1
0x008D	0x3000      	MOVLW      0
0x008E	0x04F1      	IORWF       R1, 1
;__Lib_ADC.c,42 :: 		
L_end_ADC_Get_Sample:
0x008F	0x0008      	RETURN
; end of _ADC_Get_Sample
_ADC_Init:
;__Lib_ADC.c,19 :: 		
;__Lib_ADC.c,20 :: 		
0x0090	0x3078      	MOVLW      _ADC_Get_Sample
0x0091	0x0020      	MOVLB      0
0x0092	0x00A4      	MOVWF      _ADC_Get_Sample_Ptr
0x0093	0x3000      	MOVLW      hi_addr(_ADC_Get_Sample)
0x0094	0x00A5      	MOVWF      _ADC_Get_Sample_Ptr+1
0x0095	0x3049      	MOVLW      FARG_ADC_Get_Sample_channel
0x0096	0x00A6      	MOVWF      _ADC_Get_Sample_Ptr+2
0x0097	0x3000      	MOVLW      hi_addr(FARG_ADC_Get_Sample_channel)
0x0098	0x00A7      	MOVWF      _ADC_Get_Sample_Ptr+3
;__Lib_ADC.c,21 :: 		
0x0099	0x30F0      	MOVLW      240
0x009A	0x0021      	MOVLB      1
0x009B	0x009E      	MOVWF      ADCON1
;__Lib_ADC.c,22 :: 		
0x009C	0x019D      	CLRF       ADCON0
;__Lib_ADC.c,23 :: 		
0x009D	0x141D      	BSF        ADON_bit, 0
;__Lib_ADC.c,24 :: 		
L_end_ADC_Init:
0x009E	0x0008      	RETURN
; end of _ADC_Init
_IntToStr:
;__Lib_Conversions.c,146 :: 		
;__Lib_Conversions.c,152 :: 		
0x009F	0x0020      	MOVLB      0
0x00A0	0x01C5      	CLRF       IntToStr_negative_L0
0x00A1	0x01C6      	CLRF       IntToStr_negative_L0+1
;__Lib_Conversions.c,153 :: 		
0x00A2	0x083F      	MOVF       FARG_IntToStr_input, 0
0x00A3	0x00C7      	MOVWF      IntToStr_inword_L0
0x00A4	0x0840      	MOVF       FARG_IntToStr_input+1, 0
0x00A5	0x00C8      	MOVWF      IntToStr_inword_L0+1
;__Lib_Conversions.c,154 :: 		
0x00A6	0x3080      	MOVLW      128
0x00A7	0x0640      	XORWF      FARG_IntToStr_input+1, 0
0x00A8	0x00F0      	MOVWF      R0
0x00A9	0x3080      	MOVLW      128
0x00AA	0x0270      	SUBWF      R0, 0
0x00AB	0x1D03      	BTFSS      STATUS, 2
0x00AC	0x28AF      	GOTO       L__IntToStr115
0x00AD	0x3000      	MOVLW      0
0x00AE	0x023F      	SUBWF      FARG_IntToStr_input, 0
L__IntToStr115:
0x00AF	0x1803      	BTFSC      STATUS, 0
0x00B0	0x28BD      	GOTO       L_IntToStr23
;__Lib_Conversions.c,155 :: 		
0x00B1	0x3001      	MOVLW      1
0x00B2	0x00C5      	MOVWF      IntToStr_negative_L0
0x00B3	0x3000      	MOVLW      0
0x00B4	0x00C6      	MOVWF      IntToStr_negative_L0+1
;__Lib_Conversions.c,156 :: 		
0x00B5	0x083F      	MOVF       FARG_IntToStr_input, 0
0x00B6	0x3C00      	SUBLW      0
0x00B7	0x00C7      	MOVWF      IntToStr_inword_L0
0x00B8	0x0840      	MOVF       FARG_IntToStr_input+1, 0
0x00B9	0x1C03      	BTFSS      STATUS, 0
0x00BA	0x3E01      	ADDLW      1
0x00BB	0x01C8      	CLRF       IntToStr_inword_L0+1
0x00BC	0x02C8      	SUBWF      IntToStr_inword_L0+1, 1
;__Lib_Conversions.c,157 :: 		
L_IntToStr23:
;__Lib_Conversions.c,158 :: 		
0x00BD	0x0847      	MOVF       IntToStr_inword_L0, 0
0x00BE	0x00C9      	MOVWF      FARG_WordToStr_input
0x00BF	0x0848      	MOVF       IntToStr_inword_L0+1, 0
0x00C0	0x00CA      	MOVWF      FARG_WordToStr_input+1
0x00C1	0x0841      	MOVF       FARG_IntToStr_output, 0
0x00C2	0x00CB      	MOVWF      FARG_WordToStr_output
0x00C3	0x0842      	MOVF       FARG_IntToStr_output+1, 0
0x00C4	0x00CC      	MOVWF      FARG_WordToStr_output+1
0x00C5	0x2024      	CALL       _WordToStr
;__Lib_Conversions.c,160 :: 		
0x00C6	0x3006      	MOVLW      6
0x00C7	0x00C3      	MOVWF      IntToStr_i_L0
0x00C8	0x3000      	MOVLW      0
0x00C9	0x00C4      	MOVWF      IntToStr_i_L0+1
;__Lib_Conversions.c,161 :: 		
L_IntToStr24:
0x00CA	0x0844      	MOVF       IntToStr_i_L0+1, 0
0x00CB	0x3C00      	SUBLW      0
0x00CC	0x1D03      	BTFSS      STATUS, 2
0x00CD	0x28D0      	GOTO       L__IntToStr116
0x00CE	0x0843      	MOVF       IntToStr_i_L0, 0
0x00CF	0x3C00      	SUBLW      0
L__IntToStr116:
0x00D0	0x1803      	BTFSC      STATUS, 0
0x00D1	0x28EB      	GOTO       L_IntToStr25
;__Lib_Conversions.c,162 :: 		
0x00D2	0x0843      	MOVF       IntToStr_i_L0, 0
0x00D3	0x0741      	ADDWF      FARG_IntToStr_output, 0
0x00D4	0x0086      	MOVWF      FSR1
0x00D5	0x0844      	MOVF       IntToStr_i_L0+1, 0
0x00D6	0x3D42      	ADDWFC     FARG_IntToStr_output+1, 0
0x00D7	0x0087      	MOVWF      FSR1H
0x00D8	0x3001      	MOVLW      1
0x00D9	0x0243      	SUBWF      IntToStr_i_L0, 0
0x00DA	0x00F0      	MOVWF      R0
0x00DB	0x3000      	MOVLW      0
0x00DC	0x3B44      	SUBWFB     IntToStr_i_L0+1, 0
0x00DD	0x00F1      	MOVWF      R1
0x00DE	0x0870      	MOVF       R0, 0
0x00DF	0x0741      	ADDWF      FARG_IntToStr_output, 0
0x00E0	0x0084      	MOVWF      FSR0
0x00E1	0x0871      	MOVF       R1, 0
0x00E2	0x3D42      	ADDWFC     FARG_IntToStr_output+1, 0
0x00E3	0x0085      	MOVWF      FSR0H
0x00E4	0x0800      	MOVF       INDF0, 0
0x00E5	0x0081      	MOVWF      INDF1
;__Lib_Conversions.c,163 :: 		
0x00E6	0x3001      	MOVLW      1
0x00E7	0x02C3      	SUBWF      IntToStr_i_L0, 1
0x00E8	0x3000      	MOVLW      0
0x00E9	0x3BC4      	SUBWFB     IntToStr_i_L0+1, 1
;__Lib_Conversions.c,164 :: 		
0x00EA	0x28CA      	GOTO       L_IntToStr24
L_IntToStr25:
;__Lib_Conversions.c,165 :: 		
0x00EB	0x0841      	MOVF       FARG_IntToStr_output, 0
0x00EC	0x0086      	MOVWF      FSR1
0x00ED	0x0842      	MOVF       FARG_IntToStr_output+1, 0
0x00EE	0x0087      	MOVWF      FSR1H
0x00EF	0x3020      	MOVLW      32
0x00F0	0x0081      	MOVWF      INDF1
;__Lib_Conversions.c,166 :: 		
0x00F1	0x0845      	MOVF       IntToStr_negative_L0, 0
0x00F2	0x0446      	IORWF       IntToStr_negative_L0+1, 0
0x00F3	0x1903      	BTFSC      STATUS, 2
0x00F4	0x2911      	GOTO       L_IntToStr26
;__Lib_Conversions.c,167 :: 		
0x00F5	0x01C3      	CLRF       IntToStr_i_L0
0x00F6	0x01C4      	CLRF       IntToStr_i_L0+1
;__Lib_Conversions.c,168 :: 		
L_IntToStr27:
0x00F7	0x0843      	MOVF       IntToStr_i_L0, 0
0x00F8	0x0741      	ADDWF      FARG_IntToStr_output, 0
0x00F9	0x0084      	MOVWF      FSR0
0x00FA	0x0844      	MOVF       IntToStr_i_L0+1, 0
0x00FB	0x3D42      	ADDWFC     FARG_IntToStr_output+1, 0
0x00FC	0x0085      	MOVWF      FSR0H
0x00FD	0x0800      	MOVF       INDF0, 0
0x00FE	0x3A20      	XORLW      32
0x00FF	0x1D03      	BTFSS      STATUS, 2
0x0100	0x2905      	GOTO       L_IntToStr28
0x0101	0x0AC3      	INCF       IntToStr_i_L0, 1
0x0102	0x1903      	BTFSC      STATUS, 2
0x0103	0x0AC4      	INCF       IntToStr_i_L0+1, 1
0x0104	0x28F7      	GOTO       L_IntToStr27
L_IntToStr28:
;__Lib_Conversions.c,169 :: 		
0x0105	0x3001      	MOVLW      1
0x0106	0x02C3      	SUBWF      IntToStr_i_L0, 1
0x0107	0x3000      	MOVLW      0
0x0108	0x3BC4      	SUBWFB     IntToStr_i_L0+1, 1
;__Lib_Conversions.c,170 :: 		
0x0109	0x0843      	MOVF       IntToStr_i_L0, 0
0x010A	0x0741      	ADDWF      FARG_IntToStr_output, 0
0x010B	0x0086      	MOVWF      FSR1
0x010C	0x0844      	MOVF       IntToStr_i_L0+1, 0
0x010D	0x3D42      	ADDWFC     FARG_IntToStr_output+1, 0
0x010E	0x0087      	MOVWF      FSR1H
0x010F	0x302D      	MOVLW      45
0x0110	0x0081      	MOVWF      INDF1
L_IntToStr26:
;__Lib_Conversions.c,171 :: 		
L_end_IntToStr:
0x0111	0x0008      	RETURN
; end of _IntToStr
___CC2DW:
;__Lib_System.c,71 :: 		
;__Lib_System.c,73 :: 		
_CC2DL_Loop1:
;__Lib_System.c,74 :: 		
0x0112	0x0012      	MOVIW      0, 2
;__Lib_System.c,75 :: 		
0x0113	0x001E      	MOVWI      FSR1++ 
;__Lib_System.c,76 :: 		
0x0114	0x03F0      	DECF       R0, 1
;__Lib_System.c,77 :: 		
0x0115	0x1D03      	BTFSS      STATUS, 2
;__Lib_System.c,78 :: 		
0x0116	0x2912      	GOTO       _CC2DL_Loop1
;__Lib_System.c,79 :: 		
0x0117	0x03F1      	DECF       R1, 1
;__Lib_System.c,80 :: 		
0x0118	0x1D03      	BTFSS      STATUS, 2
;__Lib_System.c,81 :: 		
0x0119	0x2912      	GOTO       _CC2DL_Loop1
;__Lib_System.c,83 :: 		
L_end___CC2DW:
0x011A	0x0008      	RETURN
; end of ___CC2DW
_PrintAString:
;MyProject.c,1 :: 		void PrintAString(char string[]) {
;MyProject.c,3 :: 		for(k=0;string[k]!=0;k++)
0x011B	0x0020      	MOVLB      0
0x011C	0x01C1      	CLRF       PrintAString_k_L0
0x011D	0x01C2      	CLRF       PrintAString_k_L0+1
L_PrintAString0:
0x011E	0x0841      	MOVF       PrintAString_k_L0, 0
0x011F	0x073F      	ADDWF      FARG_PrintAString_string, 0
0x0120	0x0084      	MOVWF      FSR0
0x0121	0x0842      	MOVF       PrintAString_k_L0+1, 0
0x0122	0x3D40      	ADDWFC     FARG_PrintAString_string+1, 0
0x0123	0x0085      	MOVWF      FSR0H
0x0124	0x0800      	MOVF       INDF0, 0
0x0125	0x3A00      	XORLW      0
0x0126	0x1903      	BTFSC      STATUS, 2
0x0127	0x2936      	GOTO       L_PrintAString1
;MyProject.c,4 :: 		Uart1_Write(string[k]);
0x0128	0x0841      	MOVF       PrintAString_k_L0, 0
0x0129	0x073F      	ADDWF      FARG_PrintAString_string, 0
0x012A	0x0084      	MOVWF      FSR0
0x012B	0x0842      	MOVF       PrintAString_k_L0+1, 0
0x012C	0x3D40      	ADDWFC     FARG_PrintAString_string+1, 0
0x012D	0x0085      	MOVWF      FSR0H
0x012E	0x0800      	MOVF       INDF0, 0
0x012F	0x00C9      	MOVWF      FARG_UART1_Write_data_
0x0130	0x206E      	CALL       _UART1_Write
;MyProject.c,3 :: 		for(k=0;string[k]!=0;k++)
0x0131	0x0020      	MOVLB      0
0x0132	0x0AC1      	INCF       PrintAString_k_L0, 1
0x0133	0x1903      	BTFSC      STATUS, 2
0x0134	0x0AC2      	INCF       PrintAString_k_L0+1, 1
;MyProject.c,4 :: 		Uart1_Write(string[k]);
0x0135	0x291E      	GOTO       L_PrintAString0
L_PrintAString1:
;MyProject.c,5 :: 		}
L_end_PrintAString:
0x0136	0x0008      	RETURN
; end of _PrintAString
_ADC_Read:
;__Lib_ADC.c,44 :: 		
;__Lib_ADC.c,46 :: 		
0x0137	0x2090      	CALL       _ADC_Init
;__Lib_ADC.c,47 :: 		
0x0138	0x0020      	MOVLB      0
0x0139	0x083F      	MOVF       FARG_ADC_Read_channel, 0
0x013A	0x00C9      	MOVWF      FARG_ADC_Get_Sample_channel
0x013B	0x2078      	CALL       _ADC_Get_Sample
;__Lib_ADC.c,48 :: 		
0x013C	0x101D      	BCF        ADON_bit, 0
;__Lib_ADC.c,49 :: 		
;__Lib_ADC.c,50 :: 		
L_end_ADC_Read:
0x013D	0x0008      	RETURN
; end of _ADC_Read
_UART1_Init:
;__Lib_UART_b75.c,12 :: 		
;__Lib_UART_b75.c,15 :: 		
0x013E	0x306E      	MOVLW      _UART1_Write
0x013F	0x0020      	MOVLB      0
0x0140	0x00B0      	MOVWF      _UART_Wr_Ptr
0x0141	0x3000      	MOVLW      hi_addr(_UART1_Write)
0x0142	0x00B1      	MOVWF      _UART_Wr_Ptr+1
0x0143	0x3049      	MOVLW      FARG_UART1_Write_data_
0x0144	0x00B2      	MOVWF      _UART_Wr_Ptr+2
0x0145	0x3000      	MOVLW      hi_addr(FARG_UART1_Write_data_)
0x0146	0x00B3      	MOVWF      _UART_Wr_Ptr+3
;__Lib_UART_b75.c,16 :: 		
0x0147	0x30FF      	MOVLW      _UART1_Read
0x0148	0x00A8      	MOVWF      _UART_Rd_Ptr
0x0149	0x30FF      	MOVLW      hi_addr(_UART1_Read)
0x014A	0x00A9      	MOVWF      _UART_Rd_Ptr+1
0x014B	0x3000      	MOVLW      0
0x014C	0x00AA      	MOVWF      _UART_Rd_Ptr+2
0x014D	0x3000      	MOVLW      0
0x014E	0x00AB      	MOVWF      _UART_Rd_Ptr+3
;__Lib_UART_b75.c,17 :: 		
0x014F	0x30FF      	MOVLW      _UART1_Data_Ready
0x0150	0x00A0      	MOVWF      _UART_Rdy_Ptr
0x0151	0x30FF      	MOVLW      hi_addr(_UART1_Data_Ready)
0x0152	0x00A1      	MOVWF      _UART_Rdy_Ptr+1
0x0153	0x3000      	MOVLW      0
0x0154	0x00A2      	MOVWF      _UART_Rdy_Ptr+2
0x0155	0x3000      	MOVLW      0
0x0156	0x00A3      	MOVWF      _UART_Rdy_Ptr+3
;__Lib_UART_b75.c,18 :: 		
0x0157	0x30FF      	MOVLW      _UART1_Tx_Idle
0x0158	0x00AC      	MOVWF      _UART_Tx_Idle_Ptr
0x0159	0x30FF      	MOVLW      hi_addr(_UART1_Tx_Idle)
0x015A	0x00AD      	MOVWF      _UART_Tx_Idle_Ptr+1
0x015B	0x3000      	MOVLW      0
0x015C	0x00AE      	MOVWF      _UART_Tx_Idle_Ptr+2
0x015D	0x3000      	MOVLW      0
0x015E	0x00AF      	MOVWF      _UART_Tx_Idle_Ptr+3
;__Lib_UART_b75.c,20 :: 		
0x015F	0x0023      	MOVLB      3
0x0160	0x169E      	BSF        TXSTA, 5
;__Lib_UART_b75.c,21 :: 		
0x0161	0x3090      	MOVLW      144
0x0162	0x009D      	MOVWF      RCSTA
;__Lib_UART_b75.c,22 :: 		
0x0163	0x0021      	MOVLB      1
0x0164	0x168D      	BSF        TRISB5_bit, 5
;__Lib_UART_b75.c,23 :: 		
0x0165	0x138D      	BCF        TRISB7_bit, 7
;__Lib_UART_b75.c,24 :: 		
L_UART1_Init0:
0x0166	0x0020      	MOVLB      0
0x0167	0x1E91      	BTFSS      PIR1, 5
0x0168	0x296D      	GOTO       L_UART1_Init1
;__Lib_UART_b75.c,25 :: 		
0x0169	0x0023      	MOVLB      3
0x016A	0x0819      	MOVF       RCREG, 0
0x016B	0x00F0      	MOVWF      R0
0x016C	0x2966      	GOTO       L_UART1_Init0
L_UART1_Init1:
;__Lib_UART_b75.c,26 :: 		
L_end_UART1_Init:
0x016D	0x0008      	RETURN
; end of _UART1_Init
_main:
;MyProject.c,6 :: 		void main() {
;MyProject.c,10 :: 		char newline[] = "\n";
0x016E	0x300A      	MOVLW      10
0x016F	0x0020      	MOVLB      0
0x0170	0x00BD      	MOVWF      main_newline_L0
0x0171	0x01BE      	CLRF       main_newline_L0+1
;MyProject.c,11 :: 		OSCCON = 0x78;
0x0172	0x3078      	MOVLW      120
0x0173	0x0021      	MOVLB      1
0x0174	0x0099      	MOVWF      OSCCON
;MyProject.c,12 :: 		INTCON = 0;
0x0175	0x018B      	CLRF       INTCON
;MyProject.c,13 :: 		TRISA=0xff;TRISB=0xff;TRISC=0xFF;
0x0176	0x30FF      	MOVLW      255
0x0177	0x008C      	MOVWF      TRISA
0x0178	0x30FF      	MOVLW      255
0x0179	0x008D      	MOVWF      TRISB
0x017A	0x30FF      	MOVLW      255
0x017B	0x008E      	MOVWF      TRISC
;MyProject.c,14 :: 		ANSELA=0x14;ANSELB=0x00;ANSELC=0x00;
0x017C	0x3014      	MOVLW      20
0x017D	0x0023      	MOVLB      3
0x017E	0x008C      	MOVWF      ANSELA
0x017F	0x018D      	CLRF       ANSELB
0x0180	0x018E      	CLRF       ANSELC
;MyProject.c,15 :: 		Uart1_Init(9600);
0x0181	0x159F      	BSF        BAUDCON, 3
0x0182	0x30A0      	MOVLW      160
0x0183	0x009B      	MOVWF      SPBRG
0x0184	0x3001      	MOVLW      1
0x0185	0x009C      	MOVWF      SPBRG+1
0x0186	0x151E      	BSF        TXSTA, 2
0x0187	0x213E      	CALL       _UART1_Init
;MyProject.c,16 :: 		while(1){
L_main3:
;MyProject.c,17 :: 		left = ADC_Read(2);
0x0188	0x3002      	MOVLW      2
0x0189	0x0020      	MOVLB      0
0x018A	0x00BF      	MOVWF      FARG_ADC_Read_channel
0x018B	0x2137      	CALL       _ADC_Read
0x018C	0x0870      	MOVF       R0, 0
0x018D	0x0020      	MOVLB      0
0x018E	0x00B4      	MOVWF      main_left_L0
0x018F	0x0871      	MOVF       R1, 0
0x0190	0x00B5      	MOVWF      main_left_L0+1
;MyProject.c,18 :: 		right = ADC_Read(3);
0x0191	0x3003      	MOVLW      3
0x0192	0x00BF      	MOVWF      FARG_ADC_Read_channel
0x0193	0x2137      	CALL       _ADC_Read
0x0194	0x0870      	MOVF       R0, 0
0x0195	0x0020      	MOVLB      0
0x0196	0x00B6      	MOVWF      main_right_L0
0x0197	0x0871      	MOVF       R1, 0
0x0198	0x00B7      	MOVWF      main_right_L0+1
;MyProject.c,19 :: 		InttoStr(left,temp);
0x0199	0x0834      	MOVF       main_left_L0, 0
0x019A	0x00BF      	MOVWF      FARG_IntToStr_input
0x019B	0x0835      	MOVF       main_left_L0+1, 0
0x019C	0x00C0      	MOVWF      FARG_IntToStr_input+1
0x019D	0x3038      	MOVLW      main_temp_L0
0x019E	0x00C1      	MOVWF      FARG_IntToStr_output
0x019F	0x3000      	MOVLW      hi_addr(main_temp_L0)
0x01A0	0x00C2      	MOVWF      FARG_IntToStr_output+1
0x01A1	0x209F      	CALL       _IntToStr
;MyProject.c,20 :: 		PrintAString(temp);
0x01A2	0x3038      	MOVLW      main_temp_L0
0x01A3	0x00BF      	MOVWF      FARG_PrintAString_string
0x01A4	0x3000      	MOVLW      hi_addr(main_temp_L0)
0x01A5	0x00C0      	MOVWF      FARG_PrintAString_string+1
0x01A6	0x211B      	CALL       _PrintAString
;MyProject.c,21 :: 		InttoStr(right,temp);
0x01A7	0x0836      	MOVF       main_right_L0, 0
0x01A8	0x00BF      	MOVWF      FARG_IntToStr_input
0x01A9	0x0837      	MOVF       main_right_L0+1, 0
0x01AA	0x00C0      	MOVWF      FARG_IntToStr_input+1
0x01AB	0x3038      	MOVLW      main_temp_L0
0x01AC	0x00C1      	MOVWF      FARG_IntToStr_output
0x01AD	0x3000      	MOVLW      hi_addr(main_temp_L0)
0x01AE	0x00C2      	MOVWF      FARG_IntToStr_output+1
0x01AF	0x209F      	CALL       _IntToStr
;MyProject.c,22 :: 		PrintAString(temp);
0x01B0	0x3038      	MOVLW      main_temp_L0
0x01B1	0x00BF      	MOVWF      FARG_PrintAString_string
0x01B2	0x3000      	MOVLW      hi_addr(main_temp_L0)
0x01B3	0x00C0      	MOVWF      FARG_PrintAString_string+1
0x01B4	0x211B      	CALL       _PrintAString
;MyProject.c,23 :: 		PrintAString(newline);
0x01B5	0x303D      	MOVLW      main_newline_L0
0x01B6	0x00BF      	MOVWF      FARG_PrintAString_string
0x01B7	0x3000      	MOVLW      hi_addr(main_newline_L0)
0x01B8	0x00C0      	MOVWF      FARG_PrintAString_string+1
0x01B9	0x211B      	CALL       _PrintAString
;MyProject.c,24 :: 		delay_ms(1000);
0x01BA	0x3015      	MOVLW      21
0x01BB	0x00FB      	MOVWF      R11
0x01BC	0x304B      	MOVLW      75
0x01BD	0x00FC      	MOVWF      R12
0x01BE	0x30BE      	MOVLW      190
0x01BF	0x00FD      	MOVWF      R13
L_main5:
0x01C0	0x0BFD      	DECFSZ     R13, 1
0x01C1	0x29C0      	GOTO       L_main5
0x01C2	0x0BFC      	DECFSZ     R12, 1
0x01C3	0x29C0      	GOTO       L_main5
0x01C4	0x0BFB      	DECFSZ     R11, 1
0x01C5	0x29C0      	GOTO       L_main5
0x01C6	0x0000      	NOP
;MyProject.c,25 :: 		}
0x01C7	0x2988      	GOTO       L_main3
;MyProject.c,26 :: 		}
L_end_main:
0x01C8	0x29C8      	GOTO       $+0
; end of _main
Symbol List:
//** Routines locations **
//ADDRESS    SIZE    PROCEDURE
//----------------------------------------------
0x0003       [5]    _Delay_22us
0x0008      [28]    _Div_16x16_U
0x0024      [74]    _WordToStr
0x006E      [10]    _UART1_Write
0x0078      [24]    _ADC_Get_Sample
0x0090      [15]    _ADC_Init
0x009F     [115]    _IntToStr
0x0112       [9]    ___CC2DW
0x011B      [28]    _PrintAString
0x0137       [7]    _ADC_Read
0x013E      [48]    _UART1_Init
0x016E      [91]    _main
//** Variables locations ** 
//ADDRESS    SIZE    VARIABLE
//----------------------------------------------
0x0000       [1]    INDF0
0x0001       [1]    INDF1
0x0003       [1]    STATUS
0x0004       [1]    FSR0L
0x0005       [1]    FSR0H
0x0006       [1]    FSR1L
0x0007       [1]    FSR1H
0x000A       [1]    PCLATH
0x000B       [1]    INTCON
0x0011       [1]    PIR1
0x0020       [4]    _UART_Rdy_Ptr
0x0024       [4]    _ADC_Get_Sample_Ptr
0x0028       [4]    _UART_Rd_Ptr
0x002C       [4]    _UART_Tx_Idle_Ptr
0x0030       [4]    _UART_Wr_Ptr
0x0034       [2]    main_left_L0
0x0036       [2]    main_right_L0
0x0038       [5]    main_temp_L0
0x003D       [2]    main_newline_L0
0x003F       [2]    FARG_PrintAString_string
0x003F       [2]    FARG_IntToStr_input
0x003F       [1]    FARG_ADC_Read_channel
0x0041       [2]    PrintAString_k_L0
0x0041       [2]    FARG_IntToStr_output
0x0043       [2]    IntToStr_i_L0
0x0045       [2]    IntToStr_negative_L0
0x0047       [2]    IntToStr_inword_L0
0x0049       [1]    FARG_UART1_Write_data_
0x0049       [1]    FARG_ADC_Get_Sample_channel
0x0049       [2]    FARG_WordToStr_input
0x004B       [2]    FARG_WordToStr_output
0x004D       [1]    WordToStr_len_L0
0x004E       [2]    FLOC__WordToStr
0x0070       [1]    R0
0x0071       [1]    R1
0x0072       [1]    R2
0x0073       [1]    R3
0x0074       [1]    R4
0x0075       [1]    R5
0x0076       [1]    R6
0x0077       [1]    R7
0x0078       [1]    R8
0x0079       [1]    R9
0x007A       [1]    R10
0x007B       [1]    R11
0x007C       [1]    R12
0x007D       [1]    R13
0x007E       [1]    R14
0x007F       [1]    R15
0x008C       [1]    TRISA
0x008D       [0]    TRISB5_bit
0x008D       [0]    TRISB7_bit
0x008D       [1]    TRISB
0x008E       [1]    TRISC
0x0099       [1]    OSCCON
0x009B       [1]    ADRESL
0x009C       [1]    ADRESH
0x009D       [0]    ADON_bit
0x009D       [1]    ADCON0
0x009D       [0]    GO_NOT_DONE_bit
0x009E       [1]    ADCON1
0x018C       [1]    ANSELA
0x018D       [1]    ANSELB
0x018E       [1]    ANSELC
0x0199       [1]    RCREG
0x019A       [1]    TXREG
0x019B       [2]    SPBRG
0x019C       [1]    SPBRGH
0x019D       [1]    RCSTA
0x019E       [1]    TXSTA
0x019F       [1]    BAUDCON
//** Label List: ** 
//----------------------------------------------
  L_PrintAString0
  L_PrintAString1
  L_PrintAString2
  L_main3
  L_main4
  L_main5
  L_end_PrintAString
  _PrintAString
  L_end_main
  _main
  L_ADC_Get_Sample0
  L_ADC_Get_Sample1
  L_end_ADC_Init
  _ADC_Init
  L_end_ADC_Get_Sample
  _ADC_Get_Sample
  L_end_ADC_Read
  _ADC_Read
  L_ByteToStr0
  L_ByteToStr1
  L_ByteToStr2
  L_ByteToStr3
  L_ByteToStr4
  L_ByteToStr5
  L_WordToStr6
  L_WordToStr7
  L_WordToStr8
  L_WordToStr9
  L_WordToStr10
  L_WordToStr11
  L_WordToStrWithZeros12
  L_WordToStrWithZeros13
  L_WordToStrWithZeros14
  L_WordToStrWithZeros15
  L_WordToStrWithZeros16
  L_ShortToStr17
  L_ShortToStr18
  L_ShortToStr19
  L_ShortToStr20
  L_ShortToStr21
  L_ShortToStr22
  L_IntToStr23
  L_IntToStr24
  L_IntToStr25
  L_IntToStr26
  L_IntToStr27
  L_IntToStr28
  L_IntToStrWithZeros29
  L_IntToStrWithZeros30
  L_IntToStrWithZeros31
  L_IntToStrWithZeros32
  L_IntToStrWithZeros33
  L_IntToStrWithZeros34
  L_IntToStrWithZeros35
  L_IntToStrWithZeros36
  L_IntToStrWithZeros37
  L_LongWordToStr38
  L_LongWordToStr39
  L_LongWordToStr40
  L_LongWordToStr41
  L_LongWordToStr42
  L_LongWordToStr43
  L_LongWordToStrWithZeros44
  L_LongWordToStrWithZeros45
  L_LongWordToStrWithZeros46
  L_LongWordToStrWithZeros47
  L_LongWordToStrWithZeros48
  L_LongToStr49
  L_LongToStr50
  L_LongToStr51
  L_LongToStr52
  L_LongToStr53
  L_LongToStr54
  L_LongIntToStrWithZeros55
  L_LongIntToStrWithZeros56
  L_LongIntToStrWithZeros57
  L_LongIntToStrWithZeros58
  L_LongIntToStrWithZeros59
  L_LongIntToStrWithZeros60
  L_LongIntToStrWithZeros61
  L_LongIntToStrWithZeros62
  L_LongIntToStrWithZeros63
  L_Dec2Bcd64
  L_Dec2Bcd65
  L_Rtrim66
  L_Rtrim67
  L_Rtrim68
  L_Rtrim69
  L_Ltrim70
  L_Ltrim71
  L_Ltrim72
  L_Ltrim73
  L_Ltrim74
  L_Ltrim75
  L_FloatToStr76
  L_FloatToStr77
  L_FloatToStr78
  L_FloatToStr79
  L_FloatToStr80
  L_FloatToStr81
  L_FloatToStr82
  L_FloatToStr83
  L_FloatToStr84
  L_FloatToStr85
  L_FloatToStr86
  L_FloatToStr87
  L_FloatToStr88
  L_FloatToStr89
  L_FloatToStr90
  L_FloatToStr91
  L_FloatToStr92
  L_FloatToStr93
  L_FloatToStr94
  L_FloatToStr95
  L_FloatToStr96
  L_FloatToStr97
  L__Rtrim98
  L__Ltrim99
  L__FloatToStr100
  L_end_ByteToHex
  _ByteToHex
  L_end_ShortToHex
  _ShortToHex
  L_end_WordToHex
  _WordToHex
  L_end_IntToHex
  _IntToHex
  L_end_LongWordToHex
  _LongWordToHex
  L_end_LongIntToHex
  _LongIntToHex
  L_end_ByteToStr
  _ByteToStr
  L_end_WordToStr
  _WordToStr
  L__WordToStr109
  L_end_WordToStrWithZeros
  _WordToStrWithZeros
  L__WordToStrWithZeros111
  L_end_ShortToStr
  _ShortToStr
  L__ShortToStr113
  L_end_IntToStr
  _IntToStr
  L__IntToStr115
  L__IntToStr116
  L_end_IntToStrWithZeros
  _IntToStrWithZeros
  L__IntToStrWithZeros118
  L__IntToStrWithZeros119
  L__IntToStrWithZeros120
  L_end_LongWordToStr
  _LongWordToStr
  L__LongWordToStr122
  L__LongWordToStr123
  L_end_LongWordToStrWithZeros
  _LongWordToStrWithZeros
  L__LongWordToStrWithZeros125
  L_end_LongToStr
  _LongToStr
  L__LongToStr127
  L__LongToStr128
  L_end_LongIntToStrWithZeros
  _LongIntToStrWithZeros
  L__LongIntToStrWithZeros130
  L__LongIntToStrWithZeros131
  L__LongIntToStrWithZeros132
  L_end_Dec2Bcd
  _Dec2Bcd
  L_end_Bcd2Dec
  _Bcd2Dec
  L_end_Bcd2Dec16
  _Bcd2Dec16
  L__Bcd2Dec16136
  L__Bcd2Dec16137
  L_end_Dec2Bcd16
  _Dec2Bcd16
  L__Dec2Bcd16139
  L__Dec2Bcd16140
  L_end_Rtrim
  _Rtrim
  L__Rtrim142
  L_end_Ltrim
  _Ltrim
  L_end_FloatToStr
  _FloatToStr
  L__FloatToStr145
  L__FloatToStr146
  L__FloatToStr147
  L__FloatToStr148
  L__FloatToStr149
  L_Delay_10us0
  L_Delay_22us1
  L_Delay_50us2
  L_Delay_80us3
  L_Delay_500us4
  L_Delay_5500us5
  L_Delay_1ms6
  L_Delay_5ms7
  L_Delay_8ms8
  L_Delay_10ms9
  L_Delay_100ms10
  L_Delay_1sec11
  L_boot16_Delay_5ms12
  L_Delay_Cyc13
  L_Delay_Cyc14
  L_VDelay_ms15
  L_VDelay_ms16
  L_VDelay_ms17
  L_VDelay_Advanced_ms18
  L_VDelay_Advanced_ms19
  L_VDelay_Advanced_ms20
  L_end_Get_Fosc_kHz
  _Get_Fosc_kHz
  L_end_Delay_1us
  _Delay_1us
  L_end_Delay_10us
  _Delay_10us
  L_end_Delay_22us
  _Delay_22us
  L_end_Delay_50us
  _Delay_50us
  L_end_Delay_80us
  _Delay_80us
  L_end_Delay_500us
  _Delay_500us
  L_end_Delay_5500us
  _Delay_5500us
  L_end_Delay_1ms
  _Delay_1ms
  L_end_Delay_5ms
  _Delay_5ms
  L_end_Delay_8ms
  _Delay_8ms
  L_end_Delay_10ms
  _Delay_10ms
  L_end_Delay_100ms
  _Delay_100ms
  L_end_Delay_1sec
  _Delay_1sec
  L_end_boot16_Delay_5ms
  _boot16_Delay_5ms
  L_end_Delay_Cyc
  _Delay_Cyc
  L_end_VDelay_ms
  _VDelay_ms
  L__VDelay_ms38
  L__VDelay_ms39
  L__VDelay_ms40
  L_end_VDelay_Advanced_ms
  _VDelay_Advanced_ms
  L__VDelay_Advanced_ms42
  L__VDelay_Advanced_ms43
  L__VDelay_Advanced_ms44
  L_Div_16x16_S0
  L_Div_16x16_S1
  LOOPS3232A
  SADD22LA
  SOK22LA
  SADD22L8
  SOK22L8
  LOOPS3232B
  SADD22LB
  SOK22LB
  SADD22L16
  SOK22L16
  LOOPS3232C
  SADD22LC
  SOK22LC
  SADD22L24
  SOK22L24
  LOOPS3232D
  SADD22LD
  SOK22LD
  SOK22L
  L_Div_32x32_S6
  L_Div_32x32_S7
  L_Div_32x32_S8
  L_Div_32x32_S9
  FXD3232S
  END_ALL
  CA3232S
  C3232SX
  C3232SX1
  C3232S
  C3232S2
  C3232SX4
  C3232SOK
  C3232SX3
  C3232SX2
  avoid_comfrem
  LOOPU3232A
  UADD22LA
  UOK22LA
  UADD22L8
  UOK22L8
  LOOPU3232B
  UADD22LB
  UOK22LB
  UADD22L16
  UOK22L16
  LOOPU3232C
  UADD22LC
  UOK22LC
  UADD22L24
  UOK22L24
  LOOPU3232D
  UADD22LD
  UOK22LD
  UOK22L
  _NEXT
  _EXIT2
  _LOOP
  _EXIT1
  _IF_FIRST
  _IF_SECOND
  _INVERCE_FIRST
  _MULT
  _INBERSE_SECOND
  _EXIT
  L_end_Mul_8x8_U
  _Mul_8x8_U
  L_end_Mul_16x16_U
  _Mul_16x16_U
  L_end_Div_8x8_U
  _Div_8x8_U
  L_end_Div_16x16_U
  _Div_16x16_U
  L_end_Mul_8x8_S
  _Mul_8x8_S
  L_end_Mul_16x16_S
  _Mul_16x16_S
  L_end_Div_16x16_S_L
  _Div_16x16_S_L
  L_end_Div_16x16_S
  _Div_16x16_S
  L_end_Div_8x8_S
  _Div_8x8_S
  L_end_SDIV3232L
  _SDIV3232L
  L_end_COMFREM
  _COMFREM
  L_end_Div_32x32_S
  _Div_32x32_S
  L_end_Div_32x32_U
  _Div_32x32_U
  L_end_Mul_32x32_U
  _Mul_32x32_U
  L_end_Mul_32x32_S
  _Mul_32x32_S
  L_CA2A_Loop
  L_CA2AW_Loop
  L_CS2S_Loop
  L_CS2S_End
  L_FZinS_Loop
  L_FZinS_End
  _CC2D_Loop1
  _CC2DL_Loop1
  L_end_____DoIFC
  _____DoIFC
  L_end___CA2A
  ___CA2A
  L_end___CA2AW
  ___CA2AW
  L_end___CS2S
  ___CS2S
  L_end___FZinS
  ___FZinS
  L_end___CC2D
  ___CC2D
  L_end___CC2DW
  ___CC2DW
  L_end_Swap
  _Swap
  L_UART1_Init0
  L_UART1_Init1
  L_UART1_Read2
  L_UART1_Write3
  L_UART1_Write4
  L_UART1_Write_Text5
  L_UART1_Write_Text6
  L_UART1_Read_Text7
  L_UART1_Read_Text8
  L_UART1_Read_Text9
  L_UART1_Read_Text10
  L_UART1_Read_Text11
  L_UART1_Read_Text12
  L_UART1_Read_Text13
  L_UART1_Read_Text14
  L_UART1_Read_Text15
  L_UART_Write_Text16
  L_UART_Write_Text17
  L_UART_Read_Text18
  L_UART_Read_Text19
  L_UART_Read_Text20
  L_UART_Read_Text21
  L_UART_Read_Text22
  L_UART_Read_Text23
  L_UART_Read_Text24
  L_UART_Read_Text25
  L_UART_Read_Text26
  L_end_UART1_Init
  _UART1_Init
  L_end_UART1_Data_Ready
  _UART1_Data_Ready
  L_end_UART1_Read
  _UART1_Read
  L_end_UART1_Tx_Idle
  _UART1_Tx_Idle
  L_end_UART1_Write
  _UART1_Write
  L_end_UART1_Write_Text
  _UART1_Write_Text
  L_end_UART1_Read_Text
  _UART1_Read_Text
  L_end_UART_Set_Active
  _UART_Set_Active
  L_end_UART_Write
  _UART_Write
  L_end_UART_Write_Text
  _UART_Write_Text
  L_end_UART_Read
  _UART_Read
  L_end_UART_Data_Ready
  _UART_Data_Ready
  L_end_UART_Read_Text
  _UART_Read_Text
  L_end_UART_Tx_Idle
  _UART_Tx_Idle
