;  LST file generated by mikroListExporter - v.2.0 
; Date/Time: 12/4/2013 7:39:07 PM
;----------------------------------------------

;Address Opcode 	ASM
0x0000	0x2BCD      	GOTO       973
_interrupt:
0x0004	0x00FF      	MOVWF      R15
0x0005	0x0E03      	SWAPF      STATUS, 0
0x0006	0x0183      	CLRF       STATUS
0x0007	0x00D6      	MOVWF      ___saveSTATUS
0x0008	0x080A      	MOVF       PCLATH, 0
0x0009	0x00D5      	MOVWF      ___savePCLATH
0x000A	0x018A      	CLRF       PCLATH
0x000B	0x0870      	MOVF       R0, 0
0x000C	0x00A9      	MOVWF      41
0x000D	0x0871      	MOVF       R1, 0
0x000E	0x00A8      	MOVWF      40
0x000F	0x0872      	MOVF       R2, 0
0x0010	0x00A7      	MOVWF      39
0x0011	0x0874      	MOVF       R4, 0
0x0012	0x00A6      	MOVWF      38
0x0013	0x0875      	MOVF       R5, 0
0x0014	0x00A5      	MOVWF      37
0x0015	0x0878      	MOVF       R8, 0
0x0016	0x00A4      	MOVWF      36
0x0017	0x0879      	MOVF       R9, 0
0x0018	0x00A3      	MOVWF      35
0x0019	0x087B      	MOVF       R11, 0
0x001A	0x00A2      	MOVWF      34
0x001B	0x087C      	MOVF       R12, 0
0x001C	0x00A1      	MOVWF      33
0x001D	0x087D      	MOVF       R13, 0
0x001E	0x00A0      	MOVWF      32
;MyProject.c,59 :: 		ISR() { // Interrupt service routine
;MyProject.c,60 :: 		if (_T0IE && _T0IF) {
0x001F	0x1E8B      	BTFSS      INTCON, 5
0x0020	0x2827      	GOTO       L_interrupt2
0x0021	0x1D0B      	BTFSS      INTCON, 2
0x0022	0x2827      	GOTO       L_interrupt2
L__interrupt22:
;MyProject.c,61 :: 		Task();
0x0023	0x2240      	CALL       _Task
;MyProject.c,62 :: 		TMR0+=95;
0x0024	0x305F      	MOVLW      95
0x0025	0x0781      	ADDWF      TMR0, 1
;MyProject.c,63 :: 		_T0IF = 0;
0x0026	0x110B      	BCF        INTCON, 2
;MyProject.c,64 :: 		}
L_interrupt2:
;MyProject.c,65 :: 		}
L_end_interrupt:
L__interrupt26:
0x0027	0x0829      	MOVF       41, 0
0x0028	0x00F0      	MOVWF      R0
0x0029	0x0828      	MOVF       40, 0
0x002A	0x00F1      	MOVWF      R1
0x002B	0x0827      	MOVF       39, 0
0x002C	0x00F2      	MOVWF      R2
0x002D	0x0826      	MOVF       38, 0
0x002E	0x00F4      	MOVWF      R4
0x002F	0x0825      	MOVF       37, 0
0x0030	0x00F5      	MOVWF      R5
0x0031	0x0824      	MOVF       36, 0
0x0032	0x00F8      	MOVWF      R8
0x0033	0x0823      	MOVF       35, 0
0x0034	0x00F9      	MOVWF      R9
0x0035	0x0822      	MOVF       34, 0
0x0036	0x00FB      	MOVWF      R11
0x0037	0x0821      	MOVF       33, 0
0x0038	0x00FC      	MOVWF      R12
0x0039	0x0820      	MOVF       32, 0
0x003A	0x00FD      	MOVWF      R13
0x003B	0x0855      	MOVF       ___savePCLATH, 0
0x003C	0x008A      	MOVWF      PCLATH
0x003D	0x0E56      	SWAPF      ___saveSTATUS, 0
0x003E	0x0083      	MOVWF      STATUS
0x003F	0x0EFF      	SWAPF      R15, 1
0x0040	0x0E7F      	SWAPF      R15, 0
0x0041	0x0009      	RETFIE
; end of _interrupt
_Div_16x16_U:
;__Lib_Math.c,215 :: 		
;__Lib_Math.c,222 :: 		
0x0042	0x1283      	BCF        STATUS, 5
;__Lib_Math.c,223 :: 		
0x0043	0x1303      	BCF        STATUS, 6
;__Lib_Math.c,224 :: 		
0x0044	0x01F8      	CLRF       R8
;__Lib_Math.c,225 :: 		
0x0045	0x01F9      	CLRF       R9
;__Lib_Math.c,226 :: 		
0x0046	0x3010      	MOVLW      16
;__Lib_Math.c,227 :: 		
0x0047	0x00FC      	MOVWF      R12
;__Lib_Math.c,228 :: 		
0x0048	0x0D71      	RLF        R1, 0
;__Lib_Math.c,229 :: 		
0x0049	0x0DF8      	RLF        R8, 1
;__Lib_Math.c,230 :: 		
0x004A	0x0DF9      	RLF        R9, 1
;__Lib_Math.c,231 :: 		
0x004B	0x0874      	MOVF       R4, 0
;__Lib_Math.c,232 :: 		
0x004C	0x02F8      	SUBWF      R8, 1
;__Lib_Math.c,233 :: 		
0x004D	0x0875      	MOVF       R5, 0
;__Lib_Math.c,234 :: 		
0x004E	0x1C03      	BTFSS      STATUS, 0
;__Lib_Math.c,235 :: 		
0x004F	0x0F75      	INCFSZ     R5, 0
;__Lib_Math.c,236 :: 		
0x0050	0x02F9      	SUBWF      R9, 1
;__Lib_Math.c,237 :: 		
0x0051	0x1803      	BTFSC      STATUS, 0
;__Lib_Math.c,238 :: 		
0x0052	0x285A      	GOTO       $+8
;__Lib_Math.c,239 :: 		
0x0053	0x0874      	MOVF       R4, 0
;__Lib_Math.c,240 :: 		
0x0054	0x07F8      	ADDWF      R8, 1
;__Lib_Math.c,241 :: 		
0x0055	0x0875      	MOVF       R5, 0
;__Lib_Math.c,242 :: 		
0x0056	0x1803      	BTFSC      STATUS, 0
;__Lib_Math.c,243 :: 		
0x0057	0x0F75      	INCFSZ     R5, 0
;__Lib_Math.c,244 :: 		
0x0058	0x07F9      	ADDWF      R9, 1
;__Lib_Math.c,245 :: 		
0x0059	0x1003      	BCF        STATUS, 0
;__Lib_Math.c,246 :: 		
0x005A	0x0DF0      	RLF        R0, 1
;__Lib_Math.c,247 :: 		
0x005B	0x0DF1      	RLF        R1, 1
;__Lib_Math.c,248 :: 		
0x005C	0x0BFC      	DECFSZ     R12, 1
;__Lib_Math.c,249 :: 		
0x005D	0x2848      	GOTO       $-21
;__Lib_Math.c,251 :: 		
L_end_Div_16x16_U:
0x005E	0x0008      	RETURN
; end of _Div_16x16_U
_Delay_22us:
;__Lib_Delays.c,15 :: 		void Delay_22us() {
;__Lib_Delays.c,16 :: 		Delay_us(22);
0x005F	0x300E      	MOVLW      14
0x0060	0x1283      	BCF        STATUS, 5
0x0061	0x1303      	BCF        STATUS, 6
0x0062	0x00FD      	MOVWF      R13
L_Delay_22us1:
0x0063	0x0BFD      	DECFSZ     R13, 1
0x0064	0x2863      	GOTO       L_Delay_22us1
0x0065	0x0000      	NOP
;__Lib_Delays.c,17 :: 		}
L_end_Delay_22us:
0x0066	0x0008      	RETURN
; end of _Delay_22us
_Div_16x16_S_L:
;__Lib_Math.c,420 :: 		
;__Lib_Math.c,426 :: 		
0x0067	0x0D71      	RLF        R1, 0
;__Lib_Math.c,427 :: 		
0x0068	0x0DF8      	RLF        R8, 1
;__Lib_Math.c,428 :: 		
0x0069	0x0DF9      	RLF        R9, 1
;__Lib_Math.c,429 :: 		
0x006A	0x0874      	MOVF       R4, 0
;__Lib_Math.c,430 :: 		
0x006B	0x02F8      	SUBWF      R8, 1
;__Lib_Math.c,431 :: 		
0x006C	0x0875      	MOVF       R5, 0
;__Lib_Math.c,432 :: 		
0x006D	0x1C03      	BTFSS      STATUS, 0
;__Lib_Math.c,433 :: 		
0x006E	0x0F75      	INCFSZ     R5, 0
;__Lib_Math.c,434 :: 		
0x006F	0x02F9      	SUBWF      R9, 1
;__Lib_Math.c,435 :: 		
0x0070	0x0DF0      	RLF        R0, 1
;__Lib_Math.c,436 :: 		
0x0071	0x0DF1      	RLF        R1, 1
;__Lib_Math.c,438 :: 		
0x0072	0x300F      	MOVLW      15
;__Lib_Math.c,439 :: 		
0x0073	0x00FC      	MOVWF      R12
;__Lib_Math.c,441 :: 		
0x0074	0x0D71      	RLF        R1, 0
;__Lib_Math.c,442 :: 		
0x0075	0x0DF8      	RLF        R8, 1
;__Lib_Math.c,443 :: 		
0x0076	0x0DF9      	RLF        R9, 1
;__Lib_Math.c,444 :: 		
0x0077	0x0874      	MOVF       R4, 0
;__Lib_Math.c,446 :: 		
0x0078	0x1C70      	BTFSS      R0, 0
;__Lib_Math.c,447 :: 		
0x0079	0x2880      	GOTO       $+7
;__Lib_Math.c,448 :: 		
0x007A	0x02F8      	SUBWF      R8, 1
;__Lib_Math.c,449 :: 		
0x007B	0x0875      	MOVF       R5, 0
;__Lib_Math.c,450 :: 		
0x007C	0x1C03      	BTFSS      STATUS, 0
;__Lib_Math.c,451 :: 		
0x007D	0x0F75      	INCFSZ     R5, 0
;__Lib_Math.c,452 :: 		
0x007E	0x02F9      	SUBWF      R9, 1
;__Lib_Math.c,453 :: 		
0x007F	0x2885      	GOTO       $+6
;__Lib_Math.c,455 :: 		
0x0080	0x07F8      	ADDWF      R8, 1
;__Lib_Math.c,456 :: 		
0x0081	0x0875      	MOVF       R5, 0
;__Lib_Math.c,457 :: 		
0x0082	0x1803      	BTFSC      STATUS, 0
;__Lib_Math.c,458 :: 		
0x0083	0x0F75      	INCFSZ     R5, 0
;__Lib_Math.c,459 :: 		
0x0084	0x07F9      	ADDWF      R9, 1
;__Lib_Math.c,461 :: 		
0x0085	0x0DF0      	RLF        R0, 1
;__Lib_Math.c,462 :: 		
0x0086	0x0DF1      	RLF        R1, 1
;__Lib_Math.c,464 :: 		
0x0087	0x0BFC      	DECFSZ     R12, 1
;__Lib_Math.c,465 :: 		
0x0088	0x2874      	GOTO       $-20
;__Lib_Math.c,467 :: 		
0x0089	0x1870      	BTFSC      R0, 0
;__Lib_Math.c,468 :: 		
0x008A	0x2891      	GOTO       $+7
;__Lib_Math.c,469 :: 		
0x008B	0x0874      	MOVF       R4, 0
;__Lib_Math.c,470 :: 		
0x008C	0x07F8      	ADDWF      R8, 1
;__Lib_Math.c,471 :: 		
0x008D	0x0875      	MOVF       R5, 0
;__Lib_Math.c,472 :: 		
0x008E	0x1803      	BTFSC      STATUS, 0
;__Lib_Math.c,473 :: 		
0x008F	0x0F75      	INCFSZ     R5, 0
;__Lib_Math.c,474 :: 		
0x0090	0x07F9      	ADDWF      R9, 1
;__Lib_Math.c,475 :: 		
0x0091	0x0000      	NOP
;__Lib_Math.c,477 :: 		
L_end_Div_16x16_S_L:
0x0092	0x0008      	RETURN
; end of _Div_16x16_S_L
_WordToStr:
;__Lib_Conversions.c,84 :: 		
;__Lib_Conversions.c,89 :: 		
0x0093	0x1283      	BCF        STATUS, 5
0x0094	0x1303      	BCF        STATUS, 6
0x0095	0x01E5      	CLRF       WordToStr_len_L0
L_WordToStr6:
0x0096	0x3005      	MOVLW      5
0x0097	0x0265      	SUBWF      WordToStr_len_L0, 0
0x0098	0x1803      	BTFSC      STATUS, 0
0x0099	0x28A1      	GOTO       L_WordToStr7
;__Lib_Conversions.c,90 :: 		
0x009A	0x0865      	MOVF       WordToStr_len_L0, 0
0x009B	0x0764      	ADDWF      FARG_WordToStr_output, 0
0x009C	0x0084      	MOVWF      FSR
0x009D	0x3020      	MOVLW      32
0x009E	0x0080      	MOVWF      INDF
;__Lib_Conversions.c,89 :: 		
0x009F	0x0AE5      	INCF       WordToStr_len_L0, 1
;__Lib_Conversions.c,90 :: 		
0x00A0	0x2896      	GOTO       L_WordToStr6
L_WordToStr7:
;__Lib_Conversions.c,91 :: 		
0x00A1	0x0865      	MOVF       WordToStr_len_L0, 0
0x00A2	0x0764      	ADDWF      FARG_WordToStr_output, 0
0x00A3	0x0084      	MOVWF      FSR
0x00A4	0x0180      	CLRF       INDF
0x00A5	0x03E5      	DECF       WordToStr_len_L0, 1
;__Lib_Conversions.c,93 :: 		
L_WordToStr9:
;__Lib_Conversions.c,94 :: 		
0x00A6	0x0865      	MOVF       WordToStr_len_L0, 0
0x00A7	0x0764      	ADDWF      FARG_WordToStr_output, 0
0x00A8	0x00E6      	MOVWF      FLOC__WordToStr
0x00A9	0x300A      	MOVLW      10
0x00AA	0x00F4      	MOVWF      R4
0x00AB	0x01F5      	CLRF       R4+1
0x00AC	0x0862      	MOVF       FARG_WordToStr_input, 0
0x00AD	0x00F0      	MOVWF      R0
0x00AE	0x0863      	MOVF       FARG_WordToStr_input+1, 0
0x00AF	0x00F1      	MOVWF      R0+1
0x00B0	0x2042      	CALL       _Div_16x16_U
0x00B1	0x0878      	MOVF       R8, 0
0x00B2	0x00F0      	MOVWF      R0
0x00B3	0x0879      	MOVF       R8+1, 0
0x00B4	0x00F1      	MOVWF      R0+1
0x00B5	0x3030      	MOVLW      48
0x00B6	0x07F0      	ADDWF      R0, 1
0x00B7	0x0866      	MOVF       FLOC__WordToStr, 0
0x00B8	0x0084      	MOVWF      FSR
0x00B9	0x0870      	MOVF       R0, 0
0x00BA	0x0080      	MOVWF      INDF
;__Lib_Conversions.c,95 :: 		
0x00BB	0x300A      	MOVLW      10
0x00BC	0x00F4      	MOVWF      R4
0x00BD	0x01F5      	CLRF       R4+1
0x00BE	0x0862      	MOVF       FARG_WordToStr_input, 0
0x00BF	0x00F0      	MOVWF      R0
0x00C0	0x0863      	MOVF       FARG_WordToStr_input+1, 0
0x00C1	0x00F1      	MOVWF      R0+1
0x00C2	0x2042      	CALL       _Div_16x16_U
0x00C3	0x0870      	MOVF       R0, 0
0x00C4	0x00E2      	MOVWF      FARG_WordToStr_input
0x00C5	0x0871      	MOVF       R0+1, 0
0x00C6	0x00E3      	MOVWF      FARG_WordToStr_input+1
;__Lib_Conversions.c,96 :: 		
0x00C7	0x3000      	MOVLW      0
0x00C8	0x0671      	XORWF      R0+1, 0
0x00C9	0x1D03      	BTFSS      STATUS, 2
0x00CA	0x28CD      	GOTO       L__WordToStr109
0x00CB	0x3000      	MOVLW      0
0x00CC	0x0670      	XORWF      R0, 0
L__WordToStr109:
0x00CD	0x1D03      	BTFSS      STATUS, 2
0x00CE	0x28D0      	GOTO       L_WordToStr11
;__Lib_Conversions.c,97 :: 		
0x00CF	0x28D2      	GOTO       L_WordToStr10
L_WordToStr11:
;__Lib_Conversions.c,98 :: 		
0x00D0	0x03E5      	DECF       WordToStr_len_L0, 1
;__Lib_Conversions.c,99 :: 		
0x00D1	0x28A6      	GOTO       L_WordToStr9
L_WordToStr10:
;__Lib_Conversions.c,100 :: 		
L_end_WordToStr:
0x00D2	0x0008      	RETURN
; end of _WordToStr
_UART1_Write:
;__Lib_UART_b75.c,36 :: 		
;__Lib_UART_b75.c,37 :: 		
L_UART1_Write3:
0x00D3	0x1683      	BSF        STATUS, 5
0x00D4	0x1303      	BCF        STATUS, 6
0x00D5	0x1898      	BTFSC      TXSTA, 1
0x00D6	0x28D9      	GOTO       L_UART1_Write4
;__Lib_UART_b75.c,38 :: 		
0x00D7	0x0000      	NOP
0x00D8	0x28D3      	GOTO       L_UART1_Write3
L_UART1_Write4:
;__Lib_UART_b75.c,39 :: 		
0x00D9	0x1283      	BCF        STATUS, 5
0x00DA	0x0862      	MOVF       FARG_UART1_Write_data_, 0
0x00DB	0x0099      	MOVWF      TXREG
;__Lib_UART_b75.c,40 :: 		
L_end_UART1_Write:
0x00DC	0x0008      	RETURN
; end of _UART1_Write
_ADC_Init:
;__Lib_ADC_A_B.c,8 :: 		
;__Lib_ADC_A_B.c,9 :: 		
0x00DD	0x30FF      	MOVLW      _ADC_Get_Sample
0x00DE	0x1283      	BCF        STATUS, 5
0x00DF	0x1303      	BCF        STATUS, 6
0x00E0	0x00B0      	MOVWF      _ADC_Get_Sample_Ptr
0x00E1	0x30FF      	MOVLW      hi_addr(_ADC_Get_Sample)
0x00E2	0x00B1      	MOVWF      _ADC_Get_Sample_Ptr+1
0x00E3	0x30FF      	MOVLW      FARG_ADC_Get_Sample_channel
0x00E4	0x00B2      	MOVWF      _ADC_Get_Sample_Ptr+2
0x00E5	0x30FF      	MOVLW      hi_addr(FARG_ADC_Get_Sample_channel)
;__Lib_ADC_A_B.c,11 :: 		
0x00E6	0x30C3      	MOVLW      195
0x00E7	0x059F      	ANDWF      ADCON0, 1
;__Lib_ADC_A_B.c,15 :: 		
0x00E8	0x3040      	MOVLW      64
0x00E9	0x059F      	ANDWF      ADCON0, 1
;__Lib_ADC_A_B.c,16 :: 		
0x00EA	0x30F0      	MOVLW      240
0x00EB	0x1683      	BSF        STATUS, 5
0x00EC	0x049F      	IORWF      ADCON1, 1
;__Lib_ADC_A_B.c,17 :: 		
0x00ED	0x1283      	BCF        STATUS, 5
0x00EE	0x179F      	BSF        ADCON0, 7
;__Lib_ADC_A_B.c,19 :: 		
0x00EF	0x141F      	BSF        ADCON0, 0
;__Lib_ADC_A_B.c,20 :: 		
L_end_ADC_Init:
0x00F0	0x0008      	RETURN
; end of _ADC_Init
_____DoICP:
;__Lib_System.c,6 :: 		
;__Lib_System.c,9 :: 		
0x00F1	0x1283      	BCF        STATUS, 5
0x00F2	0x1303      	BCF        STATUS, 6
0x00F3	0x0838      	MOVF       ___DoICPAddr+1, 0
0x00F4	0x008A      	MOVWF      PCLATH
;__Lib_System.c,10 :: 		
0x00F5	0x0837      	MOVF       ___DoICPAddr, 0
0x00F6	0x0082      	MOVWF      PCL
;__Lib_System.c,12 :: 		
L_end_____DoICP:
0x00F7	0x0008      	RETURN
; end of _____DoICP
_UART1_Init:
;__Lib_UART_b75.c,2 :: 		
;__Lib_UART_b75.c,5 :: 		
0x00F8	0x1683      	BSF        STATUS, 5
0x00F9	0x1303      	BCF        STATUS, 6
0x00FA	0x1698      	BSF        TXSTA, 5
;__Lib_UART_b75.c,6 :: 		
0x00FB	0x3090      	MOVLW      144
0x00FC	0x1283      	BCF        STATUS, 5
0x00FD	0x0098      	MOVWF      RCSTA
;__Lib_UART_b75.c,7 :: 		
0x00FE	0x1683      	BSF        STATUS, 5
0x00FF	0x1686      	BSF        TRISB5_bit, 5
;__Lib_UART_b75.c,8 :: 		
0x0100	0x1386      	BCF        TRISB7_bit, 7
;__Lib_UART_b75.c,9 :: 		
L_UART1_Init0:
0x0101	0x1283      	BCF        STATUS, 5
0x0102	0x1E8C      	BTFSS      PIR1, 5
0x0103	0x2907      	GOTO       L_UART1_Init1
;__Lib_UART_b75.c,10 :: 		
0x0104	0x081A      	MOVF       RCREG, 0
0x0105	0x00F0      	MOVWF      R0
0x0106	0x2901      	GOTO       L_UART1_Init0
L_UART1_Init1:
;__Lib_UART_b75.c,11 :: 		
L_end_UART1_Init:
0x0107	0x0008      	RETURN
; end of _UART1_Init
_IntToStr:
;__Lib_Conversions.c,146 :: 		
;__Lib_Conversions.c,152 :: 		
0x0108	0x1283      	BCF        STATUS, 5
0x0109	0x1303      	BCF        STATUS, 6
0x010A	0x01DE      	CLRF       IntToStr_negative_L0
0x010B	0x01DF      	CLRF       IntToStr_negative_L0+1
;__Lib_Conversions.c,153 :: 		
0x010C	0x0859      	MOVF       FARG_IntToStr_input, 0
0x010D	0x00E0      	MOVWF      IntToStr_inword_L0
0x010E	0x085A      	MOVF       FARG_IntToStr_input+1, 0
0x010F	0x00E1      	MOVWF      IntToStr_inword_L0+1
;__Lib_Conversions.c,154 :: 		
0x0110	0x3080      	MOVLW      128
0x0111	0x065A      	XORWF      FARG_IntToStr_input+1, 0
0x0112	0x00F0      	MOVWF      R0
0x0113	0x3080      	MOVLW      128
0x0114	0x0270      	SUBWF      R0, 0
0x0115	0x1D03      	BTFSS      STATUS, 2
0x0116	0x2919      	GOTO       L__IntToStr115
0x0117	0x3000      	MOVLW      0
0x0118	0x0259      	SUBWF      FARG_IntToStr_input, 0
L__IntToStr115:
0x0119	0x1803      	BTFSC      STATUS, 0
0x011A	0x2927      	GOTO       L_IntToStr23
;__Lib_Conversions.c,155 :: 		
0x011B	0x3001      	MOVLW      1
0x011C	0x00DE      	MOVWF      IntToStr_negative_L0
0x011D	0x3000      	MOVLW      0
0x011E	0x00DF      	MOVWF      IntToStr_negative_L0+1
;__Lib_Conversions.c,156 :: 		
0x011F	0x0859      	MOVF       FARG_IntToStr_input, 0
0x0120	0x3C00      	SUBLW      0
0x0121	0x00E0      	MOVWF      IntToStr_inword_L0
0x0122	0x085A      	MOVF       FARG_IntToStr_input+1, 0
0x0123	0x1C03      	BTFSS      STATUS, 0
0x0124	0x3E01      	ADDLW      1
0x0125	0x01E1      	CLRF       IntToStr_inword_L0+1
0x0126	0x02E1      	SUBWF      IntToStr_inword_L0+1, 1
;__Lib_Conversions.c,157 :: 		
L_IntToStr23:
;__Lib_Conversions.c,158 :: 		
0x0127	0x0860      	MOVF       IntToStr_inword_L0, 0
0x0128	0x00E2      	MOVWF      FARG_WordToStr_input
0x0129	0x0861      	MOVF       IntToStr_inword_L0+1, 0
0x012A	0x00E3      	MOVWF      FARG_WordToStr_input+1
0x012B	0x085B      	MOVF       FARG_IntToStr_output, 0
0x012C	0x00E4      	MOVWF      FARG_WordToStr_output
0x012D	0x2093      	CALL       _WordToStr
;__Lib_Conversions.c,160 :: 		
0x012E	0x3006      	MOVLW      6
0x012F	0x00DC      	MOVWF      IntToStr_i_L0
0x0130	0x3000      	MOVLW      0
0x0131	0x00DD      	MOVWF      IntToStr_i_L0+1
;__Lib_Conversions.c,161 :: 		
L_IntToStr24:
0x0132	0x085D      	MOVF       IntToStr_i_L0+1, 0
0x0133	0x3C00      	SUBLW      0
0x0134	0x1D03      	BTFSS      STATUS, 2
0x0135	0x2938      	GOTO       L__IntToStr116
0x0136	0x085C      	MOVF       IntToStr_i_L0, 0
0x0137	0x3C00      	SUBLW      0
L__IntToStr116:
0x0138	0x1803      	BTFSC      STATUS, 0
0x0139	0x2953      	GOTO       L_IntToStr25
;__Lib_Conversions.c,162 :: 		
0x013A	0x085C      	MOVF       IntToStr_i_L0, 0
0x013B	0x075B      	ADDWF      FARG_IntToStr_output, 0
0x013C	0x00F2      	MOVWF      R2
0x013D	0x3001      	MOVLW      1
0x013E	0x025C      	SUBWF      IntToStr_i_L0, 0
0x013F	0x00F0      	MOVWF      R0
0x0140	0x3000      	MOVLW      0
0x0141	0x1C03      	BTFSS      STATUS, 0
0x0142	0x3E01      	ADDLW      1
0x0143	0x025D      	SUBWF      IntToStr_i_L0+1, 0
0x0144	0x00F1      	MOVWF      R0+1
0x0145	0x0870      	MOVF       R0, 0
0x0146	0x075B      	ADDWF      FARG_IntToStr_output, 0
0x0147	0x0084      	MOVWF      FSR
0x0148	0x0800      	MOVF       INDF, 0
0x0149	0x00F0      	MOVWF      R0
0x014A	0x0872      	MOVF       R2, 0
0x014B	0x0084      	MOVWF      FSR
0x014C	0x0870      	MOVF       R0, 0
0x014D	0x0080      	MOVWF      INDF
;__Lib_Conversions.c,163 :: 		
0x014E	0x3001      	MOVLW      1
0x014F	0x02DC      	SUBWF      IntToStr_i_L0, 1
0x0150	0x1C03      	BTFSS      STATUS, 0
0x0151	0x03DD      	DECF       IntToStr_i_L0+1, 1
;__Lib_Conversions.c,164 :: 		
0x0152	0x2932      	GOTO       L_IntToStr24
L_IntToStr25:
;__Lib_Conversions.c,165 :: 		
0x0153	0x085B      	MOVF       FARG_IntToStr_output, 0
0x0154	0x0084      	MOVWF      FSR
0x0155	0x3020      	MOVLW      32
0x0156	0x0080      	MOVWF      INDF
;__Lib_Conversions.c,166 :: 		
0x0157	0x085E      	MOVF       IntToStr_negative_L0, 0
0x0158	0x045F      	IORWF      IntToStr_negative_L0+1, 0
0x0159	0x1903      	BTFSC      STATUS, 2
0x015A	0x2971      	GOTO       L_IntToStr26
;__Lib_Conversions.c,167 :: 		
0x015B	0x01DC      	CLRF       IntToStr_i_L0
0x015C	0x01DD      	CLRF       IntToStr_i_L0+1
;__Lib_Conversions.c,168 :: 		
L_IntToStr27:
0x015D	0x085C      	MOVF       IntToStr_i_L0, 0
0x015E	0x075B      	ADDWF      FARG_IntToStr_output, 0
0x015F	0x0084      	MOVWF      FSR
0x0160	0x0800      	MOVF       INDF, 0
0x0161	0x3A20      	XORLW      32
0x0162	0x1D03      	BTFSS      STATUS, 2
0x0163	0x2968      	GOTO       L_IntToStr28
0x0164	0x0ADC      	INCF       IntToStr_i_L0, 1
0x0165	0x1903      	BTFSC      STATUS, 2
0x0166	0x0ADD      	INCF       IntToStr_i_L0+1, 1
0x0167	0x295D      	GOTO       L_IntToStr27
L_IntToStr28:
;__Lib_Conversions.c,169 :: 		
0x0168	0x3001      	MOVLW      1
0x0169	0x02DC      	SUBWF      IntToStr_i_L0, 1
0x016A	0x1C03      	BTFSS      STATUS, 0
0x016B	0x03DD      	DECF       IntToStr_i_L0+1, 1
;__Lib_Conversions.c,170 :: 		
0x016C	0x085C      	MOVF       IntToStr_i_L0, 0
0x016D	0x075B      	ADDWF      FARG_IntToStr_output, 0
0x016E	0x0084      	MOVWF      FSR
0x016F	0x302D      	MOVLW      45
0x0170	0x0080      	MOVWF      INDF
L_IntToStr26:
;__Lib_Conversions.c,171 :: 		
L_end_IntToStr:
0x0171	0x0008      	RETURN
; end of _IntToStr
_Div_16x16_S:
;__Lib_Math.c,479 :: 		
;__Lib_Math.c,487 :: 		
0x0172	0x1283      	BCF        STATUS, 5
0x0173	0x1303      	BCF        STATUS, 6
0x0174	0x0874      	MOVF       R4, 0
0x0175	0x3A00      	XORLW      0
0x0176	0x1D03      	BTFSS      STATUS, 2
0x0177	0x2981      	GOTO       L_Div_16x16_S0
;__Lib_Math.c,488 :: 		
0x0178	0x0875      	MOVF       R5, 0
0x0179	0x3A00      	XORLW      0
0x017A	0x1D03      	BTFSS      STATUS, 2
0x017B	0x2981      	GOTO       L_Div_16x16_S1
;__Lib_Math.c,489 :: 		
0x017C	0x30FF      	MOVLW      255
0x017D	0x00F0      	MOVWF      R0
;__Lib_Math.c,490 :: 		
0x017E	0x307F      	MOVLW      127
0x017F	0x00F1      	MOVWF      R1
;__Lib_Math.c,491 :: 		
0x0180	0x29DA      	GOTO       L_end_Div_16x16_S
;__Lib_Math.c,492 :: 		
L_Div_16x16_S1:
L_Div_16x16_S0:
;__Lib_Math.c,495 :: 		
0x0181	0x1283      	BCF        STATUS, 5
;__Lib_Math.c,496 :: 		
0x0182	0x1303      	BCF        STATUS, 6
;__Lib_Math.c,497 :: 		
0x0183	0x01FD      	CLRF       R13
;__Lib_Math.c,498 :: 		
0x0184	0x01F9      	CLRF       R9
;__Lib_Math.c,499 :: 		
0x0185	0x01F8      	CLRF       R8
;__Lib_Math.c,500 :: 		
0x0186	0x0871      	MOVF       R1, 0
;__Lib_Math.c,501 :: 		
0x0187	0x0470      	IORWF      R0, 0
;__Lib_Math.c,502 :: 		
0x0188	0x1903      	BTFSC      STATUS, 2
;__Lib_Math.c,503 :: 		
0x0189	0x3400      	RETLW      0
;__Lib_Math.c,505 :: 		
0x018A	0x0871      	MOVF       R1, 0
;__Lib_Math.c,506 :: 		
0x018B	0x0675      	XORWF      R5, 0
;__Lib_Math.c,507 :: 		
0x018C	0x00FA      	MOVWF      R10
;__Lib_Math.c,508 :: 		
0x018D	0x1BFA      	BTFSC      R10, 7
;__Lib_Math.c,509 :: 		
0x018E	0x09FD      	COMF       R13, 1
;__Lib_Math.c,511 :: 		
0x018F	0x01FB      	CLRF       R11
;__Lib_Math.c,513 :: 		
0x0190	0x1FF5      	BTFSS      R5, 7
;__Lib_Math.c,514 :: 		
0x0191	0x2997      	GOTO       $+6
;__Lib_Math.c,516 :: 		
0x0192	0x09F4      	COMF       R4, 1
;__Lib_Math.c,517 :: 		
0x0193	0x09F5      	COMF       R5, 1
;__Lib_Math.c,518 :: 		
0x0194	0x0AF4      	INCF       R4, 1
;__Lib_Math.c,519 :: 		
0x0195	0x1903      	BTFSC      STATUS, 2
;__Lib_Math.c,520 :: 		
0x0196	0x0AF5      	INCF       R5, 1
;__Lib_Math.c,522 :: 		
0x0197	0x1FF1      	BTFSS      R1, 7
;__Lib_Math.c,523 :: 		
0x0198	0x299E      	GOTO       $+6
;__Lib_Math.c,525 :: 		
0x0199	0x09F0      	COMF       R0, 1
;__Lib_Math.c,526 :: 		
0x019A	0x09F1      	COMF       R1, 1
;__Lib_Math.c,527 :: 		
0x019B	0x0AF0      	INCF       R0, 1
;__Lib_Math.c,528 :: 		
0x019C	0x1903      	BTFSC      STATUS, 2
;__Lib_Math.c,529 :: 		
0x019D	0x0AF1      	INCF       R1, 1
;__Lib_Math.c,531 :: 		
0x019E	0x0871      	MOVF       R1, 0
;__Lib_Math.c,532 :: 		
0x019F	0x0475      	IORWF      R5, 0
;__Lib_Math.c,533 :: 		
0x01A0	0x00FA      	MOVWF      R10
;__Lib_Math.c,534 :: 		
0x01A1	0x1BFA      	BTFSC      R10, 7
;__Lib_Math.c,535 :: 		
0x01A2	0x29B3      	GOTO       $+17
;__Lib_Math.c,537 :: 		
0x01A3	0x2067      	CALL       _Div_16x16_S_L
;__Lib_Math.c,539 :: 		
0x01A4	0x187B      	BTFSC      R11, 0
;__Lib_Math.c,540 :: 		
0x01A5	0x29C6      	GOTO       $+33
;__Lib_Math.c,542 :: 		
0x01A6	0x1FFD      	BTFSS      R13, 7
;__Lib_Math.c,543 :: 		
0x01A7	0x3400      	RETLW      0
;__Lib_Math.c,545 :: 		
0x01A8	0x09F0      	COMF       R0, 1
;__Lib_Math.c,546 :: 		
0x01A9	0x09F1      	COMF       R1, 1
;__Lib_Math.c,547 :: 		
0x01AA	0x0AF0      	INCF       R0, 1
;__Lib_Math.c,548 :: 		
0x01AB	0x1903      	BTFSC      STATUS, 2
;__Lib_Math.c,549 :: 		
0x01AC	0x0AF1      	INCF       R1, 1
;__Lib_Math.c,551 :: 		
0x01AD	0x09F8      	COMF       R8, 1
;__Lib_Math.c,552 :: 		
0x01AE	0x09F9      	COMF       R9, 1
;__Lib_Math.c,553 :: 		
0x01AF	0x0AF8      	INCF       R8, 1
;__Lib_Math.c,554 :: 		
0x01B0	0x1903      	BTFSC      STATUS, 2
;__Lib_Math.c,555 :: 		
0x01B1	0x0AF9      	INCF       R9, 1
;__Lib_Math.c,557 :: 		
0x01B2	0x3400      	RETLW      0
;__Lib_Math.c,559 :: 		
0x01B3	0x1FF5      	BTFSS      R5, 7
;__Lib_Math.c,560 :: 		
0x01B4	0x29C2      	GOTO       $+14
;__Lib_Math.c,561 :: 		
0x01B5	0x1BF1      	BTFSC      R1, 7
;__Lib_Math.c,562 :: 		
0x01B6	0x29BE      	GOTO       $+8
;__Lib_Math.c,563 :: 		
0x01B7	0x0871      	MOVF       R1, 0
;__Lib_Math.c,564 :: 		
0x01B8	0x00F9      	MOVWF      R9
;__Lib_Math.c,565 :: 		
0x01B9	0x0870      	MOVF       R0, 0
;__Lib_Math.c,566 :: 		
0x01BA	0x00F8      	MOVWF      R8
;__Lib_Math.c,567 :: 		
0x01BB	0x01F1      	CLRF       R1
;__Lib_Math.c,568 :: 		
0x01BC	0x01F0      	CLRF       R0
;__Lib_Math.c,569 :: 		
0x01BD	0x29A6      	GOTO       $-23
;__Lib_Math.c,570 :: 		
0x01BE	0x01F1      	CLRF       R1
;__Lib_Math.c,571 :: 		
0x01BF	0x01F0      	CLRF       R0
;__Lib_Math.c,572 :: 		
0x01C0	0x0AF0      	INCF       R0, 1
;__Lib_Math.c,573 :: 		
0x01C1	0x3400      	RETLW      0
;__Lib_Math.c,575 :: 		
0x01C2	0x09F1      	COMF       R1, 1
;__Lib_Math.c,576 :: 		
0x01C3	0x09F0      	COMF       R0, 1
;__Lib_Math.c,577 :: 		
0x01C4	0x0AFB      	INCF       R11, 1
;__Lib_Math.c,578 :: 		
0x01C5	0x29A3      	GOTO       $-34
;__Lib_Math.c,580 :: 		
0x01C6	0x0AF8      	INCF       R8, 1
;__Lib_Math.c,581 :: 		
0x01C7	0x1903      	BTFSC      STATUS, 2
;__Lib_Math.c,582 :: 		
0x01C8	0x0AF9      	INCF       R9, 1
;__Lib_Math.c,583 :: 		
0x01C9	0x0874      	MOVF       R4, 0
;__Lib_Math.c,584 :: 		
0x01CA	0x0278      	SUBWF      R8, 0
;__Lib_Math.c,585 :: 		
0x01CB	0x1D03      	BTFSS      STATUS, 2
;__Lib_Math.c,586 :: 		
0x01CC	0x29A6      	GOTO       $-38
;__Lib_Math.c,587 :: 		
0x01CD	0x0875      	MOVF       R5, 0
;__Lib_Math.c,588 :: 		
0x01CE	0x0279      	SUBWF      R9, 0
;__Lib_Math.c,589 :: 		
0x01CF	0x1D03      	BTFSS      STATUS, 2
;__Lib_Math.c,590 :: 		
0x01D0	0x29A6      	GOTO       $-42
;__Lib_Math.c,591 :: 		
0x01D1	0x01F9      	CLRF       R9
;__Lib_Math.c,592 :: 		
0x01D2	0x01F8      	CLRF       R8
;__Lib_Math.c,593 :: 		
0x01D3	0x0AF0      	INCF       R0, 1
;__Lib_Math.c,594 :: 		
0x01D4	0x1903      	BTFSC      STATUS, 2
;__Lib_Math.c,595 :: 		
0x01D5	0x0AF1      	INCF       R1, 1
;__Lib_Math.c,596 :: 		
0x01D6	0x1FF1      	BTFSS      R1, 7
;__Lib_Math.c,597 :: 		
0x01D7	0x29A6      	GOTO       $-49
;__Lib_Math.c,598 :: 		
0x01D8	0x0000      	NOP
;__Lib_Math.c,599 :: 		
0x01D9	0x34FF      	RETLW      255
;__Lib_Math.c,601 :: 		
L_end_Div_16x16_S:
0x01DA	0x0008      	RETURN
; end of _Div_16x16_S
_UART1_Write_Text:
;__Lib_UART_b75.c,43 :: 		
;__Lib_UART_b75.c,44 :: 		
0x01DB	0x1283      	BCF        STATUS, 5
0x01DC	0x1303      	BCF        STATUS, 6
0x01DD	0x01DB      	CLRF       UART1_Write_Text_counter_L0
;__Lib_UART_b75.c,46 :: 		
0x01DE	0x0859      	MOVF       FARG_UART1_Write_Text_uart_text, 0
0x01DF	0x0084      	MOVWF      FSR
0x01E0	0x0800      	MOVF       INDF, 0
0x01E1	0x00DA      	MOVWF      UART1_Write_Text_data__L0
;__Lib_UART_b75.c,47 :: 		
L_UART1_Write_Text5:
0x01E2	0x085A      	MOVF       UART1_Write_Text_data__L0, 0
0x01E3	0x3A00      	XORLW      0
0x01E4	0x1903      	BTFSC      STATUS, 2
0x01E5	0x29F0      	GOTO       L_UART1_Write_Text6
;__Lib_UART_b75.c,48 :: 		
0x01E6	0x085A      	MOVF       UART1_Write_Text_data__L0, 0
0x01E7	0x00E2      	MOVWF      FARG_UART1_Write_data_
0x01E8	0x20D3      	CALL       _UART1_Write
;__Lib_UART_b75.c,49 :: 		
0x01E9	0x0ADB      	INCF       UART1_Write_Text_counter_L0, 1
;__Lib_UART_b75.c,50 :: 		
0x01EA	0x085B      	MOVF       UART1_Write_Text_counter_L0, 0
0x01EB	0x0759      	ADDWF      FARG_UART1_Write_Text_uart_text, 0
0x01EC	0x0084      	MOVWF      FSR
0x01ED	0x0800      	MOVF       INDF, 0
0x01EE	0x00DA      	MOVWF      UART1_Write_Text_data__L0
;__Lib_UART_b75.c,51 :: 		
0x01EF	0x29E2      	GOTO       L_UART1_Write_Text5
L_UART1_Write_Text6:
;__Lib_UART_b75.c,52 :: 		
L_end_UART1_Write_Text:
0x01F0	0x0008      	RETURN
; end of _UART1_Write_Text
_ADC_Read:
;__Lib_ADC_A_B.c,49 :: 		
;__Lib_ADC_A_B.c,51 :: 		
0x01F1	0x30C3      	MOVLW      195
0x01F2	0x1283      	BCF        STATUS, 5
0x01F3	0x1303      	BCF        STATUS, 6
0x01F4	0x059F      	ANDWF      ADCON0, 1
;__Lib_ADC_A_B.c,55 :: 		
0x01F5	0x3040      	MOVLW      64
0x01F6	0x059F      	ANDWF      ADCON0, 1
;__Lib_ADC_A_B.c,56 :: 		
0x01F7	0x30F0      	MOVLW      240
0x01F8	0x1683      	BSF        STATUS, 5
0x01F9	0x049F      	IORWF      ADCON1, 1
;__Lib_ADC_A_B.c,57 :: 		
0x01FA	0x1283      	BCF        STATUS, 5
0x01FB	0x179F      	BSF        ADCON0, 7
;__Lib_ADC_A_B.c,58 :: 		
0x01FC	0x0867      	MOVF       FARG_ADC_Read_channel, 0
0x01FD	0x00F0      	MOVWF      R0
0x01FE	0x0DF0      	RLF        R0, 1
0x01FF	0x1070      	BCF        R0, 0
0x0200	0x0DF0      	RLF        R0, 1
0x0201	0x1070      	BCF        R0, 0
0x0202	0x0870      	MOVF       R0, 0
0x0203	0x049F      	IORWF      ADCON0, 1
;__Lib_ADC_A_B.c,61 :: 		
0x0204	0x141F      	BSF        ADCON0, 0
;__Lib_ADC_A_B.c,64 :: 		
0x0205	0x205F      	CALL       _Delay_22us
;__Lib_ADC_A_B.c,67 :: 		
0x0206	0x149F      	BSF        ADCON0, 1
;__Lib_ADC_A_B.c,70 :: 		
L_ADC_Read2:
0x0207	0x1C9F      	BTFSS      ADCON0, 1
0x0208	0x2A0B      	GOTO       L_ADC_Read3
;__Lib_ADC_A_B.c,71 :: 		
0x0209	0x0000      	NOP
0x020A	0x2A07      	GOTO       L_ADC_Read2
L_ADC_Read3:
;__Lib_ADC_A_B.c,74 :: 		
0x020B	0x101F      	BCF        ADCON0, 0
;__Lib_ADC_A_B.c,77 :: 		
0x020C	0x081E      	MOVF       ADRESH, 0
0x020D	0x00F1      	MOVWF      R0+1
0x020E	0x01F0      	CLRF       R0
0x020F	0x1683      	BSF        STATUS, 5
0x0210	0x081E      	MOVF       ADRESL, 0
0x0211	0x04F0      	IORWF      R0, 1
0x0212	0x3000      	MOVLW      0
0x0213	0x04F1      	IORWF      R0+1, 1
;__Lib_ADC_A_B.c,78 :: 		
L_end_ADC_Read:
0x0214	0x0008      	RETURN
; end of _ADC_Read
_Mul_16x16_U:
;__Lib_Math.c,136 :: 		
;__Lib_Math.c,143 :: 		
0x0215	0x1283      	BCF        STATUS, 5
;__Lib_Math.c,144 :: 		
0x0216	0x1303      	BCF        STATUS, 6
;__Lib_Math.c,145 :: 		
0x0217	0x01FB      	CLRF       R11
;__Lib_Math.c,146 :: 		
0x0218	0x01FA      	CLRF       R10
;__Lib_Math.c,147 :: 		
0x0219	0x01F9      	CLRF       R9
;__Lib_Math.c,148 :: 		
0x021A	0x3080      	MOVLW      128
;__Lib_Math.c,149 :: 		
0x021B	0x00F8      	MOVWF      R8
;__Lib_Math.c,150 :: 		
0x021C	0x0CF1      	RRF        R1, 1
;__Lib_Math.c,151 :: 		
0x021D	0x0CF0      	RRF        R0, 1
;__Lib_Math.c,152 :: 		
0x021E	0x1C03      	BTFSS      STATUS, 0
;__Lib_Math.c,153 :: 		
0x021F	0x2A29      	GOTO       $+10
;__Lib_Math.c,154 :: 		
0x0220	0x0874      	MOVF       R4, 0
;__Lib_Math.c,155 :: 		
0x0221	0x07F9      	ADDWF      R9, 1
;__Lib_Math.c,156 :: 		
0x0222	0x0875      	MOVF       R5, 0
;__Lib_Math.c,157 :: 		
0x0223	0x1803      	BTFSC      STATUS, 0
;__Lib_Math.c,158 :: 		
0x0224	0x0F75      	INCFSZ     R5, 0
;__Lib_Math.c,159 :: 		
0x0225	0x07FA      	ADDWF      R10, 1
;__Lib_Math.c,160 :: 		
0x0226	0x1803      	BTFSC      STATUS, 0
;__Lib_Math.c,161 :: 		
0x0227	0x0AFB      	INCF       R11, 1
;__Lib_Math.c,162 :: 		
0x0228	0x1003      	BCF        STATUS, 0
;__Lib_Math.c,163 :: 		
0x0229	0x1FF0      	BTFSS      R0, 7
;__Lib_Math.c,164 :: 		
0x022A	0x2A31      	GOTO       $+7
;__Lib_Math.c,165 :: 		
0x022B	0x0874      	MOVF       R4, 0
;__Lib_Math.c,166 :: 		
0x022C	0x07FA      	ADDWF      R10, 1
;__Lib_Math.c,167 :: 		
0x022D	0x0875      	MOVF       R5, 0
;__Lib_Math.c,168 :: 		
0x022E	0x1803      	BTFSC      STATUS, 0
;__Lib_Math.c,169 :: 		
0x022F	0x0F75      	INCFSZ     R5, 0
;__Lib_Math.c,170 :: 		
0x0230	0x07FB      	ADDWF      R11, 1
;__Lib_Math.c,171 :: 		
0x0231	0x0CFB      	RRF        R11, 1
;__Lib_Math.c,172 :: 		
0x0232	0x0CFA      	RRF        R10, 1
;__Lib_Math.c,173 :: 		
0x0233	0x0CF9      	RRF        R9, 1
;__Lib_Math.c,174 :: 		
0x0234	0x0CF8      	RRF        R8, 1
;__Lib_Math.c,175 :: 		
0x0235	0x1C03      	BTFSS      STATUS, 0
;__Lib_Math.c,176 :: 		
0x0236	0x2A1C      	GOTO       $-26
;__Lib_Math.c,177 :: 		
0x0237	0x087B      	MOVF       R11, 0
;__Lib_Math.c,178 :: 		
0x0238	0x00F3      	MOVWF      R3
;__Lib_Math.c,179 :: 		
0x0239	0x087A      	MOVF       R10, 0
;__Lib_Math.c,180 :: 		
0x023A	0x00F2      	MOVWF      R2
;__Lib_Math.c,181 :: 		
0x023B	0x0879      	MOVF       R9, 0
;__Lib_Math.c,182 :: 		
0x023C	0x00F1      	MOVWF      R1
;__Lib_Math.c,183 :: 		
0x023D	0x0878      	MOVF       R8, 0
;__Lib_Math.c,184 :: 		
0x023E	0x00F0      	MOVWF      R0
;__Lib_Math.c,187 :: 		
L_end_Mul_16x16_U:
0x023F	0x0008      	RETURN
; end of _Mul_16x16_U
_Task:
;MyProject.c,69 :: 		void Task() {
;MyProject.c,70 :: 		raw=ADC_Read(GYRO);
0x0240	0x3003      	MOVLW      3
0x0241	0x1283      	BCF        STATUS, 5
0x0242	0x1303      	BCF        STATUS, 6
0x0243	0x00E7      	MOVWF      FARG_ADC_Read_channel
0x0244	0x21F1      	CALL       _ADC_Read
0x0245	0x0870      	MOVF       R0, 0
0x0246	0x1283      	BCF        STATUS, 5
0x0247	0x00B3      	MOVWF      _raw
0x0248	0x0871      	MOVF       R0+1, 0
0x0249	0x00B4      	MOVWF      _raw+1
;MyProject.c,71 :: 		if (counter < 2000) {
0x024A	0x3080      	MOVLW      128
0x024B	0x0654      	XORWF      _counter+1, 0
0x024C	0x00F0      	MOVWF      R0
0x024D	0x3080      	MOVLW      128
0x024E	0x3A07      	XORLW      7
0x024F	0x0270      	SUBWF      R0, 0
0x0250	0x1D03      	BTFSS      STATUS, 2
0x0251	0x2A54      	GOTO       L__Task28
0x0252	0x30D0      	MOVLW      208
0x0253	0x0253      	SUBWF      _counter, 0
L__Task28:
0x0254	0x1803      	BTFSC      STATUS, 0
0x0255	0x2AA3      	GOTO       L_Task3
;MyProject.c,72 :: 		gyro = raw;
0x0256	0x0833      	MOVF       _raw, 0
0x0257	0x00D1      	MOVWF      _gyro
0x0258	0x0834      	MOVF       _raw+1, 0
0x0259	0x00D2      	MOVWF      _gyro+1
;MyProject.c,73 :: 		refValue += (gyro>refValue?
0x025A	0x3080      	MOVLW      128
0x025B	0x063C      	XORWF      _refValue+1, 0
0x025C	0x00F0      	MOVWF      R0
0x025D	0x3080      	MOVLW      128
0x025E	0x0634      	XORWF      _raw+1, 0
0x025F	0x0270      	SUBWF      R0, 0
0x0260	0x1D03      	BTFSS      STATUS, 2
0x0261	0x2A64      	GOTO       L__Task29
0x0262	0x0833      	MOVF       _raw, 0
0x0263	0x023B      	SUBWF      _refValue, 0
L__Task29:
0x0264	0x1803      	BTFSC      STATUS, 0
0x0265	0x2A7C      	GOTO       L_Task4
;MyProject.c,74 :: 		(gyro-refValue)/2:
0x0266	0x083B      	MOVF       _refValue, 0
0x0267	0x0251      	SUBWF      _gyro, 0
0x0268	0x00F3      	MOVWF      R3
0x0269	0x083C      	MOVF       _refValue+1, 0
0x026A	0x1C03      	BTFSS      STATUS, 0
0x026B	0x3E01      	ADDLW      1
0x026C	0x0252      	SUBWF      _gyro+1, 0
0x026D	0x00F4      	MOVWF      R3+1
0x026E	0x0873      	MOVF       R3, 0
0x026F	0x00F0      	MOVWF      R0
0x0270	0x0874      	MOVF       R3+1, 0
0x0271	0x00F1      	MOVWF      R0+1
0x0272	0x0CF1      	RRF        R0+1, 1
0x0273	0x0CF0      	RRF        R0, 1
0x0274	0x13F1      	BCF        R0+1, 7
0x0275	0x1B71      	BTFSC      R0+1, 6
0x0276	0x17F1      	BSF        R0+1, 7
0x0277	0x0870      	MOVF       R0, 0
0x0278	0x00F5      	MOVWF      R5
0x0279	0x0871      	MOVF       R0+1, 0
0x027A	0x00F6      	MOVWF      R5+1
0x027B	0x2A99      	GOTO       L_Task5
L_Task4:
;MyProject.c,75 :: 		-((refValue-gyro)/2));
0x027C	0x0851      	MOVF       _gyro, 0
0x027D	0x023B      	SUBWF      _refValue, 0
0x027E	0x00F3      	MOVWF      R3
0x027F	0x0852      	MOVF       _gyro+1, 0
0x0280	0x1C03      	BTFSS      STATUS, 0
0x0281	0x3E01      	ADDLW      1
0x0282	0x023C      	SUBWF      _refValue+1, 0
0x0283	0x00F4      	MOVWF      R3+1
0x0284	0x0873      	MOVF       R3, 0
0x0285	0x00F0      	MOVWF      R0
0x0286	0x0874      	MOVF       R3+1, 0
0x0287	0x00F1      	MOVWF      R0+1
0x0288	0x0CF1      	RRF        R0+1, 1
0x0289	0x0CF0      	RRF        R0, 1
0x028A	0x13F1      	BCF        R0+1, 7
0x028B	0x1B71      	BTFSC      R0+1, 6
0x028C	0x17F1      	BSF        R0+1, 7
0x028D	0x0870      	MOVF       R0, 0
0x028E	0x3C00      	SUBLW      0
0x028F	0x00F0      	MOVWF      R0
0x0290	0x0871      	MOVF       R0+1, 0
0x0291	0x1C03      	BTFSS      STATUS, 0
0x0292	0x3E01      	ADDLW      1
0x0293	0x01F1      	CLRF       R0+1
0x0294	0x02F1      	SUBWF      R0+1, 1
0x0295	0x0870      	MOVF       R0, 0
0x0296	0x00F5      	MOVWF      R5
0x0297	0x0871      	MOVF       R0+1, 0
0x0298	0x00F6      	MOVWF      R5+1
L_Task5:
0x0299	0x0875      	MOVF       R5, 0
0x029A	0x07BB      	ADDWF      _refValue, 1
0x029B	0x0876      	MOVF       R5+1, 0
0x029C	0x1803      	BTFSC      STATUS, 0
0x029D	0x3E01      	ADDLW      1
0x029E	0x07BC      	ADDWF      _refValue+1, 1
;MyProject.c,76 :: 		counter++;
0x029F	0x0AD3      	INCF       _counter, 1
0x02A0	0x1903      	BTFSC      STATUS, 2
0x02A1	0x0AD4      	INCF       _counter+1, 1
;MyProject.c,77 :: 		} else {
0x02A2	0x2B86      	GOTO       L_Task6
L_Task3:
;MyProject.c,78 :: 		gyro += (raw>gyro?
0x02A3	0x3080      	MOVLW      128
0x02A4	0x0652      	XORWF      _gyro+1, 0
0x02A5	0x00F0      	MOVWF      R0
0x02A6	0x3080      	MOVLW      128
0x02A7	0x0634      	XORWF      _raw+1, 0
0x02A8	0x0270      	SUBWF      R0, 0
0x02A9	0x1D03      	BTFSS      STATUS, 2
0x02AA	0x2AAD      	GOTO       L__Task30
0x02AB	0x0833      	MOVF       _raw, 0
0x02AC	0x0251      	SUBWF      _gyro, 0
L__Task30:
0x02AD	0x1803      	BTFSC      STATUS, 0
0x02AE	0x2ACC      	GOTO       L_Task7
;MyProject.c,79 :: 		(raw-gyro)/8:
0x02AF	0x0851      	MOVF       _gyro, 0
0x02B0	0x0233      	SUBWF      _raw, 0
0x02B1	0x00F3      	MOVWF      R3
0x02B2	0x0852      	MOVF       _gyro+1, 0
0x02B3	0x1C03      	BTFSS      STATUS, 0
0x02B4	0x3E01      	ADDLW      1
0x02B5	0x0234      	SUBWF      _raw+1, 0
0x02B6	0x00F4      	MOVWF      R3+1
0x02B7	0x3003      	MOVLW      3
0x02B8	0x00F2      	MOVWF      R2
0x02B9	0x0873      	MOVF       R3, 0
0x02BA	0x00F0      	MOVWF      R0
0x02BB	0x0874      	MOVF       R3+1, 0
0x02BC	0x00F1      	MOVWF      R0+1
0x02BD	0x0872      	MOVF       R2, 0
L__Task31:
0x02BE	0x1903      	BTFSC      STATUS, 2
0x02BF	0x2AC7      	GOTO       L__Task32
0x02C0	0x0CF1      	RRF        R0+1, 1
0x02C1	0x0CF0      	RRF        R0, 1
0x02C2	0x13F1      	BCF        R0+1, 7
0x02C3	0x1B71      	BTFSC      R0+1, 6
0x02C4	0x17F1      	BSF        R0+1, 7
0x02C5	0x3EFF      	ADDLW      255
0x02C6	0x2ABE      	GOTO       L__Task31
L__Task32:
0x02C7	0x0870      	MOVF       R0, 0
0x02C8	0x00F5      	MOVWF      R5
0x02C9	0x0871      	MOVF       R0+1, 0
0x02CA	0x00F6      	MOVWF      R5+1
0x02CB	0x2AF0      	GOTO       L_Task8
L_Task7:
;MyProject.c,80 :: 		-((gyro-raw)/8));
0x02CC	0x0833      	MOVF       _raw, 0
0x02CD	0x0251      	SUBWF      _gyro, 0
0x02CE	0x00F3      	MOVWF      R3
0x02CF	0x0834      	MOVF       _raw+1, 0
0x02D0	0x1C03      	BTFSS      STATUS, 0
0x02D1	0x3E01      	ADDLW      1
0x02D2	0x0252      	SUBWF      _gyro+1, 0
0x02D3	0x00F4      	MOVWF      R3+1
0x02D4	0x3003      	MOVLW      3
0x02D5	0x00F2      	MOVWF      R2
0x02D6	0x0873      	MOVF       R3, 0
0x02D7	0x00F0      	MOVWF      R0
0x02D8	0x0874      	MOVF       R3+1, 0
0x02D9	0x00F1      	MOVWF      R0+1
0x02DA	0x0872      	MOVF       R2, 0
L__Task33:
0x02DB	0x1903      	BTFSC      STATUS, 2
0x02DC	0x2AE4      	GOTO       L__Task34
0x02DD	0x0CF1      	RRF        R0+1, 1
0x02DE	0x0CF0      	RRF        R0, 1
0x02DF	0x13F1      	BCF        R0+1, 7
0x02E0	0x1B71      	BTFSC      R0+1, 6
0x02E1	0x17F1      	BSF        R0+1, 7
0x02E2	0x3EFF      	ADDLW      255
0x02E3	0x2ADB      	GOTO       L__Task33
L__Task34:
0x02E4	0x0870      	MOVF       R0, 0
0x02E5	0x3C00      	SUBLW      0
0x02E6	0x00F0      	MOVWF      R0
0x02E7	0x0871      	MOVF       R0+1, 0
0x02E8	0x1C03      	BTFSS      STATUS, 0
0x02E9	0x3E01      	ADDLW      1
0x02EA	0x01F1      	CLRF       R0+1
0x02EB	0x02F1      	SUBWF      R0+1, 1
0x02EC	0x0870      	MOVF       R0, 0
0x02ED	0x00F5      	MOVWF      R5
0x02EE	0x0871      	MOVF       R0+1, 0
0x02EF	0x00F6      	MOVWF      R5+1
L_Task8:
0x02F0	0x0875      	MOVF       R5, 0
0x02F1	0x0751      	ADDWF      _gyro, 0
0x02F2	0x00F1      	MOVWF      R1
0x02F3	0x0852      	MOVF       _gyro+1, 0
0x02F4	0x1803      	BTFSC      STATUS, 0
0x02F5	0x3E01      	ADDLW      1
0x02F6	0x0776      	ADDWF      R5+1, 0
0x02F7	0x00F2      	MOVWF      R1+1
0x02F8	0x0871      	MOVF       R1, 0
0x02F9	0x00D1      	MOVWF      _gyro
0x02FA	0x0872      	MOVF       R1+1, 0
0x02FB	0x00D2      	MOVWF      _gyro+1
;MyProject.c,81 :: 		angle+=(gyro>refValue?
0x02FC	0x3080      	MOVLW      128
0x02FD	0x063C      	XORWF      _refValue+1, 0
0x02FE	0x00F0      	MOVWF      R0
0x02FF	0x3080      	MOVLW      128
0x0300	0x0672      	XORWF      R1+1, 0
0x0301	0x0270      	SUBWF      R0, 0
0x0302	0x1D03      	BTFSS      STATUS, 2
0x0303	0x2B06      	GOTO       L__Task35
0x0304	0x0871      	MOVF       R1, 0
0x0305	0x023B      	SUBWF      _refValue, 0
L__Task35:
0x0306	0x1803      	BTFSC      STATUS, 0
0x0307	0x2B25      	GOTO       L_Task9
;MyProject.c,82 :: 		(gyro-refValue)/32:
0x0308	0x083B      	MOVF       _refValue, 0
0x0309	0x0251      	SUBWF      _gyro, 0
0x030A	0x00F3      	MOVWF      R3
0x030B	0x083C      	MOVF       _refValue+1, 0
0x030C	0x1C03      	BTFSS      STATUS, 0
0x030D	0x3E01      	ADDLW      1
0x030E	0x0252      	SUBWF      _gyro+1, 0
0x030F	0x00F4      	MOVWF      R3+1
0x0310	0x3005      	MOVLW      5
0x0311	0x00F2      	MOVWF      R2
0x0312	0x0873      	MOVF       R3, 0
0x0313	0x00F0      	MOVWF      R0
0x0314	0x0874      	MOVF       R3+1, 0
0x0315	0x00F1      	MOVWF      R0+1
0x0316	0x0872      	MOVF       R2, 0
L__Task36:
0x0317	0x1903      	BTFSC      STATUS, 2
0x0318	0x2B20      	GOTO       L__Task37
0x0319	0x0CF1      	RRF        R0+1, 1
0x031A	0x0CF0      	RRF        R0, 1
0x031B	0x13F1      	BCF        R0+1, 7
0x031C	0x1B71      	BTFSC      R0+1, 6
0x031D	0x17F1      	BSF        R0+1, 7
0x031E	0x3EFF      	ADDLW      255
0x031F	0x2B17      	GOTO       L__Task36
L__Task37:
0x0320	0x0870      	MOVF       R0, 0
0x0321	0x00F5      	MOVWF      R5
0x0322	0x0871      	MOVF       R0+1, 0
0x0323	0x00F6      	MOVWF      R5+1
0x0324	0x2B49      	GOTO       L_Task10
L_Task9:
;MyProject.c,83 :: 		-((refValue-gyro)/32));
0x0325	0x0851      	MOVF       _gyro, 0
0x0326	0x023B      	SUBWF      _refValue, 0
0x0327	0x00F3      	MOVWF      R3
0x0328	0x0852      	MOVF       _gyro+1, 0
0x0329	0x1C03      	BTFSS      STATUS, 0
0x032A	0x3E01      	ADDLW      1
0x032B	0x023C      	SUBWF      _refValue+1, 0
0x032C	0x00F4      	MOVWF      R3+1
0x032D	0x3005      	MOVLW      5
0x032E	0x00F2      	MOVWF      R2
0x032F	0x0873      	MOVF       R3, 0
0x0330	0x00F0      	MOVWF      R0
0x0331	0x0874      	MOVF       R3+1, 0
0x0332	0x00F1      	MOVWF      R0+1
0x0333	0x0872      	MOVF       R2, 0
L__Task38:
0x0334	0x1903      	BTFSC      STATUS, 2
0x0335	0x2B3D      	GOTO       L__Task39
0x0336	0x0CF1      	RRF        R0+1, 1
0x0337	0x0CF0      	RRF        R0, 1
0x0338	0x13F1      	BCF        R0+1, 7
0x0339	0x1B71      	BTFSC      R0+1, 6
0x033A	0x17F1      	BSF        R0+1, 7
0x033B	0x3EFF      	ADDLW      255
0x033C	0x2B34      	GOTO       L__Task38
L__Task39:
0x033D	0x0870      	MOVF       R0, 0
0x033E	0x3C00      	SUBLW      0
0x033F	0x00F0      	MOVWF      R0
0x0340	0x0871      	MOVF       R0+1, 0
0x0341	0x1C03      	BTFSS      STATUS, 0
0x0342	0x3E01      	ADDLW      1
0x0343	0x01F1      	CLRF       R0+1
0x0344	0x02F1      	SUBWF      R0+1, 1
0x0345	0x0870      	MOVF       R0, 0
0x0346	0x00F5      	MOVWF      R5
0x0347	0x0871      	MOVF       R0+1, 0
0x0348	0x00F6      	MOVWF      R5+1
L_Task10:
0x0349	0x0875      	MOVF       R5, 0
0x034A	0x0739      	ADDWF      _angle, 0
0x034B	0x00F0      	MOVWF      R0
0x034C	0x083A      	MOVF       _angle+1, 0
0x034D	0x1803      	BTFSC      STATUS, 0
0x034E	0x3E01      	ADDLW      1
0x034F	0x0776      	ADDWF      R5+1, 0
0x0350	0x00F1      	MOVWF      R0+1
0x0351	0x0870      	MOVF       R0, 0
0x0352	0x00B9      	MOVWF      _angle
0x0353	0x0871      	MOVF       R0+1, 0
0x0354	0x00BA      	MOVWF      _angle+1
;MyProject.c,84 :: 		outangle = 90+(angle/360)*6;
0x0355	0x3068      	MOVLW      104
0x0356	0x00F4      	MOVWF      R4
0x0357	0x3001      	MOVLW      1
0x0358	0x00F5      	MOVWF      R4+1
0x0359	0x2172      	CALL       _Div_16x16_S
0x035A	0x3006      	MOVLW      6
0x035B	0x00F4      	MOVWF      R4
0x035C	0x3000      	MOVLW      0
0x035D	0x00F5      	MOVWF      R4+1
0x035E	0x2215      	CALL       _Mul_16x16_U
0x035F	0x0870      	MOVF       R0, 0
0x0360	0x3E5A      	ADDLW      90
0x0361	0x00F2      	MOVWF      R2
0x0362	0x3000      	MOVLW      0
0x0363	0x1803      	BTFSC      STATUS, 0
0x0364	0x3E01      	ADDLW      1
0x0365	0x0771      	ADDWF      R0+1, 0
0x0366	0x00F3      	MOVWF      R2+1
0x0367	0x0872      	MOVF       R2, 0
0x0368	0x00B5      	MOVWF      _outangle
0x0369	0x0873      	MOVF       R2+1, 0
0x036A	0x00B6      	MOVWF      _outangle+1
;MyProject.c,85 :: 		if(outangle <0) outangle = 0;
0x036B	0x3080      	MOVLW      128
0x036C	0x0673      	XORWF      R2+1, 0
0x036D	0x00F0      	MOVWF      R0
0x036E	0x3080      	MOVLW      128
0x036F	0x0270      	SUBWF      R0, 0
0x0370	0x1D03      	BTFSS      STATUS, 2
0x0371	0x2B74      	GOTO       L__Task40
0x0372	0x3000      	MOVLW      0
0x0373	0x0272      	SUBWF      R2, 0
L__Task40:
0x0374	0x1803      	BTFSC      STATUS, 0
0x0375	0x2B78      	GOTO       L_Task11
0x0376	0x01B5      	CLRF       _outangle
0x0377	0x01B6      	CLRF       _outangle+1
L_Task11:
;MyProject.c,86 :: 		if(outangle>180) outangle = 180;
0x0378	0x3080      	MOVLW      128
0x0379	0x00F0      	MOVWF      R0
0x037A	0x3080      	MOVLW      128
0x037B	0x0636      	XORWF      _outangle+1, 0
0x037C	0x0270      	SUBWF      R0, 0
0x037D	0x1D03      	BTFSS      STATUS, 2
0x037E	0x2B81      	GOTO       L__Task41
0x037F	0x0835      	MOVF       _outangle, 0
0x0380	0x3CB4      	SUBLW      180
L__Task41:
0x0381	0x1803      	BTFSC      STATUS, 0
0x0382	0x2B86      	GOTO       L_Task12
0x0383	0x30B4      	MOVLW      180
0x0384	0x00B5      	MOVWF      _outangle
0x0385	0x01B6      	CLRF       _outangle+1
L_Task12:
;MyProject.c,88 :: 		}
L_Task6:
;MyProject.c,89 :: 		}
L_end_Task:
0x0386	0x0008      	RETURN
; end of _Task
_outInt:
;MyProject.c,91 :: 		void outInt(int x) {
;MyProject.c,92 :: 		IntToStr(x, buffer);
0x0387	0x1283      	BCF        STATUS, 5
0x0388	0x1303      	BCF        STATUS, 6
0x0389	0x0857      	MOVF       FARG_outInt_x, 0
0x038A	0x00D9      	MOVWF      FARG_IntToStr_input
0x038B	0x0858      	MOVF       FARG_outInt_x+1, 0
0x038C	0x00DA      	MOVWF      FARG_IntToStr_input+1
0x038D	0x303D      	MOVLW      _buffer
0x038E	0x00DB      	MOVWF      FARG_IntToStr_output
0x038F	0x2108      	CALL       _IntToStr
;MyProject.c,93 :: 		Uart1_Write_Text(buffer);
0x0390	0x303D      	MOVLW      _buffer
0x0391	0x00D9      	MOVWF      FARG_UART1_Write_Text_uart_text
0x0392	0x21DB      	CALL       _UART1_Write_Text
;MyProject.c,94 :: 		Uart1_Write(' ');
0x0393	0x3020      	MOVLW      32
0x0394	0x00E2      	MOVWF      FARG_UART1_Write_data_
0x0395	0x20D3      	CALL       _UART1_Write
;MyProject.c,95 :: 		}
L_end_outInt:
0x0396	0x0008      	RETURN
; end of _outInt
_enable_interrupts:
;MyProject.c,46 :: 		void enable_interrupts() {
;MyProject.c,47 :: 		_T0IE = 1; // Enable timer zero interrupt
0x0397	0x168B      	BSF        INTCON, 5
;MyProject.c,48 :: 		_GIE = 1; // Global Interrupt enable
0x0398	0x178B      	BSF        INTCON, 7
;MyProject.c,49 :: 		}
L_end_enable_interrupts:
0x0399	0x0008      	RETURN
; end of _enable_interrupts
___CC2DW:
;__Lib_System.c,134 :: 		
;__Lib_System.c,137 :: 		
_CC2D_Loop1:
;__Lib_System.c,139 :: 		
0x039A	0x20F1      	CALL       _____DoICP
0x039B	0x118A      	BCF        PCLATH, 3
0x039C	0x120A      	BCF        PCLATH, 4
;__Lib_System.c,141 :: 		
0x039D	0x0080      	MOVWF      INDF
;__Lib_System.c,142 :: 		
0x039E	0x0A84      	INCF       FSR, 1
;__Lib_System.c,143 :: 		
0x039F	0x0AB7      	INCF       ___DoICPAddr, 1
;__Lib_System.c,145 :: 		
0x03A0	0x1903      	BTFSC      STATUS, 2
;__Lib_System.c,146 :: 		
0x03A1	0x0AB8      	INCF       ___DoICPAddr+1, 1
;__Lib_System.c,147 :: 		
0x03A2	0x03F0      	DECF       R0, 1
;__Lib_System.c,149 :: 		
0x03A3	0x1D03      	BTFSS      STATUS, 2
;__Lib_System.c,150 :: 		
0x03A4	0x2B9A      	GOTO       _CC2D_Loop1
;__Lib_System.c,152 :: 		
L_end___CC2DW:
0x03A5	0x0008      	RETURN
; end of ___CC2DW
_init:
;MyProject.c,30 :: 		void init() {
;MyProject.c,31 :: 		OSCCON.B4 = 1;
0x03A6	0x1683      	BSF        STATUS, 5
0x03A7	0x1303      	BCF        STATUS, 6
0x03A8	0x160F      	BSF        OSCCON, 4
;MyProject.c,32 :: 		OSCCON.B5 = 1;
0x03A9	0x168F      	BSF        OSCCON, 5
;MyProject.c,33 :: 		OSCCON.B6 = 1;
0x03AA	0x170F      	BSF        OSCCON, 6
;MyProject.c,34 :: 		TRISA=0xff; TRISB=0xff; TRISC=0xff;
0x03AB	0x30FF      	MOVLW      255
0x03AC	0x0085      	MOVWF      TRISA
0x03AD	0x30FF      	MOVLW      255
0x03AE	0x0086      	MOVWF      TRISB
0x03AF	0x30FF      	MOVLW      255
0x03B0	0x0087      	MOVWF      TRISC
;MyProject.c,35 :: 		ANSEL=ANSELH=0;
0x03B1	0x1283      	BCF        STATUS, 5
0x03B2	0x1703      	BSF        STATUS, 6
0x03B3	0x019F      	CLRF       ANSELH
0x03B4	0x019E      	CLRF       ANSEL
;MyProject.c,36 :: 		ANSEL |= BIT(GYRO);
0x03B5	0x3008      	MOVLW      8
0x03B6	0x009E      	MOVWF      ANSEL
;MyProject.c,37 :: 		uart1_init(19200);
0x03B7	0x3019      	MOVLW      25
0x03B8	0x1683      	BSF        STATUS, 5
0x03B9	0x1303      	BCF        STATUS, 6
0x03BA	0x0099      	MOVWF      SPBRG
0x03BB	0x1518      	BSF        TXSTA, 2
0x03BC	0x20F8      	CALL       _UART1_Init
;MyProject.c,38 :: 		ADC_Init();
0x03BD	0x20DD      	CALL       _ADC_Init
;MyProject.c,39 :: 		OPTION_REG = 0xD3;// Set prescaler and clock source
0x03BE	0x30D3      	MOVLW      211
0x03BF	0x1683      	BSF        STATUS, 5
0x03C0	0x0081      	MOVWF      OPTION_REG
;MyProject.c,40 :: 		counter=0;
0x03C1	0x1283      	BCF        STATUS, 5
0x03C2	0x01D3      	CLRF       _counter
0x03C3	0x01D4      	CLRF       _counter+1
;MyProject.c,41 :: 		gyro = 750;
0x03C4	0x30EE      	MOVLW      238
0x03C5	0x00D1      	MOVWF      _gyro
0x03C6	0x3002      	MOVLW      2
0x03C7	0x00D2      	MOVWF      _gyro+1
;MyProject.c,42 :: 		refValue=0;
0x03C8	0x01BB      	CLRF       _refValue
0x03C9	0x01BC      	CLRF       _refValue+1
;MyProject.c,43 :: 		angle=0;
0x03CA	0x01B9      	CLRF       _angle
0x03CB	0x01BA      	CLRF       _angle+1
;MyProject.c,45 :: 		}
L_end_init:
0x03CC	0x0008      	RETURN
; end of _init
_main:
0x03CD	0x300D      	MOVLW      13
0x03CE	0x1283      	BCF        STATUS, 5
0x03CF	0x1303      	BCF        STATUS, 6
0x03D0	0x00AA      	MOVWF      ?lstr2_MyProject
0x03D1	0x300A      	MOVLW      10
0x03D2	0x00AB      	MOVWF      43
0x03D3	0x01AC      	CLRF       44
0x03D4	0x300D      	MOVLW      13
0x03D5	0x00AD      	MOVWF      ?lstr1_MyProject
0x03D6	0x300A      	MOVLW      10
0x03D7	0x00AE      	MOVWF      46
0x03D8	0x01AF      	CLRF       47
;MyProject.c,103 :: 		void oldmain() {
;MyProject.c,105 :: 		delay_ms(1000);
0x03D9	0x300B      	MOVLW      11
0x03DA	0x00FB      	MOVWF      R11
0x03DB	0x3026      	MOVLW      38
0x03DC	0x00FC      	MOVWF      R12
0x03DD	0x305D      	MOVLW      93
0x03DE	0x00FD      	MOVWF      R13
L_main13:
0x03DF	0x0BFD      	DECFSZ     R13, 1
0x03E0	0x2BDF      	GOTO       L_main13
0x03E1	0x0BFC      	DECFSZ     R12, 1
0x03E2	0x2BDF      	GOTO       L_main13
0x03E3	0x0BFB      	DECFSZ     R11, 1
0x03E4	0x2BDF      	GOTO       L_main13
0x03E5	0x0000      	NOP
0x03E6	0x0000      	NOP
;MyProject.c,106 :: 		init();
0x03E7	0x23A6      	CALL       _init
;MyProject.c,107 :: 		enable_interrupts();
0x03E8	0x2397      	CALL       _enable_interrupts
;MyProject.c,108 :: 		while(1) {
L_main14:
;MyProject.c,109 :: 		delay_ms(100);
0x03E9	0x3002      	MOVLW      2
0x03EA	0x00FB      	MOVWF      R11
0x03EB	0x3004      	MOVLW      4
0x03EC	0x00FC      	MOVWF      R12
0x03ED	0x30BA      	MOVLW      186
0x03EE	0x00FD      	MOVWF      R13
L_main16:
0x03EF	0x0BFD      	DECFSZ     R13, 1
0x03F0	0x2BEF      	GOTO       L_main16
0x03F1	0x0BFC      	DECFSZ     R12, 1
0x03F2	0x2BEF      	GOTO       L_main16
0x03F3	0x0BFB      	DECFSZ     R11, 1
0x03F4	0x2BEF      	GOTO       L_main16
0x03F5	0x0000      	NOP
;MyProject.c,110 :: 		if (counter < 2000) {
0x03F6	0x3080      	MOVLW      128
0x03F7	0x0654      	XORWF      _counter+1, 0
0x03F8	0x00F0      	MOVWF      R0
0x03F9	0x3080      	MOVLW      128
0x03FA	0x3A07      	XORLW      7
0x03FB	0x0270      	SUBWF      R0, 0
0x03FC	0x1D03      	BTFSS      STATUS, 2
0x03FD	0x2C00      	GOTO       L__main45
0x03FE	0x30D0      	MOVLW      208
0x03FF	0x0253      	SUBWF      _counter, 0
L__main45:
0x0400	0x1803      	BTFSC      STATUS, 0
0x0401	0x2C15      	GOTO       L_main17
;MyProject.c,111 :: 		outInt(counter);
0x0402	0x0853      	MOVF       _counter, 0
0x0403	0x00D7      	MOVWF      FARG_outInt_x
0x0404	0x0854      	MOVF       _counter+1, 0
0x0405	0x00D8      	MOVWF      FARG_outInt_x+1
0x0406	0x2387      	CALL       _outInt
;MyProject.c,112 :: 		OUTFLT(gyro);
0x0407	0x0851      	MOVF       _gyro, 0
0x0408	0x00D7      	MOVWF      FARG_outInt_x
0x0409	0x0852      	MOVF       _gyro+1, 0
0x040A	0x00D8      	MOVWF      FARG_outInt_x+1
0x040B	0x2387      	CALL       _outInt
;MyProject.c,113 :: 		OUTFLT(refValue);
0x040C	0x083B      	MOVF       _refValue, 0
0x040D	0x00D7      	MOVWF      FARG_outInt_x
0x040E	0x083C      	MOVF       _refValue+1, 0
0x040F	0x00D8      	MOVWF      FARG_outInt_x+1
0x0410	0x2387      	CALL       _outInt
;MyProject.c,114 :: 		Uart1_Write_Text("\r\n");
0x0411	0x302D      	MOVLW      ?lstr1_MyProject
0x0412	0x00D9      	MOVWF      FARG_UART1_Write_Text_uart_text
0x0413	0x21DB      	CALL       _UART1_Write_Text
;MyProject.c,115 :: 		} else {
0x0414	0x2C2C      	GOTO       L_main18
L_main17:
;MyProject.c,116 :: 		OUTFLT(gyro);OUTFLT(refValue);OUTFLT(angle);OUTFLT(outangle);
0x0415	0x0851      	MOVF       _gyro, 0
0x0416	0x00D7      	MOVWF      FARG_outInt_x
0x0417	0x0852      	MOVF       _gyro+1, 0
0x0418	0x00D8      	MOVWF      FARG_outInt_x+1
0x0419	0x2387      	CALL       _outInt
0x041A	0x083B      	MOVF       _refValue, 0
0x041B	0x00D7      	MOVWF      FARG_outInt_x
0x041C	0x083C      	MOVF       _refValue+1, 0
0x041D	0x00D8      	MOVWF      FARG_outInt_x+1
0x041E	0x2387      	CALL       _outInt
0x041F	0x0839      	MOVF       _angle, 0
0x0420	0x00D7      	MOVWF      FARG_outInt_x
0x0421	0x083A      	MOVF       _angle+1, 0
0x0422	0x00D8      	MOVWF      FARG_outInt_x+1
0x0423	0x2387      	CALL       _outInt
0x0424	0x0835      	MOVF       _outangle, 0
0x0425	0x00D7      	MOVWF      FARG_outInt_x
0x0426	0x0836      	MOVF       _outangle+1, 0
0x0427	0x00D8      	MOVWF      FARG_outInt_x+1
0x0428	0x2387      	CALL       _outInt
;MyProject.c,117 :: 		Uart1_Write_Text("\r\n");
0x0429	0x302A      	MOVLW      ?lstr2_MyProject
0x042A	0x00D9      	MOVWF      FARG_UART1_Write_Text_uart_text
0x042B	0x21DB      	CALL       _UART1_Write_Text
;MyProject.c,118 :: 		}
L_main18:
;MyProject.c,120 :: 		}
0x042C	0x2BE9      	GOTO       L_main14
;MyProject.c,121 :: 		}
L_end_main:
0x042D	0x2C2D      	GOTO       $+0
; end of _main
Symbol List:
//** Routines locations **
//ADDRESS    SIZE    PROCEDURE
//----------------------------------------------
0x0004      [62]    _interrupt
0x0042      [29]    _Div_16x16_U
0x005F       [8]    _Delay_22us
0x0067      [44]    _Div_16x16_S_L
0x0093      [64]    _WordToStr
0x00D3      [10]    _UART1_Write
0x00DD      [20]    _ADC_Init
0x00F1       [7]    _____DoICP
0x00F8      [16]    _UART1_Init
0x0108     [106]    _IntToStr
0x0172     [105]    _Div_16x16_S
0x01DB      [22]    _UART1_Write_Text
0x01F1      [36]    _ADC_Read
0x0215      [43]    _Mul_16x16_U
0x0240     [327]    _Task
0x0387      [16]    _outInt
0x0397       [3]    _enable_interrupts
0x039A      [12]    ___CC2DW
0x03A6      [39]    _init
0x03CD      [97]    _main
//** Variables locations ** 
//ADDRESS    SIZE    VARIABLE
//----------------------------------------------
0x0000       [1]    INDF
0x0001       [1]    TMR0
0x0002       [1]    PCL
0x0003       [1]    STATUS
0x0004       [1]    FSR
0x000A       [1]    PCLATH
0x000B       [1]    INTCON
0x000C       [1]    PIR1
0x0018       [1]    RCSTA
0x0019       [1]    TXREG
0x001A       [1]    RCREG
0x001E       [1]    ADRESH
0x001F       [1]    ADCON0
0x002A       [3]    ?lstr2_MyProject
0x002D       [3]    ?lstr1_MyProject
0x0030       [3]    _ADC_Get_Sample_Ptr
0x0033       [2]    _raw
0x0035       [2]    _outangle
0x0037       [2]    ___DoICPAddr
0x0039       [2]    _angle
0x003B       [2]    _refValue
0x003D      [20]    _buffer
0x0051       [2]    _gyro
0x0053       [2]    _counter
0x0055       [1]    ___savePCLATH
0x0056       [1]    ___saveSTATUS
0x0057       [2]    FARG_outInt_x
0x0059       [2]    FARG_IntToStr_input
0x0059       [1]    FARG_UART1_Write_Text_uart_text
0x005A       [1]    UART1_Write_Text_data__L0
0x005B       [1]    FARG_IntToStr_output
0x005B       [1]    UART1_Write_Text_counter_L0
0x005C       [2]    IntToStr_i_L0
0x005E       [2]    IntToStr_negative_L0
0x0060       [2]    IntToStr_inword_L0
0x0062       [1]    FARG_UART1_Write_data_
0x0062       [2]    FARG_WordToStr_input
0x0064       [1]    FARG_WordToStr_output
0x0065       [1]    WordToStr_len_L0
0x0066       [1]    FLOC__WordToStr
0x0067       [1]    FARG_ADC_Read_channel
0x0070       [1]    R0
0x0071       [1]    R1
0x0072       [1]    R2
0x0073       [1]    R3
0x0074       [1]    R4
0x0075       [1]    R5
0x0076       [1]    R6
0x0077       [1]    R7
0x0078       [1]    R8
0x0079       [1]    R9
0x007A       [1]    R10
0x007B       [1]    R11
0x007C       [1]    R12
0x007D       [1]    R13
0x007E       [1]    R14
0x007F       [1]    R15
0x0081       [1]    OPTION_REG
0x0085       [1]    TRISA
0x0086       [1]    TRISB
0x0086       [0]    TRISB7_bit
0x0086       [0]    TRISB5_bit
0x0087       [1]    TRISC
0x008F       [1]    OSCCON
0x0098       [1]    TXSTA
0x0099       [1]    SPBRG
0x009A       [1]    SPBRGH
0x009E       [1]    ADRESL
0x009F       [1]    ADCON1
0x011E       [1]    ANSEL
0x011F       [1]    ANSELH
//** Label List: ** 
//----------------------------------------------
  L_interrupt0
  L_interrupt1
  L_interrupt2
  L_Task3
  L_Task4
  L_Task5
  L_Task6
  L_Task7
  L_Task8
  L_Task9
  L_Task10
  L_Task11
  L_Task12
  L_main13
  L_main14
  L_main15
  L_main16
  L_main17
  L_main18
  L_newmain19
  L_newmain20
  L_newmain21
  L__interrupt22
  L_end_init
  _init
  L_end_enable_interrupts
  _enable_interrupts
  L_end_interrupt
  _interrupt
  L__interrupt26
  L_end_Task
  _Task
  L__Task28
  L__Task29
  L__Task30
  L__Task31
  L__Task32
  L__Task33
  L__Task34
  L__Task35
  L__Task36
  L__Task37
  L__Task38
  L__Task39
  L__Task40
  L__Task41
  L_end_outInt
  _outInt
  L_end_outFloat
  _outFloat
  L_end_main
  _main
  L__main45
  L_end_newmain
  _newmain
  L_ADC_Get_Sample0
  L_ADC_Get_Sample1
  L_ADC_Read2
  L_ADC_Read3
  L_end_ADC_Init
  _ADC_Init
  L_end_ADC_Get_Sample
  _ADC_Get_Sample
  L_end_ADC_Read
  _ADC_Read
  L_ByteToStr0
  L_ByteToStr1
  L_ByteToStr2
  L_ByteToStr3
  L_ByteToStr4
  L_ByteToStr5
  L_WordToStr6
  L_WordToStr7
  L_WordToStr8
  L_WordToStr9
  L_WordToStr10
  L_WordToStr11
  L_WordToStrWithZeros12
  L_WordToStrWithZeros13
  L_WordToStrWithZeros14
  L_WordToStrWithZeros15
  L_WordToStrWithZeros16
  L_ShortToStr17
  L_ShortToStr18
  L_ShortToStr19
  L_ShortToStr20
  L_ShortToStr21
  L_ShortToStr22
  L_IntToStr23
  L_IntToStr24
  L_IntToStr25
  L_IntToStr26
  L_IntToStr27
  L_IntToStr28
  L_IntToStrWithZeros29
  L_IntToStrWithZeros30
  L_IntToStrWithZeros31
  L_IntToStrWithZeros32
  L_IntToStrWithZeros33
  L_IntToStrWithZeros34
  L_IntToStrWithZeros35
  L_IntToStrWithZeros36
  L_IntToStrWithZeros37
  L_LongWordToStr38
  L_LongWordToStr39
  L_LongWordToStr40
  L_LongWordToStr41
  L_LongWordToStr42
  L_LongWordToStr43
  L_LongWordToStrWithZeros44
  L_LongWordToStrWithZeros45
  L_LongWordToStrWithZeros46
  L_LongWordToStrWithZeros47
  L_LongWordToStrWithZeros48
  L_LongToStr49
  L_LongToStr50
  L_LongToStr51
  L_LongToStr52
  L_LongToStr53
  L_LongToStr54
  L_LongIntToStrWithZeros55
  L_LongIntToStrWithZeros56
  L_LongIntToStrWithZeros57
  L_LongIntToStrWithZeros58
  L_LongIntToStrWithZeros59
  L_LongIntToStrWithZeros60
  L_LongIntToStrWithZeros61
  L_LongIntToStrWithZeros62
  L_LongIntToStrWithZeros63
  L_Dec2Bcd64
  L_Dec2Bcd65
  L_Rtrim66
  L_Rtrim67
  L_Rtrim68
  L_Rtrim69
  L_Ltrim70
  L_Ltrim71
  L_Ltrim72
  L_Ltrim73
  L_Ltrim74
  L_Ltrim75
  L_FloatToStr76
  L_FloatToStr77
  L_FloatToStr78
  L_FloatToStr79
  L_FloatToStr80
  L_FloatToStr81
  L_FloatToStr82
  L_FloatToStr83
  L_FloatToStr84
  L_FloatToStr85
  L_FloatToStr86
  L_FloatToStr87
  L_FloatToStr88
  L_FloatToStr89
  L_FloatToStr90
  L_FloatToStr91
  L_FloatToStr92
  L_FloatToStr93
  L_FloatToStr94
  L_FloatToStr95
  L_FloatToStr96
  L_FloatToStr97
  L__Rtrim98
  L__Ltrim99
  L__FloatToStr100
  L_end_ByteToHex
  _ByteToHex
  L_end_ShortToHex
  _ShortToHex
  L_end_WordToHex
  _WordToHex
  L_end_IntToHex
  _IntToHex
  L_end_LongWordToHex
  _LongWordToHex
  L_end_LongIntToHex
  _LongIntToHex
  L_end_ByteToStr
  _ByteToStr
  L_end_WordToStr
  _WordToStr
  L__WordToStr109
  L_end_WordToStrWithZeros
  _WordToStrWithZeros
  L__WordToStrWithZeros111
  L_end_ShortToStr
  _ShortToStr
  L__ShortToStr113
  L_end_IntToStr
  _IntToStr
  L__IntToStr115
  L__IntToStr116
  L_end_IntToStrWithZeros
  _IntToStrWithZeros
  L__IntToStrWithZeros118
  L__IntToStrWithZeros119
  L__IntToStrWithZeros120
  L_end_LongWordToStr
  _LongWordToStr
  L__LongWordToStr122
  L__LongWordToStr123
  L_end_LongWordToStrWithZeros
  _LongWordToStrWithZeros
  L__LongWordToStrWithZeros125
  L_end_LongToStr
  _LongToStr
  L__LongToStr127
  L__LongToStr128
  L_end_LongIntToStrWithZeros
  _LongIntToStrWithZeros
  L__LongIntToStrWithZeros130
  L__LongIntToStrWithZeros131
  L__LongIntToStrWithZeros132
  L_end_Dec2Bcd
  _Dec2Bcd
  L_end_Bcd2Dec
  _Bcd2Dec
  L_end_Bcd2Dec16
  _Bcd2Dec16
  L__Bcd2Dec16136
  L__Bcd2Dec16137
  L_end_Dec2Bcd16
  _Dec2Bcd16
  L__Dec2Bcd16139
  L__Dec2Bcd16140
  L_end_Rtrim
  _Rtrim
  L_end_Ltrim
  _Ltrim
  L_end_FloatToStr
  _FloatToStr
  L__FloatToStr144
  L__FloatToStr145
  L__FloatToStr146
  L__FloatToStr147
  L__FloatToStr148
  L_Div_16x16_S0
  L_Div_16x16_S1
  LOOPS3232A
  SADD22LA
  SOK22LA
  SADD22L8
  SOK22L8
  LOOPS3232B
  SADD22LB
  SOK22LB
  SADD22L16
  SOK22L16
  LOOPS3232C
  SADD22LC
  SOK22LC
  SADD22L24
  SOK22L24
  LOOPS3232D
  SADD22LD
  SOK22LD
  SOK22L
  L_Div_32x32_S6
  L_Div_32x32_S7
  L_Div_32x32_S8
  L_Div_32x32_S9
  FXD3232S
  END_ALL
  CA3232S
  C3232SX
  C3232SX1
  C3232S
  C3232S2
  C3232SX4
  C3232SOK
  C3232SX3
  C3232SX2
  avoid_comfrem
  LOOPU3232A
  UADD22LA
  UOK22LA
  UADD22L8
  UOK22L8
  LOOPU3232B
  UADD22LB
  UOK22LB
  UADD22L16
  UOK22L16
  LOOPU3232C
  UADD22LC
  UOK22LC
  UADD22L24
  UOK22L24
  LOOPU3232D
  UADD22LD
  UOK22LD
  UOK22L
  _NEXT
  _EXIT2
  _LOOP
  _EXIT1
  _IF_FIRST
  _IF_SECOND
  _INVERCE_FIRST
  _MULT
  _INBERSE_SECOND
  _EXIT
  L_end_Mul_8x8_U
  _Mul_8x8_U
  L_end_Mul_16x16_U
  _Mul_16x16_U
  L_end_Div_8x8_U
  _Div_8x8_U
  L_end_Div_16x16_U
  _Div_16x16_U
  L_end_Mul_8x8_S
  _Mul_8x8_S
  L_end_Mul_16x16_S
  _Mul_16x16_S
  L_end_Div_16x16_S_L
  _Div_16x16_S_L
  L_end_Div_16x16_S
  _Div_16x16_S
  L_end_Div_8x8_S
  _Div_8x8_S
  L_end_SDIV3232L
  _SDIV3232L
  L_end_COMFREM
  _COMFREM
  L_end_Div_32x32_S
  _Div_32x32_S
  L_end_Div_32x32_U
  _Div_32x32_U
  L_end_Mul_32x32_U
  _Mul_32x32_U
  L_end_Mul_32x32_S
  _Mul_32x32_S
  L_loopCA2AWs
  L_CA2AWend
  _CCA2AW_Loop1
  L_loopCS2Ss
  L_CS2Send
  _CCS2S_Loop1
  L_CCS2Send
  L_loopFZinSWs
  L_FZinSend
  _CC2D_Loop1
  L_end_____DoICP
  _____DoICP
  L_end_____DoIFC
  _____DoIFC
  L_end___CA2AW
  ___CA2AW
  L_end___CCA2AW
  ___CCA2AW
  L_end___CS2S
  ___CS2S
  L_end___CCS2S
  ___CCS2S
  L_end___FZinS
  ___FZinS
  L_end___CC2DW
  ___CC2DW
  L_end_Swap
  _Swap
  L_UART1_Init0
  L_UART1_Init1
  L_UART1_Read2
  L_UART1_Write3
  L_UART1_Write4
  L_UART1_Write_Text5
  L_UART1_Write_Text6
  L_UART1_Read_Text7
  L_UART1_Read_Text8
  L_UART1_Read_Text9
  L_UART1_Read_Text10
  L_UART1_Read_Text11
  L_UART1_Read_Text12
  L_UART1_Read_Text13
  L_UART1_Read_Text14
  L_UART1_Read_Text15
  L_end_UART1_Init
  _UART1_Init
  L_end_UART1_Data_Ready
  _UART1_Data_Ready
  L_end_UART1_Read
  _UART1_Read
  L_end_UART1_Tx_Idle
  _UART1_Tx_Idle
  L_end_UART1_Write
  _UART1_Write
  L_end_UART1_Write_Text
  _UART1_Write_Text
  L_end_UART1_Read_Text
  _UART1_Read_Text
  L_interrupt0
  L_interrupt1
  L_interrupt2
  L_Task3
  L_Task4
  L_Task5
  L_Task6
  L_Task7
  L_Task8
  L_Task9
  L_Task10
  L_Task11
  L_Task12
  L_main13
  L_main14
  L_main15
  L_main16
  L_main17
  L_main18
  L_newmain19
  L_newmain20
  L_newmain21
  L__interrupt22
  L_end_init
  _init
  L_end_enable_interrupts
  _enable_interrupts
  L_end_interrupt
  _interrupt
  L__interrupt26
  L_end_Task
  _Task
  L__Task28
  L__Task29
  L__Task30
  L__Task31
  L__Task32
  L__Task33
  L__Task34
  L__Task35
  L__Task36
  L__Task37
  L__Task38
  L__Task39
  L__Task40
  L__Task41
  L_end_outInt
  _outInt
  L_end_outFloat
  _outFloat
  L_end_main
  _main
  L__main45
  L_end_newmain
  _newmain
  L_ADC_Get_Sample0
  L_ADC_Get_Sample1
  L_ADC_Read2
  L_ADC_Read3
  L_end_ADC_Init
  _ADC_Init
  L_end_ADC_Get_Sample
  _ADC_Get_Sample
  L_end_ADC_Read
  _ADC_Read
  L_Delay_10us0
  L_Delay_22us1
  L_Delay_50us2
  L_Delay_80us3
  L_Delay_500us4
  L_Delay_5500us5
  L_Delay_1ms6
  L_Delay_5ms7
  L_Delay_8ms8
  L_Delay_10ms9
  L_Delay_100ms10
  L_Delay_1sec11
  L_boot16_Delay_5ms12
  L_Delay_Cyc13
  L_Delay_Cyc14
  L_VDelay_ms15
  L_VDelay_ms16
  L_VDelay_ms17
  L_VDelay_Advanced_ms18
  L_VDelay_Advanced_ms19
  L_VDelay_Advanced_ms20
  L_end_Get_Fosc_kHz
  _Get_Fosc_kHz
  L_end_Delay_1us
  _Delay_1us
  L_end_Delay_10us
  _Delay_10us
  L_end_Delay_22us
  _Delay_22us
  L_end_Delay_50us
  _Delay_50us
  L_end_Delay_80us
  _Delay_80us
  L_end_Delay_500us
  _Delay_500us
  L_end_Delay_5500us
  _Delay_5500us
  L_end_Delay_1ms
  _Delay_1ms
  L_end_Delay_5ms
  _Delay_5ms
  L_end_Delay_8ms
  _Delay_8ms
  L_end_Delay_10ms
  _Delay_10ms
  L_end_Delay_100ms
  _Delay_100ms
  L_end_Delay_1sec
  _Delay_1sec
  L_end_boot16_Delay_5ms
  _boot16_Delay_5ms
  L_end_Delay_Cyc
  _Delay_Cyc
  L_end_VDelay_ms
  _VDelay_ms
  L__VDelay_ms38
  L__VDelay_ms39
  L__VDelay_ms40
  L_end_VDelay_Advanced_ms
  _VDelay_Advanced_ms
  L__VDelay_Advanced_ms42
  L__VDelay_Advanced_ms43
  L__VDelay_Advanced_ms44
  L_Div_16x16_S0
  L_Div_16x16_S1
  LOOPS3232A
  SADD22LA
  SOK22LA
  SADD22L8
  SOK22L8
  LOOPS3232B
  SADD22LB
  SOK22LB
  SADD22L16
  SOK22L16
  LOOPS3232C
  SADD22LC
  SOK22LC
  SADD22L24
  SOK22L24
  LOOPS3232D
  SADD22LD
  SOK22LD
  SOK22L
  L_Div_32x32_S6
  L_Div_32x32_S7
  L_Div_32x32_S8
  L_Div_32x32_S9
  FXD3232S
  END_ALL
  CA3232S
  C3232SX
  C3232SX1
  C3232S
  C3232S2
  C3232SX4
  C3232SOK
  C3232SX3
  C3232SX2
  avoid_comfrem
  LOOPU3232A
  UADD22LA
  UOK22LA
  UADD22L8
  UOK22L8
  LOOPU3232B
  UADD22LB
  UOK22LB
  UADD22L16
  UOK22L16
  LOOPU3232C
  UADD22LC
  UOK22LC
  UADD22L24
  UOK22L24
  LOOPU3232D
  UADD22LD
  UOK22LD
  UOK22L
  _NEXT
  _EXIT2
  _LOOP
  _EXIT1
  _IF_FIRST
  _IF_SECOND
  _INVERCE_FIRST
  _MULT
  _INBERSE_SECOND
  _EXIT
  L_end_Mul_8x8_U
  _Mul_8x8_U
  L_end_Mul_16x16_U
  _Mul_16x16_U
  L_end_Div_8x8_U
  _Div_8x8_U
  L_end_Div_16x16_U
  _Div_16x16_U
  L_end_Mul_8x8_S
  _Mul_8x8_S
  L_end_Mul_16x16_S
  _Mul_16x16_S
  L_end_Div_16x16_S_L
  _Div_16x16_S_L
  L_end_Div_16x16_S
  _Div_16x16_S
  L_end_Div_8x8_S
  _Div_8x8_S
  L_end_SDIV3232L
  _SDIV3232L
  L_end_COMFREM
  _COMFREM
  L_end_Div_32x32_S
  _Div_32x32_S
  L_end_Div_32x32_U
  _Div_32x32_U
  L_end_Mul_32x32_U
  _Mul_32x32_U
  L_end_Mul_32x32_S
  _Mul_32x32_S
